 
                                                                                                                                                                                                                                                                
 
 
변수 요약

        측도 레    빈도
역할      벨       개수

TEXT    NOMINAL      1 
 
                                                                                                                                                                                                                                                                
 
 

The HPTMINE Procedure

      Performance Information

Execution Mode       Single-Machine
Number of Threads    4             


                  Data Access Information
 
Data                          Engine    Role      Path

EMWS1.TEXTPARSING_TRAIN       V9        Input     On Client
EMWS1.TEXTPARSING_TMOUTPOS    V9        Output    On Client
EMWS1.TEXTPARSING_TMOUT       V9        Output    On Client
EMWS1.TEXTPARSING_TERMS       V9        Output    On Client
EMWS1.TEXTPARSING_TMCONFIG    V9        Output    On Client


                 Procedure Task Timing
 
Task                                Seconds      Percent

 Parse documents                      53.91      94.01% 
 Index documents                       2.37       4.13% 
 Output raw parsing results            0.12       0.21% 
 Analyze terms                         0.22       0.39% 
 Obtain term frequency                 0.40       0.70% 
 Filter terms                          0.22       0.38% 
 Generate term-document matrix         0.04       0.06% 
 Output OUTCHILD table                 0.04       0.07% 
 Output OUTTERMS table                 0.02       0.03% 
 Output OUTCONFIG table                0.00       0.01% 
