 
                                                                                                                                                                                                                                                                
 
 
클래스 타겟에 대한 요약 통계량

데이터=DATA

                     출력형식    빈도
 변수      숫자값       값       개수    백분율    레이블

RESPOND       0         0        9233     92.33          
RESPOND       1         1         767      7.67          


데이터=TEST

                     출력형식    빈도
 변수      숫자값       값       개수     백분율    레이블

RESPOND       0         0        2771    92.3359          
RESPOND       1         1         230     7.6641          


데이터=TRAIN

                     출력형식    빈도
 변수      숫자값       값       개수     백분율    레이블

RESPOND       0         0        3692    92.3231          
RESPOND       1         1         307     7.6769          


데이터=VALIDATE

                     출력형식    빈도
 변수      숫자값       값       개수     백분율    레이블

RESPOND       0         0        2770    92.3333          
RESPOND       1         1         230     7.6667          
