MPRINT(EM_DIAGRAM):    data _null_;
MPRINT(EM_DIAGRAM):   call symput('NLDATE', strip(put(date(), NLDATE.)));
MPRINT(EM_DIAGRAM):   call symput('NLTIME', strip(put(datetime(), NLTIME.)));
MPRINT(EM_DIAGRAM):   run;
MPRINT(EM_DIAGRAM):   data _null_;
MPRINT(EM_DIAGRAM):   nldate= sasmsg("sashelp.dmine", "log_date_note", 'N', "2018년 11월 20일" );
MPRINT(EM_DIAGRAM):   nltime= sasmsg("sashelp.dmine", "log_time_note", 'N', "10시00분16초" );
MPRINT(EM_DIAGRAM):   put "*------------------------------------------------------------*";
MPRINT(EM_DIAGRAM):   put "* 분석 로그";
MPRINT(EM_DIAGRAM):   put nldate;
MPRINT(EM_DIAGRAM):   put nltime;
MPRINT(EM_DIAGRAM):   put "*------------------------------------------------------------*";
MPRINT(EM_DIAGRAM):   run;
*------------------------------------------------------------*
* 분석 로그
날짜:                2018년 11월 20일
시간:                10시00분16초
*------------------------------------------------------------*
MPRINT(EM_DIAGRAM):    filename O00K76PH "C:\Users\Administrator\DM_Proj\DataMining2018\Workspaces\EMWS6\Part\EMTRAIN.out" encoding="UTF-8" NOBOM;
MPRINT(EM_DIAGRAM):   proc printto print=O00K76PH new;
MPRINT(EM_DIAGRAM):   run;
MPRINT(EM_DIAGRAM):    filename _LOG "C:\Users\Administrator\DM_Proj\DataMining2018\Workspaces\EMWS6\Part\EMLOG.log" encoding="UTF-8" NOBOM;
MPRINT(EM_DIAGRAM):    data _null_;
MPRINT(EM_DIAGRAM):   call symput('NLDATE', strip(put(date(), NLDATE.)));
MPRINT(EM_DIAGRAM):   call symput('NLTIME', strip(put(datetime(), NLTIME.)));
MPRINT(EM_DIAGRAM):   run;
MPRINT(EM_DIAGRAM):   data _null_;
MPRINT(EM_DIAGRAM):   nldate= sasmsg("sashelp.dmine", "log_date_note", 'N', "2018년 11월 20일" );
MPRINT(EM_DIAGRAM):   nltime= sasmsg("sashelp.dmine", "log_time_note", 'N', "10시00분16초" );
MPRINT(EM_DIAGRAM):   file _LOG;
MPRINT(EM_DIAGRAM):   put "*------------------------------------------------------------*";
MPRINT(EM_DIAGRAM):   put "사용자:                Administrator";
MPRINT(EM_DIAGRAM):   put nldate;
MPRINT(EM_DIAGRAM):   put nltime;
MPRINT(EM_DIAGRAM):   put "사이트:                10503192";
MPRINT(EM_DIAGRAM):   put "플랫폼:            X64_10HOME";
MPRINT(EM_DIAGRAM):   put "관리 릴리스: 9.04.01M4P110916";
MPRINT(EM_DIAGRAM):   put "EM 버전:          14.2";
MPRINT(EM_DIAGRAM):   put "* ";
MPRINT(EM_DIAGRAM):   run;
MPRINT(EM_DIAGRAM):    filename _LOGIN "C:\Users\Administrator\DM_Proj\DataMining2018\Workspaces\EMWS6\Part\EMTRAIN.log" encoding="UTF-8" NOBOM;
MPRINT(EM_COPYFILE):   data _null_;
MPRINT(EM_COPYFILE):   length line $20000;
MPRINT(EM_COPYFILE):   file _LOG MOD lrecl=20000;
MPRINT(EM_COPYFILE):   fid=fopen("_LOGIN",'i',20000,'v');
MPRINT(EM_COPYFILE):   if fid > 0 then do;
MPRINT(EM_COPYFILE):   do while(^fread(fid));
MPRINT(EM_COPYFILE):   rlen = frlen(fid);
MPRINT(EM_COPYFILE):   rc= fget(fid,line,20000);
MPRINT(EM_COPYFILE):   start = length(line)-length(left(line))+1;
MPRINT(EM_COPYFILE):   line=strip(line);
MPRINT(EM_COPYFILE):   put @start line;
MPRINT(EM_COPYFILE):   end;
MPRINT(EM_COPYFILE):   if fid > 0 then rc=fclose(fid);
MPRINT(EM_COPYFILE):   end;
MPRINT(EM_COPYFILE):   run;
MPRINT(EM_DIAGRAM):  ;
MPRINT(EM_DIAGRAM):   filename _LOGIN;
MPRINT(EM_DIAGRAM):    data _null_;
MPRINT(EM_DIAGRAM):   file _LOG mod;
MPRINT(EM_DIAGRAM):   put _page_;
MPRINT(EM_DIAGRAM):   run;
MPRINT(EM_DIAGRAM):   filename _LOGIN "C:\Users\Administrator\DM_Proj\DataMining2018\Workspaces\EMWS6\Part\EMSCORE.log" encoding="UTF-8" NOBOM;
MPRINT(EM_DIAGRAM):  ;
MPRINT(EM_DIAGRAM):   data _null_;
MPRINT(EM_DIAGRAM):   file _LOG mod;
MPRINT(EM_DIAGRAM):   put _page_;
MPRINT(EM_DIAGRAM):   run;
MPRINT(EM_DIAGRAM):    filename _LOGIN "C:\Users\Administrator\DM_Proj\DataMining2018\Workspaces\EMWS6\Part\EMREPORT.log" encoding="UTF-8" NOBOM;
MPRINT(EM_DIAGRAM):  ;
MPRINT(EM_DIAGRAM):   filename _LOGIN;
MPRINT(EM_DIAGRAM):    filename _LOG;
MPRINT(EM_DIAGRAM):    filename _OUT "C:\Users\Administrator\DM_Proj\DataMining2018\Workspaces\EMWS6\Part\EMOUTPUT.out" encoding="UTF-8" NOBOM;
MPRINT(EM_DIAGRAM):    data _null_;
MPRINT(EM_DIAGRAM):   call symput('NLDATE', strip(put(date(), NLDATE.)));
MPRINT(EM_DIAGRAM):   call symput('NLTIME', strip(put(datetime(), NLTIME.)));
MPRINT(EM_DIAGRAM):   run;
MPRINT(EM_DIAGRAM):   data _null_;
MPRINT(EM_DIAGRAM):   nldate= sasmsg("sashelp.dmine", "log_date_note", 'N', "2018년 11월 20일" );
MPRINT(EM_DIAGRAM):   nltime= sasmsg("sashelp.dmine", "log_time_note", 'N', "10시00분16초" );
MPRINT(EM_DIAGRAM):   file _OUT;
MPRINT(EM_DIAGRAM):   put "*------------------------------------------------------------*";
MPRINT(EM_DIAGRAM):   put "사용자:                Administrator";
MPRINT(EM_DIAGRAM):   put nldate;
MPRINT(EM_DIAGRAM):   put nltime;
MPRINT(EM_DIAGRAM):   put "*------------------------------------------------------------*";
MPRINT(EM_DIAGRAM):   put "* 분석 출력";
MPRINT(EM_DIAGRAM):   put "*------------------------------------------------------------*";
MPRINT(EM_DIAGRAM):   run;
MPRINT(EM_DIAGRAM):    filename _OUTIN "C:\Users\Administrator\DM_Proj\DataMining2018\Workspaces\EMWS6\Part\EMTRAIN.out" encoding="UTF-8" NOBOM;
MPRINT(EM_DIAGRAM):   ;
MPRINT(EM_COPYFILE):   data _null_;
MPRINT(EM_COPYFILE):   length line $20000;
MPRINT(EM_COPYFILE):   file _OUT MOD lrecl=20000;
MPRINT(EM_COPYFILE):   fid=fopen("_OUTIN",'i',20000,'v');
MPRINT(EM_COPYFILE):   if fid > 0 then do;
MPRINT(EM_COPYFILE):   do while(^fread(fid));
MPRINT(EM_COPYFILE):   rlen = frlen(fid);
MPRINT(EM_COPYFILE):   rc= fget(fid,line,20000);
MPRINT(EM_COPYFILE):   start = length(line)-length(left(line))+1;
MPRINT(EM_COPYFILE):   line=strip(line);
MPRINT(EM_COPYFILE):   put @start line;
MPRINT(EM_COPYFILE):   end;
MPRINT(EM_COPYFILE):   if fid > 0 then rc=fclose(fid);
MPRINT(EM_COPYFILE):   end;
MPRINT(EM_COPYFILE):   run;
MPRINT(EM_DIAGRAM):  ;
MPRINT(EM_DIAGRAM):   filename _OUTIN;
MPRINT(EM_DIAGRAM):    data _null_;
MPRINT(EM_DIAGRAM):   file _OUT mod;
MPRINT(EM_DIAGRAM):   put _page_;
MPRINT(EM_DIAGRAM):   put // "*------------------------------------------------------------*";
MPRINT(EM_DIAGRAM):   put "* 스코어 출력";
MPRINT(EM_DIAGRAM):   put "*------------------------------------------------------------*";
MPRINT(EM_DIAGRAM):   run;
MPRINT(EM_DIAGRAM):    filename _OUTIN "C:\Users\Administrator\DM_Proj\DataMining2018\Workspaces\EMWS6\Part\EMSCORE.out" encoding="UTF-8" NOBOM;
MPRINT(EM_DIAGRAM):  ;
MPRINT(EM_DIAGRAM):   filename _OUTIN;
MPRINT(EM_DIAGRAM):    data _null_;
MPRINT(EM_DIAGRAM):   file _OUT mod;
MPRINT(EM_DIAGRAM):   put _page_;
MPRINT(EM_DIAGRAM):   put // "*------------------------------------------------------------*";
MPRINT(EM_DIAGRAM):   put "* 리포트 출력";
MPRINT(EM_DIAGRAM):   put "*------------------------------------------------------------*";
MPRINT(EM_DIAGRAM):   run;
MPRINT(EM_DIAGRAM):    filename _OUTIN "C:\Users\Administrator\DM_Proj\DataMining2018\Workspaces\EMWS6\Part\EMREPORT.out" encoding="UTF-8" NOBOM;
MPRINT(EM_DIAGRAM):  ;
MPRINT(EM_DIAGRAM):   filename _OUTIN;
MPRINT(EM_DIAGRAM):    filename _OUT;
MPRINT(EM_DIAGRAM):    filename _emtool_ 'C:\Users\Administrator\DM_Proj\DataMining2018\Workspaces\EMWS6\Part\EMRUNSTATUS.xml' encoding="UTF-8" NOBOM;
MPRINT(EM_DIAGRAM):    filename _emtool_ 'C:\Users\Administrator\DM_Proj\DataMining2018\Workspaces\EMWS6\Part\EMRUNSTATUS.xml' encoding="UTF-8" NOBOM;
28074      proc freq data=EMWS6.Part_VariableSet noprint;
MPRINT(EM_DIAGRAM):    proc freq data=EMWS6.Part_VariableSet noprint;
28075      table ROLE*LEVEL/out=WORK.PartMETA;
MPRINT(EM_DIAGRAM):   table ROLE*LEVEL/out=WORK.PartMETA;
28076      run;
MPRINT(EM_DIAGRAM):   run;

NOTE: 26개의 관측값을 데이터셋 EMWS6.PART_VARIABLESET.에서 읽었습니다.
NOTE: 데이터셋 WORK.PARTMETA은(는) 6개의 관측값과 4개의 변수를 가지고 있습니다.
NOTE: 프로시저 FREQ 실행(총 프로세스 시간):
      실행 시간           0.04 초
      cpu 시간            0.03 초
      

28077      proc print data=WORK.PartMETA label noobs;
MPRINT(EM_DIAGRAM):   proc print data=WORK.PartMETA label noobs;
28078      var ROLE LEVEL COUNT;
MPRINT(EM_DIAGRAM):   var ROLE LEVEL COUNT;
28079      label ROLE = "%sysfunc(sasmsg(sashelp.dmine, meta_role_vlabel, NOQUOTE))" LEVEL = "%sysfunc(sasmsg(sashelp.dmine, meta_level_vlabel, NOQUOTE))" COUNT = "%sysfunc(sasmsg(sashelp.dmine, rpt_count_vlabel, NOQUOTE))";
MPRINT(EM_DIAGRAM):   label ROLE = "역할" LEVEL = "측도 레벨" COUNT = "빈도 개수";
28080      title9 ' ';
MPRINT(EM_DIAGRAM):   title9 ' ';
28081      title10 "%sysfunc(sasmsg(sashelp.dmine, rpt_varSummary_title  , NOQUOTE))";
MPRINT(EM_DIAGRAM):   title10 "변수 요약";
MPRINT(EM_DIAGRAM):   run;
28082      run;

NOTE: 6개의 관측값을 데이터셋 WORK.PARTMETA.에서 읽었습니다.
NOTE: 출력 결과 (프로시저: PRINT, 페이지: 4)
NOTE: 프로시저 PRINT 실행(총 프로세스 시간):
      실행 시간           0.02 초
      cpu 시간            0.03 초
      

28083      title10;
MPRINT(EM_DIAGRAM):   title10;
MPRINT(EM_DIAGRAM):    *------------------------------------------------------------*;
MPRINT(EM_DIAGRAM):   * Part: 분석용 메타데이터 준비;
MPRINT(EM_DIAGRAM):   *------------------------------------------------------------*;
MPRINT(EM_DIAGRAM):   data WORK.M1_HP47E;
MPRINT(EM_DIAGRAM):   set WORK.M1_HP47E;
MPRINT(EM_DIAGRAM):   where(PARTITIONROLE ne '' or ROLE='TARGET');
MPRINT(EM_DIAGRAM):   run;
trainPct=40 validatePct=30 testPct=30 
NOTE: View EMWS6.IDS_DATA.VIEW 실행(총 프로세스 시간):
      실행 시간           0.05 초
      cpu 시간            0.06 초
      
28091      *------------------------------------------------------------*;
MPRINT(EM_DIAGRAM):    *------------------------------------------------------------*;
28092      * Part: Retrieving stratification variable(s) levels;
MPRINT(EM_DIAGRAM):   * Part: Retrieving stratification variable(s) levels;
28093      *------------------------------------------------------------*;
MPRINT(EM_DIAGRAM):   *------------------------------------------------------------*;
28094      proc freq data=EMWS6.Ids_DATA noprint;
MPRINT(EM_DIAGRAM):   proc freq data=EMWS6.Ids_DATA noprint;
28095      format
28096      RESPOND BEST12.0
28097      ;
MPRINT(EM_DIAGRAM):   format RESPOND BEST12.0 ;
28098      table
28099      RESPOND
28100      /out=WORK.Part_FREQ(drop=percent);
MPRINT(EM_DIAGRAM):   table RESPOND /out=WORK.Part_FREQ(drop=percent);
28101      run;
MPRINT(EM_DIAGRAM):   run;

NOTE: View EMWS6.IDS_DATA.VIEW 실행(총 프로세스 시간):
      실행 시간           0.08 초
      cpu 시간            0.09 초
      
NOTE: 10000개의 관측값을 데이터셋 DM_LIB.BUYTEST.에서 읽었습니다.
NOTE: 10000개의 관측값을 데이터셋 EMWS6.IDS_DATA.에서 읽었습니다.
NOTE: 데이터셋 WORK.PART_FREQ은(는) 2개의 관측값과 2개의 변수를 가지고 있습니다.
NOTE: 프로시저 FREQ 실행(총 프로세스 시간):
      실행 시간           0.10 초
      cpu 시간            0.11 초
      

28102      proc sort data=WORK.Part_FREQ;
MPRINT(EM_DIAGRAM):    proc sort data=WORK.Part_FREQ;
28103      by descending count;
MPRINT(EM_DIAGRAM):   by descending count;
28104      run;
MPRINT(EM_DIAGRAM):   run;

NOTE: 2개의 관측값을 데이터셋 WORK.PART_FREQ.에서 읽었습니다.
NOTE: 데이터셋 WORK.PART_FREQ은(는) 2개의 관측값과 2개의 변수를 가지고 있습니다.
NOTE: 프로시저 SORT 실행(총 프로세스 시간):
      실행 시간           0.01 초
      cpu 시간            0.01 초
      

MPRINT(EM_DIAGRAM):   * Part: Retrieving levels that meet minimum requirement;
28105      * Part: Retrieving levels that meet minimum requirement;
28106      data WORK.Part_FREQ2(keep = count);
MPRINT(EM_DIAGRAM):   data WORK.Part_FREQ2(keep = count);
28107      set WORK.Part_FREQ;
MPRINT(EM_DIAGRAM):   set WORK.Part_FREQ;
28108      where (.01 * 40 * count) >= 3;
MPRINT(EM_DIAGRAM):   where (.01 * 40 * count) >= 3;
28109      run;
MPRINT(EM_DIAGRAM):   run;

NOTE: 2개의 관측값을 데이터셋 WORK.PART_FREQ.에서 읽었습니다.
      WHERE (0.4*count)>=3;
NOTE: 데이터셋 WORK.PART_FREQ2은(는) 2개의 관측값과 1개의 변수를 가지고 있습니다.
NOTE: DATA 문장 실행(총 프로세스 시간):
      실행 시간           0.01 초
      cpu 시간            0.01 초
      

28110      *------------------------------------------------------------*;
MPRINT(EM_DIAGRAM):    *------------------------------------------------------------*;
28111      * Part: Create stratified partitioning;
MPRINT(EM_DIAGRAM):   * Part: Create stratified partitioning;
28112      *------------------------------------------------------------*;
MPRINT(EM_DIAGRAM):   *------------------------------------------------------------*;
28113      data
28114      EMWS6.Part_TRAIN(label="")
28115      EMWS6.Part_VALIDATE(label="")
28116      EMWS6.Part_TEST(label="")
28117      ;
MPRINT(EM_DIAGRAM):   data EMWS6.Part_TRAIN(label="") EMWS6.PART_VALIDATE(label="") EMWS6.PART_TEST(label="") ;
28118      retain _seed_ 12345;
MPRINT(EM_DIAGRAM):   retain _seed_ 12345;
28119      drop _seed_ _genvalue_;
MPRINT(EM_DIAGRAM):   drop _seed_ _genvalue_;
28120      call ranuni(_seed_, _genvalue_);
MPRINT(EM_DIAGRAM):   call ranuni(_seed_, _genvalue_);
28121      label _dataobs_ = "%sysfunc(sasmsg(sashelp.dmine, sample_dataobs_vlabel, NOQUOTE))";
MPRINT(EM_DIAGRAM):   label _dataobs_ = "관측치 수";
28122      _dataobs_ = _N_;
MPRINT(EM_DIAGRAM):   _dataobs_ = _N_;
28123      drop _c00:;
MPRINT(EM_DIAGRAM):   drop _c00:;
28124      set EMWS6.Ids_DATA;
MPRINT(EM_DIAGRAM):   set EMWS6.Ids_DATA;
28125      length _Pformat1 $58;
MPRINT(EM_DIAGRAM):   length _Pformat1 $58;
28126      drop _Pformat1;
MPRINT(EM_DIAGRAM):   drop _Pformat1;
28127      _Pformat1 = strip(put(RESPOND, BEST12.0));
MPRINT(EM_DIAGRAM):   _Pformat1 = strip(put(RESPOND, BEST12.0));
28128      if
28129      _Pformat1 = '0'
28130      then do;
MPRINT(EM_DIAGRAM):   if _Pformat1 = '0' then do;
28131      if (9233+1-_C000004)*_genvalue_ <= (3693 - _C000001) then do;
MPRINT(EM_DIAGRAM):   if (9233+1-_C000004)*_genvalue_ <= (3693 - _C000001) then do;
28132      _C000001 + 1;
MPRINT(EM_DIAGRAM):   _C000001 + 1;
28133      output EMWS6.Part_TRAIN;
MPRINT(EM_DIAGRAM):   output EMWS6.Part_TRAIN;
28134      end;
MPRINT(EM_DIAGRAM):   end;
28135      else do;
MPRINT(EM_DIAGRAM):   else do;
28136      if (9233+1-_C000004)*_genvalue_ <= (3693 - _C000001 + 2770 - _C000002) then do;
MPRINT(EM_DIAGRAM):   if (9233+1-_C000004)*_genvalue_ <= (3693 - _C000001 + 2770 - _C000002) then do;
28137      _C000002 + 1;
MPRINT(EM_DIAGRAM):   _C000002 + 1;
28138      output EMWS6.Part_VALIDATE;
MPRINT(EM_DIAGRAM):   output EMWS6.Part_VALIDATE;
28139      end;
MPRINT(EM_DIAGRAM):   end;
28140      else do;
MPRINT(EM_DIAGRAM):   else do;
28141      _C000003 + 1;
MPRINT(EM_DIAGRAM):   _C000003 + 1;
28142      output EMWS6.Part_TEST;
MPRINT(EM_DIAGRAM):   output EMWS6.Part_TEST;
28143      end;
MPRINT(EM_DIAGRAM):   end;
28144      end;
MPRINT(EM_DIAGRAM):   end;
28145      _C000004+1;
MPRINT(EM_DIAGRAM):   _C000004+1;
28146      end;
MPRINT(EM_DIAGRAM):   end;
28147      else if
28148      _Pformat1 = '1'
28149      then do;
MPRINT(EM_DIAGRAM):   else if _Pformat1 = '1' then do;
28150      if (767+1-_C000008)*_genvalue_ <= (307 - _C000005) then do;
MPRINT(EM_DIAGRAM):   if (767+1-_C000008)*_genvalue_ <= (307 - _C000005) then do;
28151      _C000005 + 1;
MPRINT(EM_DIAGRAM):   _C000005 + 1;
28152      output EMWS6.Part_TRAIN;
MPRINT(EM_DIAGRAM):   output EMWS6.Part_TRAIN;
28153      end;
MPRINT(EM_DIAGRAM):   end;
28154      else do;
MPRINT(EM_DIAGRAM):   else do;
28155      if (767+1-_C000008)*_genvalue_ <= (307 - _C000005 + 230 - _C000006) then do;
MPRINT(EM_DIAGRAM):   if (767+1-_C000008)*_genvalue_ <= (307 - _C000005 + 230 - _C000006) then do;
28156      _C000006 + 1;
MPRINT(EM_DIAGRAM):   _C000006 + 1;
28157      output EMWS6.Part_VALIDATE;
MPRINT(EM_DIAGRAM):   output EMWS6.Part_VALIDATE;
28158      end;
MPRINT(EM_DIAGRAM):   end;
28159      else do;
MPRINT(EM_DIAGRAM):   else do;
28160      _C000007 + 1;
MPRINT(EM_DIAGRAM):   _C000007 + 1;
28161      output EMWS6.Part_TEST;
MPRINT(EM_DIAGRAM):   output EMWS6.Part_TEST;
28162      end;
MPRINT(EM_DIAGRAM):   end;
28163      end;
MPRINT(EM_DIAGRAM):   end;
28164      _C000008+1;
MPRINT(EM_DIAGRAM):   _C000008+1;
28165      end;
MPRINT(EM_DIAGRAM):   end;
28166      run;
MPRINT(EM_DIAGRAM):   run;

NOTE: View EMWS6.IDS_DATA.VIEW 실행(총 프로세스 시간):
      실행 시간           0.08 초
      cpu 시간            0.07 초
      
NOTE: 10000개의 관측값을 데이터셋 DM_LIB.BUYTEST.에서 읽었습니다.
NOTE: 10000개의 관측값을 데이터셋 EMWS6.IDS_DATA.에서 읽었습니다.
NOTE: 데이터셋 EMWS6.PART_TRAIN은(는) 3999개의 관측값과 27개의 변수를 가지고 있습니다.
NOTE: 데이터셋 EMWS6.PART_VALIDATE은(는) 3000개의 관측값과 27개의 변수를 가지고 있습니다.
NOTE: 데이터셋 EMWS6.PART_TEST은(는) 3001개의 관측값과 27개의 변수를 가지고 있습니다.
NOTE: DATA 문장 실행(총 프로세스 시간):
      실행 시간           0.13 초
      cpu 시간            0.12 초
      

28167      data _tempNobs;
MPRINT(EM_DIAGRAM):    data _tempNobs;
28168      length Type $8 Table $32 Nobs 8;
MPRINT(EM_DIAGRAM):   length Type $8 Table $32 Nobs 8;
28169      label type= "%sysfunc(sasmsg(sashelp.dmine, meta_type_vlabel,    NOQUOTE))" table = "%sysfunc(sasmsg(sashelp.dmine, meta_dataset_vlabel, NOQUOTE))" nobs = "%sysfunc(sasmsg(sashelp.dmine,  rpt_numObs_vlabel,   NOQUOTE))";
MPRINT(EM_DIAGRAM):   label type= "유형" table = "데이터셋" nobs = "관측치 수";
28170      type='DATA';
MPRINT(EM_DIAGRAM):   type='DATA';
28171      table="EMWS6.Ids_DATA";
MPRINT(EM_DIAGRAM):   table="EMWS6.Ids_DATA";
28172      Nobs=10000;
MPRINT(EM_DIAGRAM):   Nobs=10000;
28173      output;
MPRINT(EM_DIAGRAM):   output;
28174      type='TRAIN';
MPRINT(EM_DIAGRAM):   type='TRAIN';
28175      table="EMWS6.Part_TRAIN";
MPRINT(EM_DIAGRAM):   table="EMWS6.Part_TRAIN";
28176      Nobs=3999;
MPRINT(EM_DIAGRAM):   Nobs=3999;
28177      output;
MPRINT(EM_DIAGRAM):   output;
28178      type='VALIDATE';
MPRINT(EM_DIAGRAM):   type='VALIDATE';
28179      table="EMWS6.Part_VALIDATE";
MPRINT(EM_DIAGRAM):   table="EMWS6.Part_VALIDATE";
28180      Nobs=3000;
MPRINT(EM_DIAGRAM):   Nobs=3000;
28181      output;
MPRINT(EM_DIAGRAM):   output;
28182      type='TEST';
MPRINT(EM_DIAGRAM):   type='TEST';
28183      table="EMWS6.Part_TEST";
MPRINT(EM_DIAGRAM):   table="EMWS6.Part_TEST";
28184      Nobs=3001;
MPRINT(EM_DIAGRAM):   Nobs=3001;
28185      output;
MPRINT(EM_DIAGRAM):   output;
28186      run;
MPRINT(EM_DIAGRAM):   run;

NOTE: 데이터셋 WORK._TEMPNOBS은(는) 4개의 관측값과 3개의 변수를 가지고 있습니다.
NOTE: DATA 문장 실행(총 프로세스 시간):
      실행 시간           0.02 초
      cpu 시간            0.00 초
      

28187      %let _cn = %sysfunc(getoption(CENTER));
28188      %let _nb = %sysfunc(getoption(NUMBER));
28189      options nonumber nocenter;
MPRINT(EM_DIAGRAM):   options nonumber nocenter;
28190      proc print data=_tempNobs noobs label;
MPRINT(EM_DIAGRAM):   proc print data=_tempNobs noobs label;
28191      title9 ' ';
MPRINT(EM_DIAGRAM):   title9 ' ';
28192      title10 "%sysfunc(sasmsg(sashelp.dmine, rpt_partitionSummary_title, NOQUOTE))";
MPRINT(EM_DIAGRAM):   title10 "분할 요약";
MPRINT(EM_DIAGRAM):   run;
28193      run;

NOTE: 4개의 관측값을 데이터셋 WORK._TEMPNOBS.에서 읽었습니다.
NOTE: 출력 결과 (프로시저: PRINT, 페이지: 5)
NOTE: 프로시저 PRINT 실행(총 프로세스 시간):
      실행 시간           0.00 초
      cpu 시간            0.01 초
      

28194      title10;
MPRINT(EM_DIAGRAM):   title10;
28195      options &_cn &_nb;
MPRINT(EM_DIAGRAM):   options NOCENTER NONUMBER;
MPRINT(EM_DIAGRAM):   run;
28196      run;

MPRINT(EM_DIAGRAM):    proc printto;
MPRINT(EM_DIAGRAM):   run;
