MPRINT(EM_DIAGRAM):    data _null_;
MPRINT(EM_DIAGRAM):   call symput('NLDATE', strip(put(date(), NLDATE.)));
MPRINT(EM_DIAGRAM):   call symput('NLTIME', strip(put(datetime(), NLTIME.)));
MPRINT(EM_DIAGRAM):   run;
MPRINT(EM_DIAGRAM):   data _null_;
MPRINT(EM_DIAGRAM):   nldate= sasmsg("sashelp.dmine", "log_date_note", 'N', "2018년 11월 20일" );
MPRINT(EM_DIAGRAM):   nltime= sasmsg("sashelp.dmine", "log_time_note", 'N', "11시23분24초" );
MPRINT(EM_DIAGRAM):   put "*------------------------------------------------------------*";
MPRINT(EM_DIAGRAM):   put "* 스코어 로그";
MPRINT(EM_DIAGRAM):   put nldate;
MPRINT(EM_DIAGRAM):   put nltime;
MPRINT(EM_DIAGRAM):   put "*------------------------------------------------------------*";
MPRINT(EM_DIAGRAM):   run;
*------------------------------------------------------------*
* 스코어 로그
날짜:                2018년 11월 20일
시간:                11시23분24초
*------------------------------------------------------------*
MPRINT(EM_DIAGRAM):    filename O384ZFHG "C:\Users\Administrator\DM_Proj\DataMining2018\Workspaces\EMWS6\Ids5\EMSCORE.out" encoding="UTF-8" NOBOM;
MPRINT(EM_DIAGRAM):   proc printto print=O384ZFHG new;
MPRINT(EM_DIAGRAM):   run;
22733      *------------------------------------------------------------*;
MPRINT(EM_DIAGRAM):    *------------------------------------------------------------*;
22734      * Ids5: Computing metadata for DATA data;
MPRINT(EM_DIAGRAM):   * Ids5: Computing metadata for DATA data;
22735      *------------------------------------------------------------*;
MPRINT(EM_DIAGRAM):   *------------------------------------------------------------*;

NOTE: View EMWS6.IDS5_DATA.VIEW 실행(총 프로세스 시간):
      실행 시간           0.06 초
      cpu 시간            0.06 초
      
22736      data EMWS6.Ids5_EMINFO;
MPRINT(EM_DIAGRAM):    data EMWS6.Ids5_EMINFO;
22737      length TARGET KEY $32 DATA $43;
MPRINT(EM_DIAGRAM):   length TARGET KEY $32 DATA $43;
22738      TARGET="";
MPRINT(EM_DIAGRAM):   TARGET="";
22739      KEY="IDSTABLE";
MPRINT(EM_DIAGRAM):   KEY="IDSTABLE";
22740      DATA="DM_LIB.HMEQ";
MPRINT(EM_DIAGRAM):   DATA="DM_LIB.HMEQ";
22741      output;
MPRINT(EM_DIAGRAM):   output;
22742      TARGET="BAD";
MPRINT(EM_DIAGRAM):   TARGET="BAD";
22743      KEY="DECDATA";
MPRINT(EM_DIAGRAM):   KEY="DECDATA";
22744      DATA="EMWS6.Ids5_BAD_DD";
MPRINT(EM_DIAGRAM):   DATA="EMWS6.Ids5_BAD_DD";
22745      output;
MPRINT(EM_DIAGRAM):   output;
22746      TARGET="BAD";
MPRINT(EM_DIAGRAM):   TARGET="BAD";
22747      KEY="DECMETA";
MPRINT(EM_DIAGRAM):   KEY="DECMETA";
22748      DATA="EMWS6.Ids5_BAD_DM";
MPRINT(EM_DIAGRAM):   DATA="EMWS6.Ids5_BAD_DM";
22749      output;
MPRINT(EM_DIAGRAM):   output;
22750      run;
MPRINT(EM_DIAGRAM):   run;

NOTE: 데이터셋 EMWS6.IDS5_EMINFO은(는) 3개의 관측값과 3개의 변수를 가지고 있습니다.
NOTE: DATA 문장 실행(총 프로세스 시간):
      실행 시간           0.01 초
      cpu 시간            0.01 초
      

NOTE: View EMWS6.IDS5_DATA.VIEW 실행(총 프로세스 시간):
      실행 시간           0.05 초
      cpu 시간            0.04 초
      
22751      data EMWS6.Ids5_CMeta_DATA;
MPRINT(EM_DIAGRAM):    data EMWS6.Ids5_CMeta_DATA;
22752      set EMWS6.Ids5_VariableSet;
MPRINT(EM_DIAGRAM):   set EMWS6.Ids5_VariableSet;
22753      drop DROP;
MPRINT(EM_DIAGRAM):   drop DROP;
22754      where DROP='N';
MPRINT(EM_DIAGRAM):   where DROP='N';
22755      run;
MPRINT(EM_DIAGRAM):   run;

NOTE: 13개의 관측값을 데이터셋 EMWS6.IDS5_VARIABLESET.에서 읽었습니다.
      WHERE DROP='N';
NOTE: 데이터셋 EMWS6.IDS5_CMETA_DATA은(는) 13개의 관측값과 20개의 변수를 가지고 있습니다.
NOTE: DATA 문장 실행(총 프로세스 시간):
      실행 시간           0.01 초
      cpu 시간            0.01 초
      

MPRINT(EM_DIAGRAM):    proc printto;
MPRINT(EM_DIAGRAM):   run;
