*------------------------------------------------------------*
사용자:                Administrator
날짜:                2018년 11월 20일
시간:                10시58분49초
*------------------------------------------------------------*
* 분석 출력
*------------------------------------------------------------*
 
 
 
 
변수 요약
 
          측도 레     빈도
 역할        벨       개수
 
INPUT     BINARY        1
INPUT     INTERVAL     10
INPUT     NOMINAL       1
TARGET    BINARY        1
 
 
 
 
표본추출 요약
 
                             관측치
 유형        데이터셋          수
 
DATA      EMWS6.Ids4_DATA     5960
SAMPLE    EMWS6.Smpl_DATA     2000


*------------------------------------------------------------*
* 스코어 출력
*------------------------------------------------------------*


*------------------------------------------------------------*
* 리포트 출력
*------------------------------------------------------------*
 
 
 
클래스 타겟에 대한 요약 통계량
(최대 500개 관측치가 인쇄됨)
 
데이터=DATA
 
                  출력형식    빈도
변수    숫자값       값       개수     백분율    레이블
 
BAD        0         0        4771    80.0503
BAD        1         1        1189    19.9497
 
 
데이터=SAMPLE
 
                  출력형식    빈도
변수    숫자값       값       개수    백분율    레이블
 
BAD        0         0        1000      50
BAD        1         1        1000      50
