*------------------------------------------------------------*
사용자:                Administrator
날짜:                2018년 11월 20일
시간:                10시18분13초
*------------------------------------------------------------*
* 분석 출력
*------------------------------------------------------------*
 
 
 
 
변수 요약
 
            측도 레     빈도
역할           벨       개수
 
ID          INTERVAL      1
ID          NOMINAL       1
INPUT       BINARY        6
INPUT       INTERVAL      7
INPUT       NOMINAL       3
REJECTED    INTERVAL      8
TARGET      BINARY        1
 
 
 
 
모델 이벤트
 
                      측도     레벨
 타겟      이벤트     레벨      수        순서       레이블
 
RESPOND      1       BINARY      2     Descending
 
 
 
 
예측 및 의사결정 변수
 
유형            변수       레이블
 
TARGET       RESPOND
PREDICTED    P_RESPOND1    Predicted: RESPOND=1
RESIDUAL     R_RESPOND1    Residual: RESPOND=1
PREDICTED    P_RESPOND0    Predicted: RESPOND=0
RESIDUAL     R_RESPOND0    Residual: RESPOND=0
FROM         F_RESPOND     From: RESPOND
INTO         I_RESPOND     Into: RESPOND


*------------------------------------------------------------*
* 스코어 출력
*------------------------------------------------------------*


*------------------------------------------------------------*
* 리포트 출력
*------------------------------------------------------------*
 
 
 
변수 중요도
 
                                  분리
                                  규칙                                            분석 중요도에
변수 이름          레이블         개수             중요도        평가 중요도     따른 평가 비율
 
BUY18                               2              1.0000             0.7137             0.7137
IMP_AGE        Imputed AGE          2              0.9438             1.0000             1.0595
IMP_OWNHOME    Imputed OWNHOME      1              0.6902             0.7042             1.0202
CLIMATE                             1              0.5499             0.6635             1.2066
 
 
 
Tree Leaf 리포트
 
                          분석:
노드             분석:     값=1
 ID     깊이    관측치     비율
 
  2       1      2825      0.06
  7       2      1074      0.09
 12       3        55      0.16
 18       4        17      0.12
 28       6        12      1.00
 25       5        11      0.18
 29       6         5      0.40
 
 
 
 
적합통계량
 
타겟=RESPOND 타겟 레이블=' '
 
적합통계량    통계량 레이블                    분석       평가       검증
 
  _NOBS_      Sum of Frequencies            3999.00    3000.00    3001.00
  _MISC_      Misclassification Rate           0.07       0.07       0.07
  _MAX_       Maximum Absolute Error           0.94       0.94       0.94
  _SSE_       Sum of Squared Errors          542.45     398.87     398.29
  _ASE_       Average Squared Error            0.07       0.07       0.07
  _RASE_      Root Average Squared Error       0.26       0.26       0.26
  _DIV_       Divisor for ASE               7998.00    6000.00    6002.00
  _DFT_       Total Degrees of Freedom      3999.00        .          .
 
 
 
 
분류 테이블
 
데이터 역할=TRAIN 타겟 변수=RESPOND 타겟 레이블=' '
 
                타겟 백    결과 백    빈도    총 백분
타겟    결과      분율       분율     개수       율
 
 0       0       92.601    100.000    3692    92.3231
 1       0        7.399     96.091     295     7.3768
 1       1      100.000      3.909      12     0.3001
 
 
데이터 역할=VALIDATE 타겟 변수=RESPOND 타겟 레이블=' '
 
                타겟 백    결과 백    빈도    총 백분
타겟    결과      분율       분율     개수       율
 
 0       0       92.766    100.000    2770    92.3333
 1       0        7.234     93.913     216     7.2000
 1       1      100.000      6.087      14     0.4667
 
 
 
 
이벤트 분류 테이블
 
데이터 역할=TRAIN 타겟=RESPOND 타겟 레이블=' '
 
  False       True        False       True
Negative    Negative    Positive    Positive
 
   295        3692          0          12
 
 
데이터 역할=VALIDATE 타겟=RESPOND 타겟 레이블=' '
 
  False       True        False       True
Negative    Negative    Positive    Positive
 
   216        2770          0          14
 
 
 
 
평가 스코어 순위
 
데이터 역할=TRAIN 타겟 변수=RESPOND 타겟 레이블=' '
 
                              누적 향                             관측치     평균 사
깊이       이득     향상도      상도      반응률    누적반응률      수       후확률
 
   5    137.707    2.37707    2.37707    18.2486      18.2486       200      0.18249
  10     80.709    1.23711    1.80709     9.4972      13.8729       200      0.09497
  15     61.710    1.23711    1.61710     9.4972      12.4143       200      0.09497
  20     52.210    1.23711    1.52210     9.4972      11.6851       200      0.09497
  25     46.510    1.23711    1.46510     9.4972      11.2475       200      0.09497
  30     41.808    1.18299    1.41808     9.0817      10.8865       200      0.09082
  35     33.275    0.82076    1.33275     6.3009      10.2314       200      0.06301
  40     26.875    0.82076    1.26875     6.3009       9.7401       200      0.06301
  45     21.898    0.82076    1.21898     6.3009       9.3580       200      0.06301
  50     17.915    0.82076    1.17915     6.3009       9.0523       200      0.06301
  55     14.657    0.82076    1.14657     6.3009       8.8021       200      0.06301
  60     11.942    0.82076    1.11942     6.3009       8.5937       200      0.06301
  65      9.645    0.82076    1.09645     6.3009       8.4173       200      0.06301
  70      7.675    0.82076    1.07675     6.3009       8.2662       200      0.06301
  75      5.969    0.82076    1.05969     6.3009       8.1351       200      0.06301
  80      4.475    0.82076    1.04475     6.3009       8.0205       200      0.06301
  85      3.158    0.82076    1.03158     6.3009       7.9193       200      0.06301
  90      1.987    0.82076    1.01987     6.3009       7.8294       200      0.06301
  95      0.939    0.82076    1.00939     6.3009       7.7490       200      0.06301
 100      0.000    0.82076    1.00000     6.3009       7.6769       199      0.06301
 
 
데이터 역할=VALIDATE 타겟 변수=RESPOND 타겟 레이블=' '
 
                              누적 향                             관측치     평균 사
깊이       이득     향상도      상도      반응률    누적반응률      수       후확률
 
   5    162.199    2.62199    2.62199    20.1020      20.1020       150      0.20980
  10     89.412    1.16624    1.89412     8.9412      14.5216       150      0.09497
  15     65.149    1.16624    1.65149     8.9412      12.6614       150      0.09497
  20     53.018    1.16624    1.53018     8.9412      11.7314       150      0.09497
  25     45.739    1.16624    1.45739     8.9412      11.1733       150      0.09497
  30     40.887    1.16624    1.40887     8.9412      10.8013       150      0.09497
  35     33.152    0.86746    1.33152     6.6505      10.2083       150      0.06727
  40     26.777    0.82149    1.26777     6.2981       9.7196       150      0.06301
  45     21.818    0.82149    1.21818     6.2981       9.3394       150      0.06301
  50     17.851    0.82149    1.17851     6.2981       9.0353       150      0.06301
  55     14.606    0.82149    1.14606     6.2981       8.7864       150      0.06301
  60     11.901    0.82149    1.11901     6.2981       8.5791       150      0.06301
  65      9.612    0.82149    1.09612     6.2981       8.4036       150      0.06301
  70      7.651    0.82149    1.07651     6.2981       8.2532       150      0.06301
  75      5.950    0.82149    1.05950     6.2981       8.1229       150      0.06301
  80      4.463    0.82149    1.04463     6.2981       8.0088       150      0.06301
  85      3.150    0.82149    1.03150     6.2981       7.9082       150      0.06301
  90      1.983    0.82149    1.01983     6.2981       7.8187       150      0.06301
  95      0.940    0.82149    1.00940     6.2981       7.7387       150      0.06301
 100      0.000    0.82149    1.00000     6.2981       7.6667       150      0.06301
 
 
 
 
평가 스코어 분포
 
데이터 역할=TRAIN 타겟 변수=RESPOND 타겟 레이블=' '
 
사후확률     이벤트    비이벤트     평균 사
  범위         수         수        후확률      백분율
 
0.95-1.00       12          0       1.00000     0.3001
0.35-0.40        2          3       0.40000     0.1250
0.15-0.20       11         55       0.16667     1.6504
0.10-0.15        2         15       0.11765     0.4251
0.05-0.10      280       3619       0.07181    97.4994
 
 
데이터 역할=VALIDATE 타겟 변수=RESPOND 타겟 레이블=' '
 
사후확률     이벤트    비이벤트     평균 사
  범위         수         수        후확률      백분율
 
0.95-1.00       14          0       1.00000     0.4667
0.35-0.40        2          4       0.40000     0.2000
0.15-0.20        4         29       0.16584     1.1000
0.10-0.15        3         14       0.11765     0.5667
0.05-0.10      207       2723       0.07228    97.6667
