*------------------------------------------------------------*
사용자:                Administrator
날짜:                2018년 11월 20일
시간:                10시38분09초
*------------------------------------------------------------*
* 분석 출력
*------------------------------------------------------------*
 
 
 
 
변수 요약
 
        측도 레    빈도
역할      벨       개수
 
TEXT    NOMINAL      1


*------------------------------------------------------------*
* 스코어 출력
*------------------------------------------------------------*
 
 
 
FREQ 프로시저
 
                     Cluster ID
 
                                    누적       누적
CLUSTER      빈도      백분율       빈도      백분율
----------------------------------------------------
      2          86     17.20           86     17.20
      5         202     40.40          288     57.60
      7         106     21.20          394     78.80
      9         106     21.20          500    100.00


*------------------------------------------------------------*
* 리포트 출력
*------------------------------------------------------------*
