 
                                                                                                                                                                                                                                                                
 
 
클래스 변수 요약 통계량

데이터 역할=SCORE 출력 유형=CLASSIFICATION

                       출력형식     빈도
  변수       숫자값       값        개수    백분율

I_RESPOND       .         0        28735      100 


데이터 역할=SCORE 출력 유형=SEGMENT

                    출력형식     빈도
 변수     숫자값       값        개수    백분율

_NODE_       1         1        28735      100 


데이터 역할=TEST 출력 유형=CLASSIFICATION

                       출력형식    빈도
  변수       숫자값       값       개수    백분율

I_RESPOND       .         0        3001      100 


데이터 역할=TEST 출력 유형=SEGMENT

                    출력형식    빈도
 변수     숫자값       값       개수    백분율

_NODE_       1         1        3001      100 


데이터 역할=TRAIN 출력 유형=CLASSIFICATION

                       출력형식    빈도
  변수       숫자값       값       개수    백분율

I_RESPOND       .         0        3999      100 


데이터 역할=TRAIN 출력 유형=SEGMENT

                    출력형식    빈도
 변수     숫자값       값       개수    백분율

_NODE_       1         1        3999      100 


데이터 역할=VALIDATE 출력 유형=CLASSIFICATION

                       출력형식    빈도
  변수       숫자값       값       개수    백분율

I_RESPOND       .         0        3000      100 


데이터 역할=VALIDATE 출력 유형=SEGMENT

                    출력형식    빈도
 변수     숫자값       값       개수    백분율

_NODE_       1         1        3000      100 
 
                                                                                                                                                                                                                                                                
 
 
구간 변수 요약 통계량

변수 이름=P_RESPOND0

통계량    레이블             TRAIN    VALIDATE       TEST       SCORE

MEAN      평균                0.92        0.92       0.92        0.92
STD       표준편차             .           .          .           .  
N         비결측           3999.00     3000.00    3001.00    28735.00
MIN       최소                0.92        0.92       0.92        0.92
P25       25번째 분위수       0.92        0.92       0.92        0.92
MEDIAN    중위수              0.92        0.92       0.92        0.92
P75       75번째 분위수       0.92        0.92       0.92        0.92
MAX       최대                0.92        0.92       0.92        0.92


변수 이름=P_RESPOND1

통계량    레이블             TRAIN    VALIDATE       TEST       SCORE

MEAN      평균                0.08        0.08       0.08        0.08
STD       표준편차             .           .          .           .  
N         비결측           3999.00     3000.00    3001.00    28735.00
MIN       최소                0.08        0.08       0.08        0.08
P25       25번째 분위수       0.08        0.08       0.08        0.08
MEDIAN    중위수              0.08        0.08       0.08        0.08
P75       75번째 분위수       0.08        0.08       0.08        0.08
MAX       최대                0.08        0.08       0.08        0.08
