MPRINT(EM_DIAGRAM):    data _null_;
MPRINT(EM_DIAGRAM):   call symput('NLDATE', strip(put(date(), NLDATE.)));
MPRINT(EM_DIAGRAM):   call symput('NLTIME', strip(put(datetime(), NLTIME.)));
MPRINT(EM_DIAGRAM):   run;
MPRINT(EM_DIAGRAM):   data _null_;
MPRINT(EM_DIAGRAM):   nldate= sasmsg("sashelp.dmine", "log_date_note", 'N', "2018년 11월 20일" );
MPRINT(EM_DIAGRAM):   nltime= sasmsg("sashelp.dmine", "log_time_note", 'N', "10시09분57초" );
MPRINT(EM_DIAGRAM):   put "*------------------------------------------------------------*";
MPRINT(EM_DIAGRAM):   put "* 분석 로그";
MPRINT(EM_DIAGRAM):   put nldate;
MPRINT(EM_DIAGRAM):   put nltime;
MPRINT(EM_DIAGRAM):   put "*------------------------------------------------------------*";
MPRINT(EM_DIAGRAM):   run;
*------------------------------------------------------------*
* 분석 로그
날짜:                2018년 11월 20일
시간:                10시09분57초
*------------------------------------------------------------*
MPRINT(EM_DIAGRAM):    filename O2TU7XPD "C:\Users\Administrator\DM_Proj\DataMining2018\Workspaces\EMWS6\Score\EMTRAIN.out" encoding="UTF-8" NOBOM;
MPRINT(EM_DIAGRAM):   proc printto print=O2TU7XPD new;
MPRINT(EM_DIAGRAM):   run;
MPRINT(EM_DIAGRAM):    filename _LOG "C:\Users\Administrator\DM_Proj\DataMining2018\Workspaces\EMWS6\Score\EMLOG.log" encoding="UTF-8" NOBOM;
MPRINT(EM_DIAGRAM):    data _null_;
MPRINT(EM_DIAGRAM):   call symput('NLDATE', strip(put(date(), NLDATE.)));
MPRINT(EM_DIAGRAM):   call symput('NLTIME', strip(put(datetime(), NLTIME.)));
MPRINT(EM_DIAGRAM):   run;
MPRINT(EM_DIAGRAM):   data _null_;
MPRINT(EM_DIAGRAM):   nldate= sasmsg("sashelp.dmine", "log_date_note", 'N', "2018년 11월 20일" );
MPRINT(EM_DIAGRAM):   nltime= sasmsg("sashelp.dmine", "log_time_note", 'N', "10시09분57초" );
MPRINT(EM_DIAGRAM):   file _LOG;
MPRINT(EM_DIAGRAM):   put "*------------------------------------------------------------*";
MPRINT(EM_DIAGRAM):   put "사용자:                Administrator";
MPRINT(EM_DIAGRAM):   put nldate;
MPRINT(EM_DIAGRAM):   put nltime;
MPRINT(EM_DIAGRAM):   put "사이트:                10503192";
MPRINT(EM_DIAGRAM):   put "플랫폼:            X64_10HOME";
MPRINT(EM_DIAGRAM):   put "관리 릴리스: 9.04.01M4P110916";
MPRINT(EM_DIAGRAM):   put "EM 버전:          14.2";
MPRINT(EM_DIAGRAM):   put "* ";
MPRINT(EM_DIAGRAM):   run;
MPRINT(EM_DIAGRAM):    filename _LOGIN "C:\Users\Administrator\DM_Proj\DataMining2018\Workspaces\EMWS6\Score\EMTRAIN.log" encoding="UTF-8" NOBOM;
MPRINT(EM_COPYFILE):   data _null_;
MPRINT(EM_COPYFILE):   length line $20000;
MPRINT(EM_COPYFILE):   file _LOG MOD lrecl=20000;
MPRINT(EM_COPYFILE):   fid=fopen("_LOGIN",'i',20000,'v');
MPRINT(EM_COPYFILE):   if fid > 0 then do;
MPRINT(EM_COPYFILE):   do while(^fread(fid));
MPRINT(EM_COPYFILE):   rlen = frlen(fid);
MPRINT(EM_COPYFILE):   rc= fget(fid,line,20000);
MPRINT(EM_COPYFILE):   start = length(line)-length(left(line))+1;
MPRINT(EM_COPYFILE):   line=strip(line);
MPRINT(EM_COPYFILE):   put @start line;
MPRINT(EM_COPYFILE):   end;
MPRINT(EM_COPYFILE):   if fid > 0 then rc=fclose(fid);
MPRINT(EM_COPYFILE):   end;
MPRINT(EM_COPYFILE):   run;
MPRINT(EM_DIAGRAM):  ;
MPRINT(EM_DIAGRAM):   filename _LOGIN;
MPRINT(EM_DIAGRAM):    data _null_;
MPRINT(EM_DIAGRAM):   file _LOG mod;
MPRINT(EM_DIAGRAM):   put _page_;
MPRINT(EM_DIAGRAM):   run;
MPRINT(EM_DIAGRAM):   filename _LOGIN "C:\Users\Administrator\DM_Proj\DataMining2018\Workspaces\EMWS6\Score\EMSCORE.log" encoding="UTF-8" NOBOM;
MPRINT(EM_DIAGRAM):  ;
MPRINT(EM_DIAGRAM):   data _null_;
MPRINT(EM_DIAGRAM):   file _LOG mod;
MPRINT(EM_DIAGRAM):   put _page_;
MPRINT(EM_DIAGRAM):   run;
MPRINT(EM_DIAGRAM):    filename _LOGIN "C:\Users\Administrator\DM_Proj\DataMining2018\Workspaces\EMWS6\Score\EMREPORT.log" encoding="UTF-8" NOBOM;
MPRINT(EM_DIAGRAM):  ;
MPRINT(EM_DIAGRAM):   filename _LOGIN;
MPRINT(EM_DIAGRAM):    filename _LOG;
MPRINT(EM_DIAGRAM):    filename _OUT "C:\Users\Administrator\DM_Proj\DataMining2018\Workspaces\EMWS6\Score\EMOUTPUT.out" encoding="UTF-8" NOBOM;
MPRINT(EM_DIAGRAM):    data _null_;
MPRINT(EM_DIAGRAM):   call symput('NLDATE', strip(put(date(), NLDATE.)));
MPRINT(EM_DIAGRAM):   call symput('NLTIME', strip(put(datetime(), NLTIME.)));
MPRINT(EM_DIAGRAM):   run;
MPRINT(EM_DIAGRAM):   data _null_;
MPRINT(EM_DIAGRAM):   nldate= sasmsg("sashelp.dmine", "log_date_note", 'N', "2018년 11월 20일" );
MPRINT(EM_DIAGRAM):   nltime= sasmsg("sashelp.dmine", "log_time_note", 'N', "10시09분57초" );
MPRINT(EM_DIAGRAM):   file _OUT;
MPRINT(EM_DIAGRAM):   put "*------------------------------------------------------------*";
MPRINT(EM_DIAGRAM):   put "사용자:                Administrator";
MPRINT(EM_DIAGRAM):   put nldate;
MPRINT(EM_DIAGRAM):   put nltime;
MPRINT(EM_DIAGRAM):   put "*------------------------------------------------------------*";
MPRINT(EM_DIAGRAM):   put "* 분석 출력";
MPRINT(EM_DIAGRAM):   put "*------------------------------------------------------------*";
MPRINT(EM_DIAGRAM):   run;
MPRINT(EM_DIAGRAM):    filename _OUTIN "C:\Users\Administrator\DM_Proj\DataMining2018\Workspaces\EMWS6\Score\EMTRAIN.out" encoding="UTF-8" NOBOM;
MPRINT(EM_DIAGRAM):   ;
MPRINT(EM_COPYFILE):   data _null_;
MPRINT(EM_COPYFILE):   length line $20000;
MPRINT(EM_COPYFILE):   file _OUT MOD lrecl=20000;
MPRINT(EM_COPYFILE):   fid=fopen("_OUTIN",'i',20000,'v');
MPRINT(EM_COPYFILE):   if fid > 0 then do;
MPRINT(EM_COPYFILE):   do while(^fread(fid));
MPRINT(EM_COPYFILE):   rlen = frlen(fid);
MPRINT(EM_COPYFILE):   rc= fget(fid,line,20000);
MPRINT(EM_COPYFILE):   start = length(line)-length(left(line))+1;
MPRINT(EM_COPYFILE):   line=strip(line);
MPRINT(EM_COPYFILE):   put @start line;
MPRINT(EM_COPYFILE):   end;
MPRINT(EM_COPYFILE):   if fid > 0 then rc=fclose(fid);
MPRINT(EM_COPYFILE):   end;
MPRINT(EM_COPYFILE):   run;
MPRINT(EM_DIAGRAM):  ;
MPRINT(EM_DIAGRAM):   filename _OUTIN;
MPRINT(EM_DIAGRAM):    data _null_;
MPRINT(EM_DIAGRAM):   file _OUT mod;
MPRINT(EM_DIAGRAM):   put _page_;
MPRINT(EM_DIAGRAM):   put // "*------------------------------------------------------------*";
MPRINT(EM_DIAGRAM):   put "* 스코어 출력";
MPRINT(EM_DIAGRAM):   put "*------------------------------------------------------------*";
MPRINT(EM_DIAGRAM):   run;
MPRINT(EM_DIAGRAM):    filename _OUTIN "C:\Users\Administrator\DM_Proj\DataMining2018\Workspaces\EMWS6\Score\EMSCORE.out" encoding="UTF-8" NOBOM;
MPRINT(EM_DIAGRAM):  ;
MPRINT(EM_DIAGRAM):   filename _OUTIN;
MPRINT(EM_DIAGRAM):    data _null_;
MPRINT(EM_DIAGRAM):   file _OUT mod;
MPRINT(EM_DIAGRAM):   put _page_;
MPRINT(EM_DIAGRAM):   put // "*------------------------------------------------------------*";
MPRINT(EM_DIAGRAM):   put "* 리포트 출력";
MPRINT(EM_DIAGRAM):   put "*------------------------------------------------------------*";
MPRINT(EM_DIAGRAM):   run;
MPRINT(EM_DIAGRAM):    filename _OUTIN "C:\Users\Administrator\DM_Proj\DataMining2018\Workspaces\EMWS6\Score\EMREPORT.out" encoding="UTF-8" NOBOM;
MPRINT(EM_DIAGRAM):  ;
MPRINT(EM_DIAGRAM):   filename _OUTIN;
MPRINT(EM_DIAGRAM):    filename _OUT;
MPRINT(EM_DIAGRAM):    filename _emtool_ 'C:\Users\Administrator\DM_Proj\DataMining2018\Workspaces\EMWS6\Score\EMRUNSTATUS.xml' encoding="UTF-8" NOBOM;
22866      proc freq data=EMWS6.Score_VariableSet noprint;
MPRINT(EM_DIAGRAM):    proc freq data=EMWS6.Score_VariableSet noprint;
22867      table ROLE*LEVEL/out=WORK.ScoreMETA;
MPRINT(EM_DIAGRAM):   table ROLE*LEVEL/out=WORK.ScoreMETA;
22868      run;
MPRINT(EM_DIAGRAM):   run;

NOTE: 3개의 관측값을 데이터셋 EMWS6.SCORE_VARIABLESET.에서 읽었습니다.
NOTE: 데이터셋 WORK.SCOREMETA은(는) 2개의 관측값과 4개의 변수를 가지고 있습니다.
NOTE: 프로시저 FREQ 실행(총 프로세스 시간):
      실행 시간           0.05 초
      cpu 시간            0.03 초
      

22869      proc print data=WORK.ScoreMETA label noobs;
MPRINT(EM_DIAGRAM):   proc print data=WORK.ScoreMETA label noobs;
22870      var ROLE LEVEL COUNT;
MPRINT(EM_DIAGRAM):   var ROLE LEVEL COUNT;
22871      label ROLE = "%sysfunc(sasmsg(sashelp.dmine, meta_role_vlabel, NOQUOTE))" LEVEL = "%sysfunc(sasmsg(sashelp.dmine, meta_level_vlabel, NOQUOTE))" COUNT = "%sysfunc(sasmsg(sashelp.dmine, rpt_count_vlabel, NOQUOTE))";
MPRINT(EM_DIAGRAM):   label ROLE = "역할" LEVEL = "측도 레벨" COUNT = "빈도 개수";
22872      title9 ' ';
MPRINT(EM_DIAGRAM):   title9 ' ';
22873      title10 "%sysfunc(sasmsg(sashelp.dmine, rpt_varSummary_title  , NOQUOTE))";
MPRINT(EM_DIAGRAM):   title10 "변수 요약";
MPRINT(EM_DIAGRAM):   run;
22874      run;

NOTE: 2개의 관측값을 데이터셋 WORK.SCOREMETA.에서 읽었습니다.
NOTE: 출력 결과 (프로시저: PRINT, 페이지: 1)
NOTE: 프로시저 PRINT 실행(총 프로세스 시간):
      실행 시간           0.04 초
      cpu 시간            0.03 초
      

22875      title10;
MPRINT(EM_DIAGRAM):   title10;
22876      %let groupid =;
22877      %let endGroupid =;
22878      %let prescoreid =;
22879      %let idsTable =;
22880      %let hpdmTable =;
22881      %let lasthptm =;
22882      data _null_;
MPRINT(EM_DIAGRAM):    data _null_;
22883      set EMWS6.Tree_EMINFO;
MPRINT(EM_DIAGRAM):   set EMWS6.Tree_EMINFO;
22884      where upcase(key) in('LASTHPTM', 'IDSTABLE', 'HPDMSAMPLE', 'PRESCORECODE','ENDGROUP', 'GROUPINFO', 'BOOSTINFO', 'BAGINFO', 'TARGETINFO', 'INDEXINFO');
MPRINT(EM_DIAGRAM):   where upcase(key) in('LASTHPTM', 'IDSTABLE', 'HPDMSAMPLE', 'PRESCORECODE','ENDGROUP', 'GROUPINFO', 'BOOSTINFO', 'BAGINFO', 'TARGETINFO', 'INDEXINFO');
22885      select(upcase(key));
MPRINT(EM_DIAGRAM):   select(upcase(key));
22886      when('LASTHPTM') call symput('lasthptm', DATA);
MPRINT(EM_DIAGRAM):   when('LASTHPTM') call symput('lasthptm', DATA);
22887      when('IDSTABLE') call symput('idsTable', DATA);
MPRINT(EM_DIAGRAM):   when('IDSTABLE') call symput('idsTable', DATA);
22888      when('HPDMSAMPLE') call symput('hpdmSample', DATA);
MPRINT(EM_DIAGRAM):   when('HPDMSAMPLE') call symput('hpdmSample', DATA);
22889      when('PRESCORECODE') call symput('prescoreId', DATA);
MPRINT(EM_DIAGRAM):   when('PRESCORECODE') call symput('prescoreId', DATA);
22890      when('ENDGROUP') call symput('endGroupId', DATA);
MPRINT(EM_DIAGRAM):   when('ENDGROUP') call symput('endGroupId', DATA);
22891      otherwise call symput('groupId', DATA);
MPRINT(EM_DIAGRAM):   otherwise call symput('groupId', DATA);
22892      end;
MPRINT(EM_DIAGRAM):   end;
22893      run;
MPRINT(EM_DIAGRAM):   run;

NOTE: 1개의 관측값을 데이터셋 EMWS6.TREE_EMINFO.에서 읽었습니다.
      WHERE UPCASE(key) in ('BAGINFO', 'BOOSTINFO', 'ENDGROUP', 'GROUPINFO', 'HPDMSAMPLE', 'IDSTABLE', 'INDEXINFO', 'LASTHPTM', 'PRESCORECODE', 'TARGETINFO');
NOTE: DATA 문장 실행(총 프로세스 시간):
      실행 시간           0.00 초
      cpu 시간            0.01 초
      

Executing  SASHELP.EMCORE.EMINFOITERATOR.SCL _INIT >> 
Executing  SASHELP.EMCORE.EMINFOITERATOR.SCL setMetaData >> 
NOTE: 1개의 관측값을 데이터셋 EMWS6.TREE_EMINFO.에서 읽었습니다.
      WHERE (TARGET='RESPOND') and (KEY='MODEL');
NOTE: 데이터셋 WORK.EMINFO42ZBCQ6L은(는) 1개의 관측값과 3개의 변수를 가지고 있습니다.
Executing  SASHELP.EMCORE.EMINFOITERATOR.SCL NUMELEMENTS >> 
Executing  SASHELP.EMCORE.EMINFOITERATOR.SCL _term >> 
Executing  SASHELP.EMCORE.EMINFOITERATOR.SCL _INIT >> 
Executing  SASHELP.EMCORE.EMINFOITERATOR.SCL setMetaData >> 
NOTE: 1개의 관측값을 데이터셋 EMWS6.TREE_EMINFO.에서 읽었습니다.
      WHERE (TARGET='RESPOND') and (KEY='DECMETA');
NOTE: 데이터셋 WORK.EMINFO40Y4JP1Y은(는) 1개의 관측값과 3개의 변수를 가지고 있습니다.
Executing  SASHELP.EMCORE.EMINFOITERATOR.SCL next >> 
Executing  SASHELP.EMCORE.EMINFOITERATOR.SCL next >> 
Executing  SASHELP.EMCORE.EMINFOITERATOR.SCL _term >> 
22894      %let em_rootkey=;
22895      %let em_keytype=;
22896      %let em_keylen=;
22897      data _null_;
MPRINT(EM_DIAGRAM):    data _null_;
22898      set EMWS6.Ids_cmeta_data;
MPRINT(EM_DIAGRAM):   set EMWS6.Ids_cmeta_data;
22899      where role='KEY';
MPRINT(EM_DIAGRAM):   where role='KEY';
22900      call symput('em_rootkey', strip(NAME));
MPRINT(EM_DIAGRAM):   call symput('em_rootkey', strip(NAME));
22901      call symput('em_keytype', strip(TYPE));
MPRINT(EM_DIAGRAM):   call symput('em_keytype', strip(TYPE));
22902      call symput('em_rootlen', strip(put(length, best.)));
MPRINT(EM_DIAGRAM):   call symput('em_rootlen', strip(put(length, best.)));
22903      run;
MPRINT(EM_DIAGRAM):   run;

NOTE: 0개의 관측값을 데이터셋 EMWS6.IDS_CMETA_DATA.에서 읽었습니다.
      WHERE role='KEY';
NOTE: DATA 문장 실행(총 프로세스 시간):
      실행 시간           0.00 초
      cpu 시간            0.00 초
      

MPRINT(EM_DIAGRAM):    data EMWS6.Score_SCORE / view = EMWS6.Score_SCORE;
MPRINT(EM_DIAGRAM):   set EMWS6.Ids2_DATA;
MPRINT(EM_DIAGRAM):   *------------------------------------------------------------*;
MPRINT(EM_DIAGRAM):   * EM SCORE CODE;
MPRINT(EM_DIAGRAM):   * EM Version: 14.2;
MPRINT(EM_DIAGRAM):   * SAS Release: 9.04.01M4P110916;
MPRINT(EM_DIAGRAM):   * Host: DESKTOP-IOK0OJ9;
MPRINT(EM_DIAGRAM):   * Encoding: euc-kr;
MPRINT(EM_DIAGRAM):   * Locale: ko_KR;
MPRINT(EM_DIAGRAM):   * Project Path: C:\Users\Administrator\DM_Proj;
MPRINT(EM_DIAGRAM):   * Project Name: DataMining2018;
MPRINT(EM_DIAGRAM):   * Diagram Id: EMWS6;
MPRINT(EM_DIAGRAM):   * Diagram Name: W12_Preprocessing;
MPRINT(EM_DIAGRAM):   * Generated by: Administrator;
MPRINT(EM_DIAGRAM):   * Date: 20NOV2018:10:09:58;
MPRINT(EM_DIAGRAM):   *------------------------------------------------------------*;
MPRINT(EM_DIAGRAM):   *------------------------------------------------------------*;
MPRINT(EM_DIAGRAM):   * TOOL: Input Data Source;
MPRINT(EM_DIAGRAM):   * TYPE: SAMPLE;
MPRINT(EM_DIAGRAM):   * NODE: Ids;
MPRINT(EM_DIAGRAM):   *------------------------------------------------------------*;
MPRINT(EM_DIAGRAM):   *------------------------------------------------------------*;
MPRINT(EM_DIAGRAM):   * TOOL: Partition Class;
MPRINT(EM_DIAGRAM):   * TYPE: SAMPLE;
MPRINT(EM_DIAGRAM):   * NODE: Part;
MPRINT(EM_DIAGRAM):   *------------------------------------------------------------*;
MPRINT(EM_DIAGRAM):   *------------------------------------------------------------*;
MPRINT(EM_DIAGRAM):   * TOOL: Extension Class;
MPRINT(EM_DIAGRAM):   * TYPE: MODEL;
MPRINT(EM_DIAGRAM):   * NODE: Tree;
MPRINT(EM_DIAGRAM):   *------------------------------------------------------------*;
MPRINT(EM_DIAGRAM):   ****************************************************************;
MPRINT(EM_DIAGRAM):   ****** DECISION TREE SCORING CODE ******;
MPRINT(EM_DIAGRAM):   ****************************************************************;
MPRINT(EM_DIAGRAM):   ****** LENGTHS OF NEW CHARACTER VARIABLES ******;
MPRINT(EM_DIAGRAM):   LENGTH I_RESPOND $ 12;
MPRINT(EM_DIAGRAM):   LENGTH _WARN_ $ 4;
MPRINT(EM_DIAGRAM):   ****** LABELS FOR NEW VARIABLES ******;
MPRINT(EM_DIAGRAM):   label _NODE_ = 'Node' ;
MPRINT(EM_DIAGRAM):   label _LEAF_ = 'Leaf' ;
MPRINT(EM_DIAGRAM):   label P_RESPOND0 = 'Predicted: RESPOND=0' ;
MPRINT(EM_DIAGRAM):   label P_RESPOND1 = 'Predicted: RESPOND=1' ;
MPRINT(EM_DIAGRAM):   label Q_RESPOND0 = 'Unadjusted P: RESPOND=0' ;
MPRINT(EM_DIAGRAM):   label Q_RESPOND1 = 'Unadjusted P: RESPOND=1' ;
MPRINT(EM_DIAGRAM):   label V_RESPOND0 = 'Validated: RESPOND=0' ;
MPRINT(EM_DIAGRAM):   label V_RESPOND1 = 'Validated: RESPOND=1' ;
MPRINT(EM_DIAGRAM):   label I_RESPOND = 'Into: RESPOND' ;
MPRINT(EM_DIAGRAM):   label U_RESPOND = 'Unnormalized Into: RESPOND' ;
MPRINT(EM_DIAGRAM):   label _WARN_ = '경고' ;
MPRINT(EM_DIAGRAM):   ****** TEMPORARY VARIABLES FOR FORMATTED VALUES ******;
MPRINT(EM_DIAGRAM):   LENGTH _ARBFMT_12 $ 12;
MPRINT(EM_DIAGRAM):   DROP _ARBFMT_12;
MPRINT(EM_DIAGRAM):   _ARBFMT_12 = ' ';
MPRINT(EM_DIAGRAM):   ****** ASSIGN OBSERVATION TO NODE ******;
MPRINT(EM_DIAGRAM):   _NODE_ = 1;
MPRINT(EM_DIAGRAM):   _LEAF_ = 1;
MPRINT(EM_DIAGRAM):   P_RESPOND0 = 0.92323080770192;
MPRINT(EM_DIAGRAM):   P_RESPOND1 = 0.07676919229807;
MPRINT(EM_DIAGRAM):   Q_RESPOND0 = 0.92323080770192;
MPRINT(EM_DIAGRAM):   Q_RESPOND1 = 0.07676919229807;
MPRINT(EM_DIAGRAM):   V_RESPOND0 = 0.92333333333333;
MPRINT(EM_DIAGRAM):   V_RESPOND1 = 0.07666666666666;
MPRINT(EM_DIAGRAM):   I_RESPOND = '0' ;
MPRINT(EM_DIAGRAM):   U_RESPOND = 0;
MPRINT(EM_DIAGRAM):   ****************************************************************;
MPRINT(EM_DIAGRAM):   ****** END OF DECISION TREE SCORING CODE ******;
MPRINT(EM_DIAGRAM):   ****************************************************************;
MPRINT(EM_DIAGRAM):   drop _LEAF_;
MPRINT(EM_DIAGRAM):   *------------------------------------------------------------*;
MPRINT(EM_DIAGRAM):   * TOOL: Model Compare Class;
MPRINT(EM_DIAGRAM):   * TYPE: ASSESS;
MPRINT(EM_DIAGRAM):   * NODE: MdlComp;
MPRINT(EM_DIAGRAM):   *------------------------------------------------------------*;
MPRINT(EM_DIAGRAM):   drop _temp_;
MPRINT(EM_DIAGRAM):   do;
MPRINT(EM_DIAGRAM):   _temp_ = dmran(1234);
MPRINT(EM_DIAGRAM):   b_RESPOND = floor(1 + 20*_temp_);
MPRINT(EM_DIAGRAM):   end;
MPRINT(EM_DIAGRAM):   *------------------------------------------------------------*;
MPRINT(EM_DIAGRAM):   * TOOL: Score Node;
MPRINT(EM_DIAGRAM):   * TYPE: ASSESS;
MPRINT(EM_DIAGRAM):   * NODE: Score;
MPRINT(EM_DIAGRAM):   *------------------------------------------------------------*;
MPRINT(EM_DIAGRAM):   *------------------------------------------------------------*;
MPRINT(EM_DIAGRAM):   * Score: 고정 이름 생성;
MPRINT(EM_DIAGRAM):   *------------------------------------------------------------*;
MPRINT(EM_DIAGRAM):   LABEL EM_SEGMENT = 'Node';
MPRINT(EM_DIAGRAM):   EM_SEGMENT = _NODE_;
MPRINT(EM_DIAGRAM):   LENGTH EM_EVENTPROBABILITY 8;
MPRINT(EM_DIAGRAM):   LABEL EM_EVENTPROBABILITY = 'Probability for level 1 of RESPOND';
MPRINT(EM_DIAGRAM):   EM_EVENTPROBABILITY = P_RESPOND1;
MPRINT(EM_DIAGRAM):   LENGTH EM_PROBABILITY 8;
MPRINT(EM_DIAGRAM):   LABEL EM_PROBABILITY = 'Probability of Classification';
MPRINT(EM_DIAGRAM):   EM_PROBABILITY = max( P_RESPOND1 , P_RESPOND0 );
MPRINT(EM_DIAGRAM):   LENGTH EM_CLASSIFICATION
MPRINT(DMNORLEN):   $32
MPRINT(EM_DIAGRAM):  ;
MPRINT(EM_DIAGRAM):   LABEL EM_CLASSIFICATION = "Prediction for RESPOND";
MPRINT(EM_DIAGRAM):   EM_CLASSIFICATION = I_RESPOND;
MPRINT(EM_DIAGRAM):   run;
MPRINT(EM_DIAGRAM):    proc printto;
MPRINT(EM_DIAGRAM):   run;
