 
                                                                                               
 
 
적합통계량

타겟=RESPOND 타겟 레이블=' '

적합통계량    통계량 레이블                         분석       평가       검증

 _DFT_        Total Degrees of Freedom           3999.00        .          .  
 _DFE_        Degrees of Freedom for Error       3908.00        .          .  
 _DFM_        Model Degrees of Freedom             91.00        .          .  
 _NW_         Number of Estimated Weights          91.00        .          .  
 _AIC_        Akaike's Information Criterion     2096.57        .          .  
 _SBC_        Schwarz's Bayesian Criterion       2669.30        .          .  
 _ASE_        Average Squared Error                 0.07       0.07       0.07
 _MAX_        Maximum Absolute Error                0.99       0.99       0.99
 _DIV_        Divisor for ASE                    7998.00    6000.00    6002.00
 _NOBS_       Sum of Frequencies                 3999.00    3000.00    3001.00
 _RASE_       Root Average Squared Error            0.26       0.27       0.27
 _SSE_        Sum of Squared Errors               520.36     423.58     424.04
 _SUMW_       Sum of Case Weights Times Freq     7998.00    6000.00    6002.00
 _FPE_        Final Prediction Error                0.07        .          .  
 _MSE_        Mean Squared Error                    0.07       0.07       0.07
 _RFPE_       Root Final Prediction Error           0.26        .          .  
 _RMSE_       Root Mean Squared Error               0.26       0.27       0.27
 _AVERR_      Average Error Function                0.24       0.27       0.27
 _ERR_        Error Function                     1914.57    1608.14    1592.85
 _MISC_       Misclassification Rate                0.08       0.08       0.08
 _WRONG_      Number of Wrong Classifications     306.00     231.00     232.00
 
                                                                                               
 
 
분류 테이블

데이터 역할=TRAIN 타겟 변수=RESPOND 타겟 레이블=' '

                타겟 백    결과 백    빈도    총 백분
타겟    결과      분율        분율    개수       율

 0       0       92.346    100.000    3692    92.3231
 1       0        7.654     99.674     306     7.6519
 1       1      100.000      0.326       1     0.0250


데이터 역할=VALIDATE 타겟 변수=RESPOND 타겟 레이블=' '

                타겟 백    결과 백    빈도    총 백분
타겟    결과      분율        분율    개수       율

 0       0       92.331     99.964    2769    92.3000
 1       0        7.669    100.000     230     7.6667
 0       1      100.000      0.036       1     0.0333
 
                                                                                               
 
 
이벤트 분류 테이블

데이터 역할=TRAIN 타겟=RESPOND 타겟 레이블=' '

  False       True        False       True
Negative    Negative    Positive    Positive

   306        3692          .           1   


데이터 역할=VALIDATE 타겟=RESPOND 타겟 레이블=' '

  False       True        False       True
Negative    Negative    Positive    Positive

   230        2769          1           .   
 
                                                                                               
 
 
평가 스코어 순위

데이터 역할=TRAIN 타겟 변수=RESPOND 타겟 레이블=' '

                              누적 향                             관측치     평균 사
깊이       이득     향상도      상도      반응률    누적반응률      수       후확률

   5    375.451    4.75451    4.75451    36.5000      36.5000       200      0.28894
  10    248.447    2.21443    3.48447    17.0000      26.7500       200      0.17512
  15    195.257    1.88878    2.95257    14.5000      22.6667       200      0.11456
  20    142.862    0.85675    2.42862     6.5772      18.6443       200      0.08249
  25    122.627    1.41687    2.22627    10.8772      17.0909       200      0.07431
  30    106.246    1.24342    2.06246     9.5456      15.8333       200      0.07146
  35     83.295    0.45591    1.83295     3.5000      14.0714       200      0.06459
  40     71.781    0.91182    1.71781     7.0000      13.1875       200      0.06183
  45     62.102    0.84669    1.62102     6.5000      12.4444       200      0.06095
  50     56.964    1.10721    1.56964     8.5000      12.0500       200      0.06063
  55     48.615    0.65130    1.48615     5.0000      11.4091       200      0.06052
  60     40.573    0.52104    1.40573     4.0000      10.7917       200      0.06048
  65     36.273    0.84669    1.36273     6.5000      10.4615       200      0.06047
  70     32.587    0.84669    1.32587     6.5000      10.1786       200      0.06008
  75     28.090    0.65130    1.28090     5.0000       9.8333       200      0.05626
  80     21.305    0.19539    1.21305     1.5000       9.3125       200      0.04454
  85     15.702    0.26052    1.15702     2.0000       8.8824       200      0.03428
  90     10.360    0.19539    1.10360     1.5000       8.4722       200      0.02083
  95      5.237    0.13026    1.05237     1.0000       8.0789       200      0.01041
 100      0.000    0.00000    1.00000     0.0000       7.6769       199      0.00618


데이터 역할=VALIDATE 타겟 변수=RESPOND 타겟 레이블=' '

                              누적 향                             관측치     평균 사
깊이       이득     향상도      상도      반응률    누적반응률      수       후확률

   5    126.087    2.26087    2.26087    17.3333      17.3333       150      0.28602
  10     91.304    1.56522    1.91304    12.0000      14.6667       150      0.17675
  15     62.319    1.04348    1.62319     8.0000      12.4444       150      0.11492
  20     47.095    1.01425    1.47095     7.7759      11.2773       150      0.08090
  25     37.406    0.98648    1.37406     7.5630      10.5345       150      0.07431
  30     31.884    1.04275    1.31884     7.9944      10.1111       150      0.07203
  35     30.435    1.21739    1.30435     9.3333      10.0000       150      0.06469
  40     26.087    0.95652    1.26087     7.3333       9.6667       150      0.06197
  45     29.469    1.56522    1.29469    12.0000       9.9259       150      0.06094
  50     27.826    1.13043    1.27826     8.6667       9.8000       150      0.06061
  55     20.158    0.43478    1.20158     3.3333       9.2121       150      0.06051
  60     21.739    1.39130    1.21739    10.6667       9.3333       150      0.06048
  65     20.401    1.04348    1.20401     8.0000       9.2308       150      0.06045
  70     17.391    0.78261    1.17391     6.0000       9.0000       150      0.05975
  75     14.783    0.78261    1.14783     6.0000       8.8000       150      0.05521
  80     13.043    0.86957    1.13043     6.6667       8.6667       150      0.04390
  85     10.486    0.69565    1.10486     5.3333       8.4706       150      0.03520
  90      7.729    0.60870    1.07729     4.6667       8.2593       150      0.02258
  95      4.805    0.52174    1.04805     4.0000       8.0351       150      0.01158
 100      0.000    0.08696    1.00000     0.6667       7.6667       150      0.00631
 
                                                                                               
 
 
평가 스코어 분포

데이터 역할=TRAIN 타겟 변수=RESPOND 타겟 레이블=' '

사후확률     이벤트    비이벤트     평균 사
  범위         수         수        후확률      백분율

0.50-0.55        1          0       0.50939     0.0250
0.45-0.50        3          2       0.48250     0.1250
0.40-0.45        4          3       0.43401     0.1750
0.35-0.40        1          2       0.38550     0.0750
0.30-0.35       17         35       0.31695     1.3003
0.25-0.30       28         49       0.27662     1.9255
0.20-0.25       25         66       0.22299     2.2756
0.15-0.20       24        107       0.17458     3.2758
0.10-0.15       27        177       0.12173     5.1013
0.05-0.10      166       2285       0.06478    61.2903
0.00-0.05       11        966       0.02264    24.4311


데이터 역할=VALIDATE 타겟 변수=RESPOND 타겟 레이블=' '

사후확률     이벤트    비이벤트     평균 사
  범위         수         수        후확률      백분율

0.50-0.55        0          1       0.51216     0.0333
0.45-0.50        1          0       0.47094     0.0333
0.40-0.45        1          2       0.41198     0.1000
0.30-0.35       14         38       0.31684     1.7333
0.25-0.30        8         55       0.27443     2.1000
0.20-0.25        5         46       0.21905     1.7000
0.15-0.20       13         93       0.17848     3.5333
0.10-0.15       11        127       0.12478     4.6000
0.05-0.10      145       1703       0.06482    61.6000
0.00-0.05       32        705       0.02344    24.5667
