 
                                                                                                                                                                                                                                                                
 
 
변수 요약

            측도 레     빈도
역할           벨       개수

INPUT       BINARY        6 
INPUT       INTERVAL      7 
INPUT       NOMINAL       3 
REJECTED    INTERVAL      8 
TARGET      BINARY        1 
 
                                                                                                                                                                                                                                                                
 
 
모델 이벤트

                      측도     레벨
 타겟      이벤트     레벨      수        순서       레이블

RESPOND      1       BINARY      2     Descending          
 
                                                                                                                                                                                                                                                                
 
 
예측 및 의사결정 변수

유형            변수       레이블

TARGET       RESPOND                           
PREDICTED    P_RESPOND1    Predicted: RESPOND=1
RESIDUAL     R_RESPOND1    Residual: RESPOND=1 
PREDICTED    P_RESPOND0    Predicted: RESPOND=0
RESIDUAL     R_RESPOND0    Residual: RESPOND=0 
FROM         F_RESPOND     From: RESPOND       
INTO         I_RESPOND     Into: RESPOND       
 
                                                                                                                                                                                                                                                                
 
 

The NEURAL Procedure

Preliminary       Starting         Objective         Number
 Training          Random           Function           of        Terminating
    Run             Seed             Value         Iterations     Criteria

        1               12345    0.238754599147           10                
        2           853912370    0.236768071257           10                
        3            12120061    0.231133567436           10                
        4          2031373664    0.232668769646           10                
        5           661157764    0.234930246735           10                
 
                                                                                                                                                                                                                                                                
 
 

The NEURAL Procedure

                Optimization Start
               Parameter Estimates
                                         Gradient
                                        Objective
  N Parameter            Estimate        Function

  1 AGE_H11             -0.967772       -0.000851
  2 BUY12_H11            0.055550        0.001849
  3 BUY18_H11           -0.615922        0.001679
  4 BUY6_H11            -0.132551        0.001151
  5 FICO_H11            -0.151017       -0.000165
  6 INCOME_H11           0.165022       -0.000309
  7 VALUE24_H11         -0.330981        0.000934
  8 AGE_H12              0.966821        0.000157
  9 BUY12_H12           -0.392396       -0.000146
 10 BUY18_H12            0.336931       -0.000827
 11 BUY6_H12            -0.145371        0.000383
 12 FICO_H12            -0.685193       -0.000713
 13 INCOME_H12           0.614870       -0.000926
 14 VALUE24_H12          0.583119       -0.000336
 15 AGE_H13              0.494768       -0.000557
 16 BUY12_H13            0.113975    -0.000050439
 17 BUY18_H13           -1.218830        0.000387
 18 BUY6_H13             0.071337       -0.000751
 19 FICO_H13            -0.011975        0.000292
 20 INCOME_H13           0.707552       -0.000186
 21 VALUE24_H13         -0.036726        0.000252
 22 COA60_H11            0.005920        0.001151
 23 DISCBUY0_H11         0.381002        0.000670
 24 MARRIED0_H11        -0.861039       -0.000188
 25 OWNHOME0_H11         1.127459    -0.000011786
 26 RETURN240_H11        0.552679        0.000766
 27 SEXF_H11            -0.435156        0.001434
 28 COA60_H12           -0.175209        0.000155
 29 DISCBUY0_H12        -0.042944        0.001219
 30 MARRIED0_H12         0.086759       -0.000767
 31 OWNHOME0_H12        -0.731966    -0.000037252
 32 RETURN240_H12       -0.786193    -0.000016770
 33 SEXF_H12             0.013836        0.000163
 34 COA60_H13            0.671987        0.000786
 35 DISCBUY0_H13         0.399208       -0.000505
 36 MARRIED0_H13        -0.008998    -0.000028359
 37 OWNHOME0_H13         0.368432        0.000342
 38 RETURN240_H13        0.050180        0.000248
 39 SEXF_H13            -0.322996        0.000305
 40 CLIMATE10_H11        0.651930       -0.000145
 41 CLIMATE20_H11       -0.911651        0.001180
 42 LOCA_H11             0.251935        0.000227
 43 LOCB_H11            -0.231116        0.000279
 44 LOCC_H11             0.011487    -0.000027985
 45 LOCD_H11             0.397634       -0.000308
 46 LOCE_H11            -0.054178        0.000538
 47 LOCF_H11            -0.281461        0.000397
 48 LOCG_H11            -0.255133     0.000006610
 49 ORGSRCC_H11         -0.277829        0.000505
 50 ORGSRCD_H11          0.185375        0.000200
 51 ORGSRCI_H11         -0.220450        0.000168
 52 ORGSRCO_H11         -0.275023        0.000639
 53 ORGSRCP_H11          0.641339    -0.000011631
 54 ORGSRCR_H11          0.576842    -0.000009680
 55 CLIMATE10_H12       -0.107751        0.000626
 56 CLIMATE20_H12       -0.365040        0.001057
 57 LOCA_H12            -0.429437        0.000653
 58 LOCB_H12            -0.356685        0.000662
 59 LOCC_H12             0.988529        0.000363
 60 LOCD_H12            -0.042422        0.000706
 61 LOCE_H12             0.262817        0.000971
 62 LOCF_H12            -0.343799        0.000520
 63 LOCG_H12             0.045955        0.000561
 64 ORGSRCC_H12         -0.163839       -0.000280
 65 ORGSRCD_H12         -0.174145        0.000491
 66 ORGSRCI_H12         -0.334477        0.000261
 67 ORGSRCO_H12          0.539344     0.000030864
 68 ORGSRCP_H12          0.173355    -0.000059697
 69 ORGSRCR_H12          0.302526       -0.000113
 70 CLIMATE10_H13        0.073282       -0.000203
 71 CLIMATE20_H13       -0.407590       -0.000283
 72 LOCA_H13             0.048832        0.000226
 73 LOCB_H13            -0.321453        0.000204
 74 LOCC_H13            -0.317628       -0.000187
 75 LOCD_H13            -0.534889    -0.000058085
 76 LOCE_H13             0.537665       -0.000226
 77 LOCF_H13            -0.339357    -0.000076717
 78 LOCG_H13            -0.232817        0.000208
 79 ORGSRCC_H13         -0.270990        0.000196
 80 ORGSRCD_H13          0.498822     0.000025901
 81 ORGSRCI_H13          0.112368       -0.000101
 82 ORGSRCO_H13          0.076633        0.000186
 83 ORGSRCP_H13         -0.215861       -0.000183
 84 ORGSRCR_H13          0.710333       -0.000260
 85 BIAS_H11             1.053496        0.000888
 86 BIAS_H12            -1.375484        0.000159
 87 BIAS_H13             0.815577        0.000279
 88 H11_RESPOND1         1.773783       -0.000595
 89 H12_RESPOND1         1.254349       -0.000484
 90 H13_RESPOND1        -1.255236    -0.000058393
 91 BIAS_RESPOND1       -2.146935     0.000071894

Value of Objective Function = 0.2311335674

 
                                                                                                                                                                                                                                                                
 
 

The NEURAL Procedure

Levenberg-Marquardt Optimization


Minimum Iterations                                0
Maximum Iterations                               50
Maximum Function Calls                   2147483647
Maximum CPU Time                              14400
ABSGCONV Gradient Criterion                 0.00001
GCONV Gradient Criterion                       1E-8
GCONV2 Gradient Criterion                         0
ABSFCONV Function Criterion                       0
FCONV Function Criterion                     0.0001
FCONV2 Function Criterion                         0
FSIZE Parameter                                   0
ABSXCONV Parameter Change Criterion               0
XCONV Parameter Change Criterion                  0
XSIZE Parameter                                   0
ABSCONV Function Criterion             0.0026468279
Trust Region Initial Radius Factor                1
Singularity Tolerance (SINGULAR)               1E-8

Levenberg-Marquardt Optimization

Scaling Update of More (1978)

Parameter Estimates              91

                                             Optimization Start

Active Constraints                                  0  Objective Function                       0.2311335674
Max Abs Gradient Element                 0.0018491317  Radius                                              1


                                                                                                         Ratio
                                                                                                       Between
                                                                                                        Actual
                                                                 Objective     Max Abs                     and
                     Function         Active        Objective     Function    Gradient               Predicted
Iter     Restarts       Calls    Constraints         Function       Change     Element     Lambda       Change

   1*           0           2              0          0.23077     0.000362     0.00716    444E-16        0.103
   2*           0           3              0          0.22849      0.00228     0.00235    0.00185        0.512
   3*           0           5              0          0.22746      0.00103     0.00198    0.00643        0.375
   4*           0           6              0          0.22723     0.000236     0.00306    0.00294        0.173
   5*           0           8              0          0.22667     0.000553     0.00157     0.0137        0.443
   6*           0           9              0          0.22653     0.000149     0.00216    0.00481        0.320
   7*           0          10              0          0.22642     0.000106     0.00217    0.00543        0.181
   8*           0          11              0          0.22629     0.000128     0.00233    0.00615        0.195
   9*           0          12              0          0.22620     0.000093     0.00215    0.00586        0.134
  10*           0          13              0          0.22609     0.000107     0.00216    0.00656        0.140
  11*           0          14              0          0.22600     0.000090     0.00259    0.00647        0.119
  12*           0          15              0          0.22592     0.000082     0.00234    0.00680       0.0991
  13*           0          16              0          0.22561     0.000304    0.000514     0.0249        0.594
  14*           0          17              0          0.22550     0.000110    0.000460    0.00630        0.862
  15*           0          18              0          0.22532     0.000187    0.000654    0.00293        0.904
  16*           0          19              0          0.22500     0.000317     0.00102    0.00137        0.784
  17*           0          20              0          0.22437     0.000626     0.00194    0.00035        0.573
  18*           0          23              0          0.22421     0.000165     0.00184    0.00834        0.194
  19*           0          25              0          0.22399     0.000216    0.000755     0.0216        0.507
  20*           0          26              0          0.22394     0.000055    0.000745    0.00615        0.445
  21*           0          27              0          0.22390     0.000040     0.00103    0.00602        0.289
  22*           0          28              0          0.22387     0.000026     0.00100    0.00704        0.147
  23*           0          29              0          0.22383     0.000039     0.00115    0.00877        0.197
  24*           0          30              0          0.22381     0.000024     0.00104    0.00781        0.116
  25*           0          31              0          0.22377     0.000042     0.00113    0.00937        0.197
  26*           0          32              0          0.22375     0.000022     0.00102    0.00778        0.105
  27*           0          33              0          0.22370     0.000044     0.00108    0.00982        0.204
  28*           0          34              0          0.22368     0.000021    0.000975    0.00772        0.105
  29*           0          35              0          0.22364     0.000041     0.00104    0.00965        0.192
  30*           0          36              0          0.22362     0.000020    0.000938    0.00779        0.103
  31*           0          37              0          0.22359     0.000028     0.00110    0.00830        0.127
  32*           0          38              0          0.22357     0.000028    0.000936    0.00885        0.122
  33*           0          39              0          0.22353     0.000040    0.000975    0.00985        0.187
  34*           0          40              0          0.22351     0.000020    0.000936    0.00787        0.102
  35*           0          41              0          0.22347     0.000031    0.000983    0.00898        0.149
  36*           0          42              0          0.22344     0.000031    0.000857    0.00940        0.157
  37*           0          43              0          0.22343     0.000016     0.00101    0.00732       0.0856
  38*           0          44              0          0.22335     0.000076    0.000212     0.0312        0.595
  39*           0          45              0          0.22332     0.000028    0.000229    0.00860        0.910
  40*           0          46              0          0.22327     0.000053    0.000229    0.00415        0.931
  41*           0          47              0          0.22317     0.000101    0.000372    0.00200        0.910
  42*           0          48              0          0.22292     0.000249    0.000659    0.00064        0.752
  43*           0          52              0          0.22288     0.000044    0.000729    0.00941        0.290
  44*           0          53              0          0.22286     0.000017    0.000698    0.00685        0.142
  45*           0          54              0          0.22283     0.000026    0.000830    0.00788        0.181
  46*           0          55              0          0.22281     0.000019    0.000751    0.00809        0.129
  47*           0          56              0          0.22279     0.000027    0.000861    0.00810        0.180
  48*           0          57              0          0.22277     0.000020    0.000766    0.00833        0.134
  49*           0          58              0          0.22274     0.000026    0.000880    0.00804        0.177
  50*           0          59              0          0.22272     0.000020    0.000786    0.00835        0.135

                                            Optimization Results

Iterations                                         50  Function Calls                                     61
Jacobian Calls                                     52  Active Constraints                                  0
Objective Function                       0.2227213048  Max Abs Gradient Element                 0.0007857671
Lambda                                   0.0083508618  Actual Over Pred Change                  0.1354241106
Radius                                   0.0989312176                                                       

LEVMAR needs more than 50 iterations or 2147483647 function calls.                                

WARNING: LEVMAR Optimization cannot be completed.

 
                                                                                                                                                                                                                                                                
 
 

The NEURAL Procedure

               Optimization Results
               Parameter Estimates
                                         Gradient
                                        Objective
  N Parameter            Estimate        Function

  1 AGE_H11             -2.170903     0.000022027
  2 BUY12_H11            0.481432       -0.000220
  3 BUY18_H11           -1.797586       -0.000236
  4 BUY6_H11            -0.228060       -0.000235
  5 FICO_H11            -0.499311     0.000080090
  6 INCOME_H11           0.379550     0.000045648
  7 VALUE24_H11         -0.996496       -0.000238
  8 AGE_H12              2.743843       -0.000159
  9 BUY12_H12           -1.247558        0.000466
 10 BUY18_H12            1.843297        0.000709
 11 BUY6_H12            -0.609785        0.000153
 12 FICO_H12            -1.655540       -0.000207
 13 INCOME_H12           2.644492     0.000056100
 14 VALUE24_H12          1.389962        0.000786
 15 AGE_H13              1.522464        0.000210
 16 BUY12_H13            0.407537       -0.000545
 17 BUY18_H13           -3.000826       -0.000525
 18 BUY6_H13             0.509981       -0.000317
 19 FICO_H13             0.321391    -0.000045131
 20 INCOME_H13           1.801693        0.000184
 21 VALUE24_H13         -0.493616       -0.000567
 22 COA60_H11           -0.232435    -0.000094188
 23 DISCBUY0_H11         1.121492     0.000003272
 24 MARRIED0_H11        -2.103026        0.000173
 25 OWNHOME0_H11         2.935099       -0.000213
 26 RETURN240_H11        1.872985       -0.000158
 27 SEXF_H11            -1.817128     0.000053841
 28 COA60_H12           -0.777725        0.000323
 29 DISCBUY0_H12        -0.761906        0.000165
 30 MARRIED0_H12        -0.218940       -0.000266
 31 OWNHOME0_H12        -2.018126     0.000097279
 32 RETURN240_H12       -2.819480        0.000380
 33 SEXF_H12             0.622901       -0.000114
 34 COA60_H13            1.526718       -0.000607
 35 DISCBUY0_H13         0.967660       -0.000266
 36 MARRIED0_H13         0.298727        0.000155
 37 OWNHOME0_H13         1.265958       -0.000332
 38 RETURN240_H13        0.450289       -0.000401
 39 SEXF_H13            -1.280671        0.000144
 40 CLIMATE10_H11        1.156565     0.000019426
 41 CLIMATE20_H11       -1.410621     0.000034313
 42 LOCA_H11            -1.534490     0.000033008
 43 LOCB_H11            -1.006010    -0.000017570
 44 LOCC_H11            -0.240250     0.000026949
 45 LOCD_H11             2.647049    -0.000088245
 46 LOCE_H11            -0.405404     0.000011773
 47 LOCF_H11            -0.903631    -0.000007604
 48 LOCG_H11            -0.209061    -0.000053959
 49 ORGSRCC_H11         -1.152373     0.000005603
 50 ORGSRCD_H11         -0.169916     0.000004112
 51 ORGSRCI_H11          0.680200     0.000038992
 52 ORGSRCO_H11         -0.824013    -0.000068036
 53 ORGSRCP_H11          1.977167       -0.000116
 54 ORGSRCR_H11          1.139611    -0.000052659
 55 CLIMATE10_H12       -0.055052       -0.000117
 56 CLIMATE20_H12       -1.730055    -0.000056872
 57 LOCA_H12            -1.049281       -0.000117
 58 LOCB_H12            -0.953721       -0.000159
 59 LOCC_H12             3.944570       -0.000244
 60 LOCD_H12            -1.670305    -0.000074428
 61 LOCE_H12            -0.096946       -0.000120
 62 LOCF_H12            -0.591186    -0.000095969
 63 LOCG_H12             0.213112       -0.000146
 64 ORGSRCC_H12          0.791665    -0.000045210
 65 ORGSRCD_H12         -1.515064    -0.000024820
 66 ORGSRCI_H12         -4.912879       -0.000116
 67 ORGSRCO_H12          1.025968    -0.000040302
 68 ORGSRCP_H12          1.824771       -0.000117
 69 ORGSRCR_H12          2.465086    -0.000078308
 70 CLIMATE10_H13       -0.147929     0.000039091
 71 CLIMATE20_H13       -0.326253    -0.000027197
 72 LOCA_H13            -1.475780     0.000034066
 73 LOCB_H13            -1.984996     0.000092335
 74 LOCC_H13             0.381549     0.000022859
 75 LOCD_H13            -1.350669     0.000072882
 76 LOCE_H13             1.608288    -0.000014617
 77 LOCF_H13            -0.840171    -0.000014198
 78 LOCG_H13            -0.708082     0.000001350
 79 ORGSRCC_H13         -1.116487        0.000138
 80 ORGSRCD_H13          1.032314    -0.000021719
 81 ORGSRCI_H13          0.107976     0.000085742
 82 ORGSRCO_H13         -0.829581     0.000004415
 83 ORGSRCP_H13          0.111963    -0.000036914
 84 ORGSRCR_H13          3.346902    -0.000089226
 85 BIAS_H11             1.959593       -0.000146
 86 BIAS_H12            -4.392775        0.000421
 87 BIAS_H13             2.049808       -0.000520
 88 H11_RESPOND1         1.735567        0.000126
 89 H12_RESPOND1         1.241693    -0.000014535
 90 H13_RESPOND1        -1.133160    -0.000037726
 91 BIAS_RESPOND1       -2.239594        0.000163

Value of Objective Function = 0.2227213048

