 
                                                                                               
 
 
적합통계량

타겟=BAD 타겟 레이블=' '

적합통계량    통계량 레이블                         분석       평가

 _DFT_        Total Degrees of Freedom           4170.00        .  
 _DFE_        Degrees of Freedom for Error       4115.00        .  
 _DFM_        Model Degrees of Freedom             55.00        .  
 _NW_         Number of Estimated Weights          55.00        .  
 _AIC_        Akaike's Information Criterion     3168.42        .  
 _SBC_        Schwarz's Bayesian Criterion       3516.88        .  
 _ASE_        Average Squared Error                 0.11       0.12
 _MAX_        Maximum Absolute Error                0.98       0.98
 _DIV_        Divisor for ASE                    8340.00    3580.00
 _NOBS_       Sum of Frequencies                 4170.00    1790.00
 _RASE_       Root Average Squared Error            0.34       0.35
 _SSE_        Sum of Squared Errors               943.15     430.38
 _SUMW_       Sum of Case Weights Times Freq     8340.00    3580.00
 _FPE_        Final Prediction Error                0.12        .  
 _MSE_        Mean Squared Error                    0.11       0.12
 _RFPE_       Root Final Prediction Error           0.34        .  
 _RMSE_       Root Mean Squared Error               0.34       0.35
 _AVERR_      Average Error Function                0.37       0.39
 _ERR_        Error Function                     3058.42    1408.91
 _MISC_       Misclassification Rate                0.15       0.16
 _WRONG_      Number of Wrong Classifications     629.00     294.00
 
                                                                                               
 
 
분류 테이블

데이터 역할=TRAIN 타겟 변수=BAD 타겟 레이블=' '

                타겟 백    결과 백    빈도    총 백분
타겟    결과      분율       분율     개수       율

 0       0      86.4052    96.3163    3216    77.1223
 1       0      13.5948    60.8905     506    12.1343
 0       1      27.4554     3.6837     123     2.9496
 1       1      72.5446    39.1095     325     7.7938


데이터 역할=VALIDATE 타겟 변수=BAD 타겟 레이블=' '

                타겟 백    결과 백    빈도    총 백분
타겟    결과      분율       분율     개수       율

 0       0      85.1669    96.2291    1378    76.9832
 1       0      14.8331    67.0391     240    13.4078
 0       1      31.3953     3.7709      54     3.0168
 1       1      68.6047    32.9609     118     6.5922
 
                                                                                               
 
 
이벤트 분류 테이블

데이터 역할=TRAIN 타겟=BAD 타겟 레이블=' '

  False       True        False       True
Negative    Negative    Positive    Positive

   506        3216         123         325  


데이터 역할=VALIDATE 타겟=BAD 타겟 레이블=' '

  False       True        False       True
Negative    Negative    Positive    Positive

   240        1378         54          118  
 
                                                                                               
 
 
평가 스코어 순위

데이터 역할=TRAIN 타겟 변수=BAD 타겟 레이블=' '

                              누적 향                             관측치     평균 사
깊이       이득     향상도      상도      반응률    누적반응률      수       후확률

   5    329.776    4.29776    4.29776    85.6459      85.6459       209      0.85102
  10    277.858    3.25691    3.77858    64.9038      75.2998       208      0.60289
  15    224.650    2.18489    3.24650    43.5407      64.6965       209      0.45088
  20    182.190    1.54402    2.82190    30.7692      56.2350       208      0.34995
  25    152.586    1.34455    2.52586    26.7943      50.3356       209      0.28668
  30    128.640    1.08564    2.28640    21.6346      45.5635       208      0.23916
  35    111.033    1.05643    2.11033    21.0526      42.0548       209      0.20241
  40     94.645    0.79613    1.94645    15.8654      38.7890       208      0.17424
  45     82.596    0.86435    1.82596    17.2249      36.3879       209      0.14837
  50     70.638    0.62726    1.70638    12.5000      34.0048       208      0.12516
  55     60.998    0.64826    1.60998    12.9187      32.0837       209      0.10857
  60     52.627    0.60313    1.52627    12.0192      30.4157       208      0.09210
  65     45.118    0.55223    1.45118    11.0048      28.9192       209      0.07854
  70     36.496    0.24125    1.36496     4.8077      27.2011       208      0.06649
  75     28.499    0.16807    1.28499     3.3493      25.6074       209      0.05685
  80     21.089    0.09650    1.21089     1.9231      24.1307       208      0.04777
  85     15.083    0.19208    1.15083     3.8278      22.9337       209      0.03957
  90      9.908    0.21713    1.09908     4.3269      21.9025       208      0.03224
  95      4.490    0.07203    1.04490     1.4354      20.8228       209      0.02596
 100      0.000    0.14475    1.00000     2.8846      19.9281       208      0.01832


데이터 역할=VALIDATE 타겟 변수=BAD 타겟 레이블=' '

                              누적 향                             관측치     평균 사
깊이       이득     향상도      상도      반응률    누적반응률      수       후확률

   5    316.667    4.16667    4.16667    83.3333      83.3333       90       0.84485
  10    237.989    2.58427    3.37989    51.6854      67.5978       89       0.58129
  15    219.703    2.83333    3.19703    56.6667      63.9405       90       0.43700
  20    179.330    1.57303    2.79330    31.4607      55.8659       89       0.34875
  25    143.304    1.00000    2.43304    20.0000      48.6607       90       0.28680
  30    117.877    0.89888    2.17877    17.9775      43.5754       89       0.23817
  35     99.362    0.88889    1.99362    17.7778      39.8724       90       0.20132
  40     82.961    0.67416    1.82961    13.4831      36.5922       89       0.17243
  45     69.355    0.61111    1.69355    12.2222      33.8710       90       0.14560
  50     63.687    1.12360    1.63687    22.4719      32.7374       89       0.12393
  55     51.777    0.33333    1.51777     6.6667      30.3553       90       0.10600
  60     45.717    0.78652    1.45717    15.7303      29.1434       89       0.09159
  65     39.605    0.66667    1.39605    13.3333      27.9210       90       0.08047
  70     32.482    0.39326    1.32482     7.8652      26.4964       89       0.06857
  75     25.093    0.22222    1.25093     4.4444      25.0186       90       0.05887
  80     18.715    0.22472    1.18715     4.4944      23.7430       89       0.04902
  85     13.995    0.38889    1.13995     7.7778      22.7989       90       0.03913
  90      8.007    0.05618    1.08007     1.1236      21.6015       89       0.03124
  95      2.293    0.00000    1.02293     0.0000      20.4586       90       0.02532
 100      0.000    0.56180    1.00000    11.2360      20.0000       89       0.01785
 
                                                                                               
 
 
평가 스코어 분포

데이터 역할=TRAIN 타겟 변수=BAD 타겟 레이블=' '

사후확률     이벤트    비이벤트     평균 사
  범위         수         수        후확률      백분율

0.95-1.00      45           0       0.97536     1.0791
0.90-0.95      27           0       0.92330     0.6475
0.85-0.90      26           1       0.87814     0.6475
0.80-0.85      30           9       0.82374     0.9353
0.75-0.80      25          11       0.77237     0.8633
0.70-0.75      25           9       0.72654     0.8153
0.65-0.70      35          15       0.67657     1.1990
0.60-0.65      33          20       0.62683     1.2710
0.55-0.60      41          20       0.57506     1.4628
0.50-0.55      38          38       0.52351     1.8225
0.45-0.50      32          41       0.47618     1.7506
0.40-0.45      36          41       0.42369     1.8465
0.35-0.40      46          79       0.37426     2.9976
0.30-0.35      47         119       0.32556     3.9808
0.25-0.30      51         141       0.27392     4.6043
0.20-0.25      56         229       0.22551     6.8345
0.15-0.20      69         321       0.17447     9.3525
0.10-0.15      76         466       0.12257    12.9976
0.05-0.10      63         814       0.07216    21.0312
0.00-0.05      30         965       0.03191    23.8609


데이터 역할=VALIDATE 타겟 변수=BAD 타겟 레이블=' '

사후확률     이벤트    비이벤트     평균 사
  범위         수         수        후확률      백분율

0.95-1.00      12           0       0.97889     0.6704
0.90-0.95      15           0       0.92597     0.8380
0.85-0.90      11           3       0.87846     0.7821
0.80-0.85      15           3       0.81914     1.0056
0.75-0.80      11           7       0.77622     1.0056
0.70-0.75      10           2       0.72393     0.6704
0.65-0.70      10           7       0.68396     0.9497
0.60-0.65      10          11       0.62078     1.1732
0.55-0.60      10           4       0.57925     0.7821
0.50-0.55      14          17       0.52234     1.7318
0.45-0.50      25          18       0.47312     2.4022
0.40-0.45      27          16       0.42143     2.4022
0.35-0.40      14          36       0.37334     2.7933
0.30-0.35      23          52       0.32658     4.1899
0.25-0.30      15          70       0.27189     4.7486
0.20-0.25      22          94       0.22376     6.4804
0.15-0.20      20         145       0.17371     9.2179
0.10-0.15      33         191       0.12248    12.5140
0.05-0.10      40         362       0.07378    22.4581
0.00-0.05      21         394       0.03099    23.1844
