*------------------------------------------------------------*
사용자:                Administrator
날짜:                2018년 11월 20일
시간:                11시01분42초
*------------------------------------------------------------*
* 분석 출력
*------------------------------------------------------------*
 
 
 
 
변수 요약
 
          측도 레     빈도
 역할        벨       개수
 
INPUT     BINARY        1
INPUT     INTERVAL     10
INPUT     NOMINAL       1
TARGET    BINARY        1
 
 
 
 
분할 요약
 
                                    관측치
유형              데이터셋            수
 
DATA        EMWS6.Ids4_DATA          5960
TRAIN       EMWS6.Part3_TRAIN        4170
VALIDATE    EMWS6.Part3_VALIDATE     1790


*------------------------------------------------------------*
* 스코어 출력
*------------------------------------------------------------*


*------------------------------------------------------------*
* 리포트 출력
*------------------------------------------------------------*
 
 
 
 
클래스 타겟에 대한 요약 통계량
 
데이터=DATA
 
                  출력형식    빈도
변수    숫자값       값       개수     백분율    레이블
 
BAD        0         0        4771    80.0503
BAD        1         1        1189    19.9497
 
 
데이터=TRAIN
 
                  출력형식    빈도
변수    숫자값       값       개수     백분율    레이블
 
BAD        0         0        3339    80.0719
BAD        1         1         831    19.9281
 
 
데이터=VALIDATE
 
                  출력형식    빈도
변수    숫자값       값       개수    백분율    레이블
 
BAD        0         0        1432      80
BAD        1         1         358      20
