NOTE: 프로시저 PRINTTO 실행(총 프로세스 시간):
      실행 시간           0.00 초
      cpu 시간            0.00 초
      

Traverser: Traverser 불러옴.  MPCONNECT 명령은 !sascmdv -nosyntaxcheck -noasynchio -noobjectserver입니다. 
Traverser: 플로우 Traversal 시작 
17196      data _null_;
MPRINT(EM_DIAGRAM):    data _null_;
17197      file emwipmsg;
MPRINT(EM_DIAGRAM):   file emwipmsg;
17198      put '<Node Id="Ids9" Event="Run" Pid="13196" Gridid=""/>';
MPRINT(EM_DIAGRAM):   put '<Node Id="Ids9" Event="Run" Pid="13196" Gridid=""/>';
17199      run;
MPRINT(EM_DIAGRAM):   run;

NOTE: 파일 EMWIPMSG:
      Local Host Name=DESKTOP-IOK0OJ9,
      Local Host IP addr=fe80::9141:5c52:98cb:6d54%2,
      Peer Hostname Name=DESKTOP-IOK0OJ9,
      Peer IP addr=127.0.0.1,Peer Name=N/A,
      Peer Portno=58864,Lrecl=32767,Recfm=Variable

NOTE: 1개의 레코드를 파일 EMWIPMSG에 기록했습니다.
      최소 레코드 길이는 51입니다.
      최대 레코드 길이는 51입니다.
NOTE: DATA 문장 실행(총 프로세스 시간):
      실행 시간           0.01 초
      cpu 시간            0.01 초
      

17200      %let emloopmode =;
*------------------------------------------------------------* 
* 
* Ids9 : Beginning update before running 
* datetime : 28NOV2018:22:04:15 
* 
*------------------------------------------------------------* 
17201      *------------------------------------------------------------*;
MPRINT(EM_DIAGRAM):     *------------------------------------------------------------*;
17202      * Ids9: Update Variables Set;
MPRINT(EM_DIAGRAM):   * Ids9: Update Variables Set;
17203      *------------------------------------------------------------*;
MPRINT(EM_DIAGRAM):   *------------------------------------------------------------*;

17204      data EMWS5.Ids9_VariableSet;
MPRINT(EM_DIAGRAM):    data EMWS5.Ids9_VariableSet;
17205      length ROLE $32;
MPRINT(EM_DIAGRAM):   length ROLE $32;
17206      length LEVEL $10;
MPRINT(EM_DIAGRAM):   length LEVEL $10;
17207      length REPORT $1;
MPRINT(EM_DIAGRAM):   length REPORT $1;
17208      label REPORT = "리포트";
MPRINT(EM_DIAGRAM):   label REPORT = "리포트";
17209      length ORDER $8;
MPRINT(EM_DIAGRAM):   length ORDER $8;
17210      length DROP $1;
MPRINT(EM_DIAGRAM):   length DROP $1;
17211      length LOWERLIMIT 8;
MPRINT(EM_DIAGRAM):   length LOWERLIMIT 8;
17212      length UPPERLIMIT 8;
MPRINT(EM_DIAGRAM):   length UPPERLIMIT 8;
17213      set EMWS5.Ids9_EMCMETADEFAULT;
MPRINT(EM_DIAGRAM):   set EMWS5.Ids9_EMCMETADEFAULT;
17214      run;
MPRINT(EM_DIAGRAM):   run;

NOTE: 2개의 관측값을 데이터셋 EMWS5.IDS9_EMCMETADEFAULT.에서 읽었습니다.
NOTE: 데이터셋 EMWS5.IDS9_VARIABLESET은(는) 2개의 관측값과 21개의 변수를 가지고 있습니다.
NOTE: DATA 문장 실행(총 프로세스 시간):
      실행 시간           0.03 초
      cpu 시간            0.03 초
      

17215      * Ids9: End of Update Variables Set;
MPRINT(EM_DIAGRAM):    * Ids9: End of Update Variables Set;
17216      *------------------------------------------------------------*;
MPRINT(EM_DIAGRAM):   *------------------------------------------------------------*;

MPRINT(EM_DIAGRAM):    filename _emtool_ 'C:\Users\Administrator\DM_Proj\DataMining2018\Workspaces\EMWS5\Ids9\PROPERTIES.xml' encoding="UTF-8" NOBOM;
17218      %let _HPDMGRIDHOST=;
17219      %let _HPDMGRIDINSTALLLOC=;
17220      %let _HPDMGRIDDATASERVER=;
17221      %hpdm_gridSetOPtions;
MPRINT(EM_DIAGRAM):   
MPRINT(HPDM_GRIDSETOPTIONS):   data _null_;
MPRINT(HPDM_GRIDSETOPTIONS):   length optionString string $2000;
MPRINT(HPDM_GRIDSETOPTIONS):   optionString = reverse(getoption('SET'));
MPRINT(HPDM_GRIDSETOPTIONS):   index = index(optionString, reverse('GRIDHOST'));
MPRINT(HPDM_GRIDSETOPTIONS):   if index then do;
MPRINT(HPDM_GRIDSETOPTIONS):   string = reverse(substr(optionString, 1, index-4));
MPRINT(HPDM_GRIDSETOPTIONS):   host = '"'!!strip(tranwrd(scan(string, 1, ']'), '"', ''))!!'"';
MPRINT(HPDM_GRIDSETOPTIONS):   call symput('_HPDMGRIDHOST', strip(host));
MPRINT(HPDM_GRIDSETOPTIONS):   end;
MPRINT(HPDM_GRIDSETOPTIONS):   index = index(optionString, reverse('GRIDINSTALLLOC'));
MPRINT(HPDM_GRIDSETOPTIONS):   if index then do;
MPRINT(HPDM_GRIDSETOPTIONS):   string = reverse(substr(optionString, 1, index-4));
MPRINT(HPDM_GRIDSETOPTIONS):   install = '"'!!strip(tranwrd(scan(string, 1, ']'), '"', ''))!!'"';
MPRINT(HPDM_GRIDSETOPTIONS):   call symput('_HPDMGRIDINSTALLLOC', strip(install));
MPRINT(HPDM_GRIDSETOPTIONS):   end;
MPRINT(HPDM_GRIDSETOPTIONS):   index = index(optionString, reverse('GRIDDATASERVER'));
MPRINT(HPDM_GRIDSETOPTIONS):   if index then do;
MPRINT(HPDM_GRIDSETOPTIONS):   string = reverse(substr(optionString, 1, index-4));
MPRINT(HPDM_GRIDSETOPTIONS):   server = '"'!!strip(tranwrd(scan(string, 1, ']'), '"', ''))!!'"';
MPRINT(HPDM_GRIDSETOPTIONS):   call symput('_HPDMGRIDDATASERVER', strip(server));
MPRINT(HPDM_GRIDSETOPTIONS):   end;
MPRINT(HPDM_GRIDSETOPTIONS):   run;

NOTE: DATA 문장 실행(총 프로세스 시간):
      실행 시간           0.04 초
      cpu 시간            0.03 초
      

MPRINT(EM_DIAGRAM):  ;

*------------------------------------------------------------* 
* 
* Ids9 : End update 
* datetime : 28NOV2018:22:04:16 
* 
*------------------------------------------------------------* 
17222      %em_getactionstatus(emlib =EMWS5, nodeid=Ids9);
MPRINT(EM_DIAGRAM):   
MPRINT(EM_GETACTIONSTATUS):   proc display c=sashelp.emutil.getactionstatus.scl;
MPRINT(EM_GETACTIONSTATUS):   run;

17223      %let em_Train = Y;
17224      %let em_Report = Y;
17225      %let em_Score = Y;
17226      %let em_Run = Y;
NOTE: 프로시저 DISPLAY 실행(총 프로세스 시간):
      실행 시간           0.03 초
      cpu 시간            0.04 초
      

MPRINT(EM_GETACTIONSTATUS):   
MPRINT(EM_DIAGRAM):  ;

17227      %let emloopmode =;
17228      %let emloopnumber =0;
17229      %let emloopId =Ids9;
*------------------------------------------------------------* 
* 
* Ids9 : Running 
* datetime : 28NOV2018:22:04:16 
* 
*------------------------------------------------------------* 
17230      %let SYSCC =0;
17231      %let EMGROUPMODE =;
17232      %let EMGROUPID =;
MPRINT(EM_DIAGRAM):      filename temp catalog 'sashelp.emutil.em_vardist.source';
MPRINT(EM_DIAGRAM):   filename temp;
MPRINT(EM_DIAGRAM):   filename temp catalog 'sashelp.emutil.em_classdist.source';
MPRINT(EM_DIAGRAM):   filename temp;
MPRINT(EM_DIAGRAM):   filename temp catalog 'sashelp.emutil.em_checksetinit.source';
MPRINT(EM_DIAGRAM):   filename temp;
MPRINT(EM_DIAGRAM):   filename temp catalog 'sashelp.emutil.em_checkerror.source';
MPRINT(EM_DIAGRAM):   filename temp;
MPRINT(EM_DIAGRAM):   filename temp catalog 'sashelp.emutil.em_odsliston.source';
MPRINT(EM_DIAGRAM):   filename temp;
MPRINT(EM_DIAGRAM):   filename temp catalog 'sashelp.emutil.em_odslistoff.source';
MPRINT(EM_DIAGRAM):   filename temp;
MPRINT(EM_DIAGRAM):   filename temp catalog 'sashelp.emutil.em_getvarname.source';
MPRINT(EM_DIAGRAM):   filename temp;
MPRINT(EM_DIAGRAM):   filename temp catalog 'sashelp.emassmt.em_assess.source';
MPRINT(EM_DIAGRAM):   filename temp;
MPRINT(EM_DIAGRAM):    filename L1RE6AOM "C:\Users\Administrator\DM_Proj\DataMining2018\Workspaces\EMWS5\Ids9\EMTRAIN.log" encoding="UTF-8" NOBOM;
MPRINT(EM_DIAGRAM):   proc printto log=L1RE6AOM new;
MPRINT(EM_DIAGRAM):   run;
