 
                                                                                                                                                                                                                                                                
 
 
변수 요약

        측도 레    빈도
역할      벨       개수

TEXT    NOMINAL      1 
 
                                                                                                                                                                                                                                                                
 
 

The HPTMINE Procedure

      Performance Information

Execution Mode       Single-Machine
Number of Threads    4             


                  Data Access Information
 
Data                           Engine    Role      Path

EMWS5.TEXTPARSING7_TRAIN       V9        Input     On Client
EMWS5.TEXTPARSING7_TMOUTPOS    V9        Output    On Client
EMWS5.TEXTPARSING7_TMOUT       V9        Output    On Client
EMWS5.TEXTPARSING7_TERMS       V9        Output    On Client
EMWS5.TEXTPARSING7_TMCONFIG    V9        Output    On Client


                 Procedure Task Timing
 
Task                                Seconds      Percent

 Parse documents                       5.10      90.20% 
 Index documents                       0.39       6.95% 
 Output raw parsing results            0.01       0.14% 
 Analyze terms                         0.03       0.51% 
 Obtain term frequency                 0.06       1.11% 
 Filter terms                          0.03       0.50% 
 Generate term-document matrix         0.02       0.41% 
 Output OUTCHILD table                 0.00       0.09% 
 Output OUTTERMS table                 0.00       0.05% 
 Output OUTCONFIG table                0.00       0.04% 
