*------------------------------------------------------------*
사용자:                Administrator
날짜:                2018년 10월 09일
시간:                09시50분03초
*------------------------------------------------------------*
* 분석 출력
*------------------------------------------------------------*
 
 
 
 
변수 요약
 
        측도 레    빈도
역할      벨       개수
 
TEXT    NOMINAL      1
 
 
 
 
 
The HPTMINE Procedure
 
      Performance Information
 
Execution Mode       Single-Machine
Number of Threads    4
 
 
                  Data Access Information
 
Data                          Engine    Role      Path
 
EMWS2.TEXTPARSING_TRAIN       V9        Input     On Client
EMWS2.TEXTPARSING_TMOUTPOS    V9        Output    On Client
EMWS2.TEXTPARSING_TMOUT       V9        Output    On Client
EMWS2.TEXTPARSING_TERMS       V9        Output    On Client
EMWS2.TEXTPARSING_TMCONFIG    V9        Output    On Client
 
 
                 Procedure Task Timing
 
Task                                Seconds      Percent
 
 Parse documents                      67.41      96.57%
 Index documents                       1.68       2.41%
 Output raw parsing results            0.10       0.15%
 Analyze terms                         0.13       0.18%
 Obtain term frequency                 0.29       0.42%
 Filter terms                          0.14       0.20%
 Generate term-document matrix         0.03       0.04%
 Output OUTCHILD table                 0.02       0.03%
 Output OUTTERMS table                 0.01       0.01%
 Output OUTCONFIG table                0.00       0.00%


*------------------------------------------------------------*
* 스코어 출력
*------------------------------------------------------------*


*------------------------------------------------------------*
* 리포트 출력
*------------------------------------------------------------*
