*------------------------------------------------------------*
사용자:                Administrator
날짜:                2018년 11월 06일
시간:                10시33분08초
*------------------------------------------------------------*
* 분석 출력
*------------------------------------------------------------*
 
 
 
 
변수 요약
 
         측도 레     빈도
역할        벨       개수
 
ID       NOMINAL       1
INPUT    INTERVAL      4


*------------------------------------------------------------*
* 스코어 출력
*------------------------------------------------------------*


*------------------------------------------------------------*
* 리포트 출력
*------------------------------------------------------------*
 
 
 
 
변수 중요도
 
                        분리    대체
변수 이                 규칙    규칙
   름        레이블     개수    개수     중요도
 
LEISURE     LEISURE       3       6     1.00000
ORIGINAL    ORIGINAL      3       4     0.96356
FASHION     FASHION       4       2     0.87875
STRETCH     STRETCH       1       4     0.85181
