MPRINT(EM_DIAGRAM):    data _null_;
MPRINT(EM_DIAGRAM):   call symput('NLDATE', strip(put(date(), NLDATE.)));
MPRINT(EM_DIAGRAM):   call symput('NLTIME', strip(put(datetime(), NLTIME.)));
MPRINT(EM_DIAGRAM):   run;
MPRINT(EM_DIAGRAM):   data _null_;
MPRINT(EM_DIAGRAM):   nldate= sasmsg("sashelp.dmine", "log_date_note", 'N', "2018년 11월 06일" );
MPRINT(EM_DIAGRAM):   nltime= sasmsg("sashelp.dmine", "log_time_note", 'N', "10시32분56초" );
MPRINT(EM_DIAGRAM):   put "*------------------------------------------------------------*";
MPRINT(EM_DIAGRAM):   put "* 분석 로그";
MPRINT(EM_DIAGRAM):   put nldate;
MPRINT(EM_DIAGRAM):   put nltime;
MPRINT(EM_DIAGRAM):   put "*------------------------------------------------------------*";
MPRINT(EM_DIAGRAM):   run;
*------------------------------------------------------------*
* 분석 로그
날짜:                2018년 11월 06일
시간:                10시32분56초
*------------------------------------------------------------*
MPRINT(EM_DIAGRAM):    filename O01D79Y4 "C:\Users\Administrator\DM_Proj\DataMining2018\Workspaces\EMWS4\Clus\EMTRAIN.out" encoding="UTF-8" NOBOM;
MPRINT(EM_DIAGRAM):   proc printto print=O01D79Y4 new;
MPRINT(EM_DIAGRAM):   run;
MPRINT(EM_DIAGRAM):    filename _LOG "C:\Users\Administrator\DM_Proj\DataMining2018\Workspaces\EMWS4\Clus\EMLOG.log" encoding="UTF-8" NOBOM;
MPRINT(EM_DIAGRAM):    data _null_;
MPRINT(EM_DIAGRAM):   call symput('NLDATE', strip(put(date(), NLDATE.)));
MPRINT(EM_DIAGRAM):   call symput('NLTIME', strip(put(datetime(), NLTIME.)));
MPRINT(EM_DIAGRAM):   run;
MPRINT(EM_DIAGRAM):   data _null_;
MPRINT(EM_DIAGRAM):   nldate= sasmsg("sashelp.dmine", "log_date_note", 'N', "2018년 11월 06일" );
MPRINT(EM_DIAGRAM):   nltime= sasmsg("sashelp.dmine", "log_time_note", 'N', "10시32분56초" );
MPRINT(EM_DIAGRAM):   file _LOG;
MPRINT(EM_DIAGRAM):   put "*------------------------------------------------------------*";
MPRINT(EM_DIAGRAM):   put "사용자:                Administrator";
MPRINT(EM_DIAGRAM):   put nldate;
MPRINT(EM_DIAGRAM):   put nltime;
MPRINT(EM_DIAGRAM):   put "사이트:                10503192";
MPRINT(EM_DIAGRAM):   put "플랫폼:            X64_10HOME";
MPRINT(EM_DIAGRAM):   put "관리 릴리스: 9.04.01M4P110916";
MPRINT(EM_DIAGRAM):   put "EM 버전:          14.2";
MPRINT(EM_DIAGRAM):   put "* ";
MPRINT(EM_DIAGRAM):   run;
MPRINT(EM_DIAGRAM):    filename _LOGIN "C:\Users\Administrator\DM_Proj\DataMining2018\Workspaces\EMWS4\Clus\EMTRAIN.log" encoding="UTF-8" NOBOM;
MPRINT(EM_COPYFILE):   data _null_;
MPRINT(EM_COPYFILE):   length line $20000;
MPRINT(EM_COPYFILE):   file _LOG MOD lrecl=20000;
MPRINT(EM_COPYFILE):   fid=fopen("_LOGIN",'i',20000,'v');
MPRINT(EM_COPYFILE):   if fid > 0 then do;
MPRINT(EM_COPYFILE):   do while(^fread(fid));
MPRINT(EM_COPYFILE):   rlen = frlen(fid);
MPRINT(EM_COPYFILE):   rc= fget(fid,line,20000);
MPRINT(EM_COPYFILE):   start = length(line)-length(left(line))+1;
MPRINT(EM_COPYFILE):   line=strip(line);
MPRINT(EM_COPYFILE):   put @start line;
MPRINT(EM_COPYFILE):   end;
MPRINT(EM_COPYFILE):   if fid > 0 then rc=fclose(fid);
MPRINT(EM_COPYFILE):   end;
MPRINT(EM_COPYFILE):   run;
MPRINT(EM_DIAGRAM):  ;
MPRINT(EM_DIAGRAM):   filename _LOGIN;
MPRINT(EM_DIAGRAM):    data _null_;
MPRINT(EM_DIAGRAM):   file _LOG mod;
MPRINT(EM_DIAGRAM):   put _page_;
MPRINT(EM_DIAGRAM):   run;
MPRINT(EM_DIAGRAM):   filename _LOGIN "C:\Users\Administrator\DM_Proj\DataMining2018\Workspaces\EMWS4\Clus\EMSCORE.log" encoding="UTF-8" NOBOM;
MPRINT(EM_DIAGRAM):  ;
MPRINT(EM_DIAGRAM):   data _null_;
MPRINT(EM_DIAGRAM):   file _LOG mod;
MPRINT(EM_DIAGRAM):   put _page_;
MPRINT(EM_DIAGRAM):   run;
MPRINT(EM_DIAGRAM):    filename _LOGIN "C:\Users\Administrator\DM_Proj\DataMining2018\Workspaces\EMWS4\Clus\EMREPORT.log" encoding="UTF-8" NOBOM;
MPRINT(EM_DIAGRAM):  ;
MPRINT(EM_DIAGRAM):   filename _LOGIN;
MPRINT(EM_DIAGRAM):    filename _LOG;
MPRINT(EM_DIAGRAM):    filename _OUT "C:\Users\Administrator\DM_Proj\DataMining2018\Workspaces\EMWS4\Clus\EMOUTPUT.out" encoding="UTF-8" NOBOM;
MPRINT(EM_DIAGRAM):    data _null_;
MPRINT(EM_DIAGRAM):   call symput('NLDATE', strip(put(date(), NLDATE.)));
MPRINT(EM_DIAGRAM):   call symput('NLTIME', strip(put(datetime(), NLTIME.)));
MPRINT(EM_DIAGRAM):   run;
MPRINT(EM_DIAGRAM):   data _null_;
MPRINT(EM_DIAGRAM):   nldate= sasmsg("sashelp.dmine", "log_date_note", 'N', "2018년 11월 06일" );
MPRINT(EM_DIAGRAM):   nltime= sasmsg("sashelp.dmine", "log_time_note", 'N', "10시32분56초" );
MPRINT(EM_DIAGRAM):   file _OUT;
MPRINT(EM_DIAGRAM):   put "*------------------------------------------------------------*";
MPRINT(EM_DIAGRAM):   put "사용자:                Administrator";
MPRINT(EM_DIAGRAM):   put nldate;
MPRINT(EM_DIAGRAM):   put nltime;
MPRINT(EM_DIAGRAM):   put "*------------------------------------------------------------*";
MPRINT(EM_DIAGRAM):   put "* 분석 출력";
MPRINT(EM_DIAGRAM):   put "*------------------------------------------------------------*";
MPRINT(EM_DIAGRAM):   run;
MPRINT(EM_DIAGRAM):    filename _OUTIN "C:\Users\Administrator\DM_Proj\DataMining2018\Workspaces\EMWS4\Clus\EMTRAIN.out" encoding="UTF-8" NOBOM;
MPRINT(EM_DIAGRAM):   ;
MPRINT(EM_COPYFILE):   data _null_;
MPRINT(EM_COPYFILE):   length line $20000;
MPRINT(EM_COPYFILE):   file _OUT MOD lrecl=20000;
MPRINT(EM_COPYFILE):   fid=fopen("_OUTIN",'i',20000,'v');
MPRINT(EM_COPYFILE):   if fid > 0 then do;
MPRINT(EM_COPYFILE):   do while(^fread(fid));
MPRINT(EM_COPYFILE):   rlen = frlen(fid);
MPRINT(EM_COPYFILE):   rc= fget(fid,line,20000);
MPRINT(EM_COPYFILE):   start = length(line)-length(left(line))+1;
MPRINT(EM_COPYFILE):   line=strip(line);
MPRINT(EM_COPYFILE):   put @start line;
MPRINT(EM_COPYFILE):   end;
MPRINT(EM_COPYFILE):   if fid > 0 then rc=fclose(fid);
MPRINT(EM_COPYFILE):   end;
MPRINT(EM_COPYFILE):   run;
MPRINT(EM_DIAGRAM):  ;
MPRINT(EM_DIAGRAM):   filename _OUTIN;
MPRINT(EM_DIAGRAM):    data _null_;
MPRINT(EM_DIAGRAM):   file _OUT mod;
MPRINT(EM_DIAGRAM):   put _page_;
MPRINT(EM_DIAGRAM):   put // "*------------------------------------------------------------*";
MPRINT(EM_DIAGRAM):   put "* 스코어 출력";
MPRINT(EM_DIAGRAM):   put "*------------------------------------------------------------*";
MPRINT(EM_DIAGRAM):   run;
MPRINT(EM_DIAGRAM):    filename _OUTIN "C:\Users\Administrator\DM_Proj\DataMining2018\Workspaces\EMWS4\Clus\EMSCORE.out" encoding="UTF-8" NOBOM;
MPRINT(EM_DIAGRAM):  ;
MPRINT(EM_DIAGRAM):   filename _OUTIN;
MPRINT(EM_DIAGRAM):    data _null_;
MPRINT(EM_DIAGRAM):   file _OUT mod;
MPRINT(EM_DIAGRAM):   put _page_;
MPRINT(EM_DIAGRAM):   put // "*------------------------------------------------------------*";
MPRINT(EM_DIAGRAM):   put "* 리포트 출력";
MPRINT(EM_DIAGRAM):   put "*------------------------------------------------------------*";
MPRINT(EM_DIAGRAM):   run;
MPRINT(EM_DIAGRAM):    filename _OUTIN "C:\Users\Administrator\DM_Proj\DataMining2018\Workspaces\EMWS4\Clus\EMREPORT.out" encoding="UTF-8" NOBOM;
MPRINT(EM_DIAGRAM):  ;
MPRINT(EM_DIAGRAM):   filename _OUTIN;
MPRINT(EM_DIAGRAM):    filename _OUT;
MPRINT(EM_DIAGRAM):    filename _emtool_ 'C:\Users\Administrator\DM_Proj\DataMining2018\Workspaces\EMWS4\Clus\EMRUNSTATUS.xml' encoding="UTF-8" NOBOM;
22112      proc freq data=EMWS4.Clus_VariableSet noprint;
MPRINT(EM_DIAGRAM):    proc freq data=EMWS4.Clus_VariableSet noprint;
22113      table ROLE*LEVEL/out=WORK.ClusMETA;
MPRINT(EM_DIAGRAM):   table ROLE*LEVEL/out=WORK.ClusMETA;
22114      run;
MPRINT(EM_DIAGRAM):   run;

NOTE: 5개의 관측값을 데이터셋 EMWS4.CLUS_VARIABLESET.에서 읽었습니다.
NOTE: 데이터셋 WORK.CLUSMETA은(는) 2개의 관측값과 4개의 변수를 가지고 있습니다.
NOTE: 프로시저 FREQ 실행(총 프로세스 시간):
      실행 시간           0.04 초
      cpu 시간            0.04 초
      

22115      proc print data=WORK.ClusMETA label noobs;
MPRINT(EM_DIAGRAM):   proc print data=WORK.ClusMETA label noobs;
22116      var ROLE LEVEL COUNT;
MPRINT(EM_DIAGRAM):   var ROLE LEVEL COUNT;
22117      label ROLE = "%sysfunc(sasmsg(sashelp.dmine, meta_role_vlabel, NOQUOTE))" LEVEL = "%sysfunc(sasmsg(sashelp.dmine, meta_level_vlabel, NOQUOTE))" COUNT = "%sysfunc(sasmsg(sashelp.dmine, rpt_count_vlabel, NOQUOTE))";
MPRINT(EM_DIAGRAM):   label ROLE = "역할" LEVEL = "측도 레벨" COUNT = "빈도 개수";
22118      title9 ' ';
MPRINT(EM_DIAGRAM):   title9 ' ';
22119      title10 "%sysfunc(sasmsg(sashelp.dmine, rpt_varSummary_title  , NOQUOTE))";
MPRINT(EM_DIAGRAM):   title10 "변수 요약";
MPRINT(EM_DIAGRAM):   run;
22120      run;

NOTE: 2개의 관측값을 데이터셋 WORK.CLUSMETA.에서 읽었습니다.
NOTE: 출력 결과 (프로시저: PRINT, 페이지: 1)
NOTE: 프로시저 PRINT 실행(총 프로세스 시간):
      실행 시간           0.03 초
      cpu 시간            0.03 초
      

22121      title10;
MPRINT(EM_DIAGRAM):   title10;
22122      data WORK.M0VB_M1P;
MPRINT(EM_DIAGRAM):    data WORK.M0VB_M1P;
22123      set WORK.M0VB_M1P;
MPRINT(EM_DIAGRAM):   set WORK.M0VB_M1P;
22124      if role eq 'REJECTED' then role = 'INPUT';
MPRINT(EM_DIAGRAM):   if role eq 'REJECTED' then role = 'INPUT';
22125      run;
MPRINT(EM_DIAGRAM):   run;

NOTE: 4개의 관측값을 데이터셋 WORK.M0VB_M1P.에서 읽었습니다.
NOTE: 데이터셋 WORK.M0VB_M1P은(는) 4개의 관측값과 21개의 변수를 가지고 있습니다.
NOTE: DATA 문장 실행(총 프로세스 시간):
      실행 시간           0.01 초
      cpu 시간            0.01 초
      

MPRINT(EM_DIAGRAM):    *------------------------------------------------------------*;
MPRINT(EM_DIAGRAM):   * Clus: 분석용 메타데이터 준비;
MPRINT(EM_DIAGRAM):   ;
MPRINT(EM_DIAGRAM):   *------------------------------------------------------------*;
MPRINT(EM_DIAGRAM):   data WORK.M0VB_M1P;
MPRINT(EM_DIAGRAM):   set WORK.M0VB_M1P;
MPRINT(EM_DIAGRAM):   if role eq 'REJECTED' then role = 'INPUT';
MPRINT(EM_DIAGRAM):   run;
22134      *------------------------------------------------------------*;
MPRINT(EM_DIAGRAM):    *------------------------------------------------------------*;
22135      * Clus: 분석;
MPRINT(EM_DIAGRAM):   * Clus: 분석;
22136      *------------------------------------------------------------*;
MPRINT(EM_DIAGRAM):   *------------------------------------------------------------*;
22137      *------------------------------------------------------------* ;
MPRINT(EM_DIAGRAM):   *------------------------------------------------------------* ;
22138      * Clus: DMDBClass Macro ;
MPRINT(EM_DIAGRAM):   * Clus: DMDBClass Macro ;
22139      *------------------------------------------------------------* ;
MPRINT(EM_DIAGRAM):   *------------------------------------------------------------* ;
22140      %macro DMDBClass;
22141      
22142      %mend DMDBClass;
22143      *------------------------------------------------------------* ;
MPRINT(EM_DIAGRAM):   *------------------------------------------------------------* ;
22144      * Clus: DMDBVar Macro ;
MPRINT(EM_DIAGRAM):   * Clus: DMDBVar Macro ;
22145      *------------------------------------------------------------* ;
MPRINT(EM_DIAGRAM):   *------------------------------------------------------------* ;
22146      %macro DMDBVar;
22147          FASHION LEISURE ORIGINAL STRETCH
22148      %mend DMDBVar;
22149      *------------------------------------------------------------*;
MPRINT(EM_DIAGRAM):   *------------------------------------------------------------*;
22150      * Clus: Create DMDB;
MPRINT(EM_DIAGRAM):   * Clus: Create DMDB;
22151      *------------------------------------------------------------*;
MPRINT(EM_DIAGRAM):   *------------------------------------------------------------*;
22152      proc dmdb batch data=EMWS4.Ids_DATA
22153      dmdbcat=WORK.Clus_DMDB
22154      maxlevel = 513
22155      out=WORK.Clus_DMDB
22156      ;
MPRINT(EM_DIAGRAM):   proc dmdb batch data=EMWS4.Ids_DATA dmdbcat=WORK.Clus_DMDB maxlevel = 513 out=WORK.Clus_DMDB ;
MPRINT(EM_DIAGRAM):   var
22157      var %DMDBVar;
MPRINT(DMDBVAR):   FASHION LEISURE ORIGINAL STRETCH
MPRINT(EM_DIAGRAM):  ;
22158      run;
MPRINT(EM_DIAGRAM):   run;

NOTE: Records processed = 689   Memory used = 511K.
NOTE: View EMWS4.IDS_DATA.VIEW 실행(총 프로세스 시간):
      실행 시간           0.08 초
      cpu 시간            0.06 초
      
NOTE: 689개의 관측값을 데이터셋 DM_LIB.JEAN.에서 읽었습니다.
NOTE: 689개의 관측값을 데이터셋 EMWS4.IDS_DATA.에서 읽었습니다.
NOTE: 데이터셋 WORK.CLUS_DMDB은(는) 689개의 관측값과 4개의 변수를 가지고 있습니다.
NOTE: 프로시저 DMDB 실행(총 프로세스 시간):
      실행 시간           0.11 초
      cpu 시간            0.09 초
      

MPRINT(EM_DIAGRAM):   quit;
MPRINT(EM_DIAGRAM):   *--- end code ---*;
22159      quit;
22160      *--- end code ---*;

22161      *------------------------------------------------------------* ;
MPRINT(EM_DIAGRAM):    *------------------------------------------------------------* ;
22162      * Clus: Interval 입력 Macro ;
MPRINT(EM_DIAGRAM):   * Clus: Interval 입력 Macro ;
22163      *------------------------------------------------------------* ;
MPRINT(EM_DIAGRAM):   *------------------------------------------------------------* ;
22164      %macro DMVQINTERVAL;
22165          FASHION LEISURE ORIGINAL STRETCH
22166      %mend DMVQINTERVAL;
22167      *------------------------------------------------------------*;
MPRINT(EM_DIAGRAM):   *------------------------------------------------------------*;
22168      * Clus: DMVQ 프로시저 실행;
MPRINT(EM_DIAGRAM):   * Clus: DMVQ 프로시저 실행;
22169      *------------------------------------------------------------*;
MPRINT(EM_DIAGRAM):   *------------------------------------------------------------*;
22170      title;
MPRINT(EM_DIAGRAM):   title;
22171      options nodate;
MPRINT(EM_DIAGRAM):   options nodate;
22172      proc dmvq data=WORK.Clus_DMDB dmdbcat=WORK.Clus_DMDB std=STD nominal=GLM ordinal=RANK
22173      ;
MPRINT(EM_DIAGRAM):   proc dmvq data=WORK.Clus_DMDB dmdbcat=WORK.Clus_DMDB std=STD nominal=GLM ordinal=RANK ;
NOTE: The training set WORK.CLUS_DMDB.DATA has 4 variable(s).
NOTE: The DMVQ statement has finished with return code=0 and status=begin.
MPRINT(EM_DIAGRAM):   input
22174      input %DMVQINTERVAL / level=interval;
MPRINT(DMVQINTERVAL):   FASHION LEISURE ORIGINAL STRETCH
MPRINT(EM_DIAGRAM):   / level=interval;
NOTE: 4 input variable(s) defined for ID=I1.
NOTE: The INPUT statement has finished with return code=0 and status=variables.
22175      VQ maxc = 5 clusname=_SEGMENT_ CLUSLABEL="세그먼트 ID" DISTLABEL="거리";
MPRINT(EM_DIAGRAM):   VQ maxc = 5 clusname=_SEGMENT_ CLUSLABEL="세그먼트 ID" DISTLABEL="거리";
NOTE: A maximum of 5 clusters have been requested.
NOTE: The VQ statement has finished with return code=0 and status=architecture.
22176      MAKE outvar=EMWS4.Clus_OUTVAR;
MPRINT(EM_DIAGRAM):   MAKE outvar=EMWS4.Clus_OUTVAR;

NOTE: 4 input variable(s).
NOTE: Number of cases=689
NOTE: Sum of frequencies=689
NOTE: Sum of weights=689
NOTE: VARDEF=DF      
NOTE: Maximum number of categories=0
NOTE: The total number of variables is 4 with dimensionality 4.
NOTE: 4 variables will be used for clustering.
NOTE: Open output data set EMWS4.CLUS_OUTVAR.DATA with 5 variables.
NOTE: 데이터셋 EMWS4.CLUS_OUTVAR은(는) 4개의 관측값과 5개의 변수를 가지고 있습니다.
NOTE: The MAKE statement has finished with return code=0 and status=made.
22177      INITIAL radius=0
22178      ;
MPRINT(EM_DIAGRAM):   INITIAL radius=0 ;
NOTE: 5 seeds were selected from data set WORK.CLUS_DMDB.DATA using the SEPARATE algorithm.
NOTE: The INITIAL statement has finished with return code=0 and status=initialized.
22179      TRAIN tech=FORGY
22180      ;
MPRINT(EM_DIAGRAM):   TRAIN tech=FORGY ;
NOTE: X-Convergence criterion is satisfied.
NOTE: The TRAIN statement has finished with return code=0 and status=trained.
22181      SAVE outstat=EMWS4.Clus_OUTSTAT outmean=EMWS4.Clus_OUTMEAN;
MPRINT(EM_DIAGRAM):   SAVE outstat=EMWS4.Clus_OUTSTAT outmean=EMWS4.Clus_OUTMEAN;
NOTE: 데이터셋 EMWS4.CLUS_OUTSTAT은(는) 46개의 관측값과 7개의 변수를 가지고 있습니다.
NOTE: 데이터셋 EMWS4.CLUS_OUTMEAN은(는) 5개의 관측값과 13개의 변수를 가지고 있습니다.
NOTE: The SAVE statement has finished with return code=0 and status=statistics.
22182      code file="C:\Users\Administrator\DM_Proj\DataMining2018\Workspaces\EMWS4\Clus\DMVQSCORECODE.sas"
22183      group=Clus
22184      ;
MPRINT(EM_DIAGRAM):   code file="C:\Users\Administrator\DM_Proj\DataMining2018\Workspaces\EMWS4\Clus\DMVQSCORECODE.sas" group=Clus ;
NOTE: External file C:\Users\Administrator\DM_Proj\DataMining2018\Workspaces\EMWS4\Clus\DMVQSCORECODE.sas opened.
NOTE: The CODE statement has finished with return code=0 and status=statistics.
22185      run;
MPRINT(EM_DIAGRAM):   run;

22186      quit;
MPRINT(EM_DIAGRAM):   quit;

NOTE: 689개의 관측값을 데이터셋 WORK.CLUS_DMDB.에서 읽었습니다.
NOTE: 프로시저 DMVQ 실행(총 프로세스 시간):
      실행 시간           0.05 초
      cpu 시간            0.04 초
      

22187      libname _spdslib;
MPRINT(EM_DIAGRAM):    libname _spdslib;
WARNING: 라이브러리 참조 _SPDSLIB은(는) 할당되지 않았습니다.
22188      *------------------------------------------------------------*;
MPRINT(EM_DIAGRAM):    *------------------------------------------------------------*;
22189      * Clus: Cluster Label;
MPRINT(EM_DIAGRAM):   * Clus: Cluster Label;
22190      *------------------------------------------------------------*;
MPRINT(EM_DIAGRAM):   *------------------------------------------------------------*;
22191      data EMWS4.Clus_LABEL;
MPRINT(EM_DIAGRAM):   data EMWS4.Clus_LABEL;
22192      length _SEGMENT_ 8 Label $80;
MPRINT(EM_DIAGRAM):   length _SEGMENT_ 8 Label $80;
22193      format _SEGMENT_ 4.;
MPRINT(EM_DIAGRAM):   format _SEGMENT_ 4.;
22194      label _SEGMENT_ = "%sysfunc(sasmsg(sashelp.dmine, rpt_segmentName_vlabel,  NOQUOTE))";
MPRINT(EM_DIAGRAM):   label _SEGMENT_ = "세그먼트 이름";
22195      label Label = "%sysfunc(sasmsg(sashelp.dmine, rpt_segmentLabel_vlabel,  NOQUOTE))";
MPRINT(EM_DIAGRAM):   label Label = "세그먼트 레이블";
22196      _SEGMENT_= 1;
MPRINT(EM_DIAGRAM):   _SEGMENT_= 1;
22197      Label='Cluster1';
MPRINT(EM_DIAGRAM):   Label='Cluster1';
22198      output;
MPRINT(EM_DIAGRAM):   output;
22199      _SEGMENT_= 2;
MPRINT(EM_DIAGRAM):   _SEGMENT_= 2;
22200      Label='Cluster2';
MPRINT(EM_DIAGRAM):   Label='Cluster2';
22201      output;
MPRINT(EM_DIAGRAM):   output;
22202      _SEGMENT_= 3;
MPRINT(EM_DIAGRAM):   _SEGMENT_= 3;
22203      Label='Cluster3';
MPRINT(EM_DIAGRAM):   Label='Cluster3';
22204      output;
MPRINT(EM_DIAGRAM):   output;
22205      _SEGMENT_= 4;
MPRINT(EM_DIAGRAM):   _SEGMENT_= 4;
22206      Label='Cluster4';
MPRINT(EM_DIAGRAM):   Label='Cluster4';
22207      output;
MPRINT(EM_DIAGRAM):   output;
22208      _SEGMENT_= 5;
MPRINT(EM_DIAGRAM):   _SEGMENT_= 5;
22209      Label='Cluster5';
MPRINT(EM_DIAGRAM):   Label='Cluster5';
22210      output;
MPRINT(EM_DIAGRAM):   output;
22211      run;
MPRINT(EM_DIAGRAM):   run;

NOTE: 데이터셋 EMWS4.CLUS_LABEL은(는) 5개의 관측값과 2개의 변수를 가지고 있습니다.
NOTE: DATA 문장 실행(총 프로세스 시간):
      실행 시간           0.02 초
      cpu 시간            0.03 초
      

MPRINT(EM_DIAGRAM):    proc printto;
MPRINT(EM_DIAGRAM):   run;
