 
                                                                                               
 
 
적합통계량

타겟=BAD 타겟 레이블=' '

적합통계량    통계량 레이블            분석       평가

 _ASE_        평균제곱오차             0.13       0.13
 _DIV_        ASE의 분모            8340.00    3580.00
 _MAX_        최대절대오차             0.99       0.92
 _NOBS_       빈도 합계             4170.00    1790.00
 _RASE_       제곱근평균제곱오차       0.36       0.37
 _SSE_        오차제곱합            1086.15     481.77
 _DISF_       분류된 관측치 빈도    4170.00    1790.00
 _MISC_       오분류 비율              0.17       0.17
 _WRONG_      잘못된 분류 수         703.00     310.00
 
                                                                                               
 
 
분류 테이블

데이터 역할=TRAIN 타겟 변수=BAD 타겟 레이블=' '

                타겟 백    결과 백    빈도    총 백분
타겟    결과      분율       분율     개수       율

 0       0      83.8992    97.6939    3262    78.2254
 1       0      16.1008    75.3309     626    15.0120
 0       1      27.3050     2.3061      77     1.8465
 1       1      72.6950    24.6691     205     4.9161


데이터 역할=VALIDATE 타겟 변수=BAD 타겟 레이블=' '

                타겟 백    결과 백    빈도    총 백분
타겟    결과      분율       분율     개수       율

 0       0      83.2740    98.0447    1404    78.4358
 1       0      16.7260    78.7709     282    15.7542
 0       1      26.9231     1.9553      28     1.5642
 1       1      73.0769    21.2291      76     4.2458
 
                                                                                               
 
 
이벤트 분류 테이블

데이터 역할=TRAIN 타겟=BAD 타겟 레이블=' '

  False       True        False       True
Negative    Negative    Positive    Positive

   626        3262         77          205  


데이터 역할=VALIDATE 타겟=BAD 타겟 레이블=' '

  False       True        False       True
Negative    Negative    Positive    Positive

   282        1404         28          76   
 
                                                                                               
 
 
평가 스코어 순위

데이터 역할=TRAIN 타겟 변수=BAD 타겟 레이블=' '

                              누적 향                             관측치     평균 사
깊이       이득     향상도      상도      반응률    누적반응률      수       후확률

   5    310.568    4.10568    4.10568    81.8182      81.8182       209      0.68590
  10    221.300    2.31602    3.21300    46.1538      64.0288       208      0.48383
  15    187.776    2.20890    2.87776    44.0191      57.3482       209      0.39059
  20    161.131    1.80939    2.61131    36.0577      52.0384       208      0.34144
  25    136.228    1.36856    2.36228    27.2727      47.0757       209      0.30851
  30    118.612    1.30276    2.18612    25.9615      43.5651       208      0.28686
  35    100.722    0.93638    2.00722    18.6603      40.0000       209      0.27088
  40     86.221    0.84438    1.86221    16.8269      37.1103       208      0.25777
  45     72.972    0.67227    1.72972    13.3971      34.4699       209      0.24559
  50     62.455    0.67551    1.62455    13.4615      32.3741       208      0.23415
  55     55.091    0.81633    1.55091    16.2679      30.9067       209      0.22249
  60     47.613    0.65138    1.47613    12.9808      29.4165       208      0.21218
  65     40.491    0.55223    1.40491    11.0048      27.9970       209      0.20118
  70     33.746    0.45838    1.33746     9.1346      26.6530       208      0.19043
  75     26.735    0.28812    1.26735     5.7416      25.2558       209      0.18024
  80     20.788    0.31363    1.20788     6.2500      24.0707       208      0.16994
  85     14.658    0.16807    1.14658     3.3493      22.8491       209      0.15826
  90      9.373    0.19300    1.09373     3.8462      21.7959       208      0.14298
  95      4.617    0.19208    1.04617     3.8278      20.8481       209      0.12185
 100      0.000    0.12063    1.00000     2.4038      19.9281       208      0.07930


데이터 역할=VALIDATE 타겟 변수=BAD 타겟 레이블=' '

                              누적 향                             관측치     평균 사
깊이       이득     향상도      상도      반응률    누적반응률      수       후확률

   5    250.000    3.50000    3.50000    70.0000      70.0000       90       0.65863
  10    210.056    2.69663    3.10056    53.9326      62.0112       89       0.46135
  15    184.387    2.33333    2.84387    46.6667      56.8773       90       0.38350
  20    159.777    1.85393    2.59777    37.0787      51.9553       89       0.33628
  25    134.375    1.33333    2.34375    26.6667      46.8750       90       0.30584
  30    114.153    1.12360    2.14153    22.4719      42.8305       89       0.28557
  35     92.982    0.66667    1.92982    13.3333      38.5965       90       0.26992
  40     80.866    0.95506    1.80866    19.1011      36.1732       89       0.25656
  45     73.077    1.11111    1.73077    22.2222      34.6154       90       0.24417
  50     62.011    0.61798    1.62011    12.3596      32.4022       89       0.23364
  55     51.269    0.44444    1.51269     8.8889      30.2538       90       0.22243
  60     44.320    0.67416    1.44320    13.4831      28.8641       89       0.21237
  65     37.887    0.61111    1.37887    12.2222      27.5773       90       0.20129
  70     30.886    0.39326    1.30886     7.8652      26.1772       89       0.19251
  75     24.721    0.38889    1.24721     7.7778      24.9442       90       0.18117
  80     19.064    0.33708    1.19064     6.7416      23.8128       89       0.17001
  85     12.681    0.11111    1.12681     2.2222      22.5361       90       0.15542
  90      8.628    0.39326    1.08628     7.8652      21.7256       89       0.14030
  95      3.469    0.11111    1.03469     2.2222      20.6937       90       0.12051
 100      0.000    0.33708    1.00000     6.7416      20.0000       89       0.08104
 
                                                                                               
 
 
평가 스코어 분포

데이터 역할=TRAIN 타겟 변수=BAD 타겟 레이블=' '

사후확률     이벤트    비이벤트     평균 사
  범위         수         수        후확률      백분율

0.95-1.00        1          0       1.00000     0.0240
0.90-0.95        6          0       0.92053     0.1439
0.85-0.90       10          0       0.87696     0.2398
0.80-0.85        8          1       0.82029     0.2158
0.75-0.80       21          3       0.78069     0.5755
0.70-0.75       23          4       0.72116     0.6475
0.65-0.70       38          7       0.67257     1.0791
0.60-0.65       29         10       0.62446     0.9353
0.55-0.60       43         19       0.57464     1.4868
0.50-0.55       26         33       0.52517     1.4149
0.45-0.50       35         40       0.47548     1.7986
0.40-0.45       58         69       0.42367     3.0456
0.35-0.40       84        115       0.37382     4.7722
0.30-0.35      102        232       0.32150     8.0096
0.25-0.30      139        543       0.27190    16.3549
0.20-0.25      131        802       0.22433    22.3741
0.15-0.20       59        880       0.17601    22.5180
0.10-0.15       15        442       0.12752    10.9592
0.05-0.10        2        108       0.08035     2.6379
0.00-0.05        1         31       0.02049     0.7674


데이터 역할=VALIDATE 타겟 변수=BAD 타겟 레이블=' '

사후확률     이벤트    비이벤트     평균 사
  범위         수         수        후확률      백분율

0.90-0.95       1           0       0.94121     0.0559
0.85-0.90       2           0       0.85841     0.1117
0.80-0.85       5           0       0.82740     0.2793
0.75-0.80       6           4       0.77098     0.5587
0.70-0.75       5           2       0.72442     0.3911
0.65-0.70      13           4       0.67536     0.9497
0.60-0.65      12           5       0.62627     0.9497
0.55-0.60      12           8       0.58048     1.1173
0.50-0.55      20           5       0.52807     1.3966
0.45-0.50      19          18       0.47050     2.0670
0.40-0.45      24          33       0.42348     3.1844
0.35-0.40      42          42       0.37348     4.6927
0.30-0.35      44          98       0.32207     7.9330
0.25-0.30      53         236       0.27311    16.1453
0.20-0.25      59         358       0.22495    23.2961
0.15-0.20      26         354       0.17769    21.2291
0.10-0.15       9         211       0.12814    12.2905
0.05-0.10       6          39       0.08562     2.5140
0.00-0.05       0          15       0.01924     0.8380
