 
                                                                                                                                                                                                                                                                
 
 
변수 요약

            측도 레     빈도
역할           벨       개수

ID          INTERVAL      1 
INPUT       BINARY        1 
INPUT       INTERVAL     10 
INPUT       NOMINAL       1 
REJECTED    INTERVAL     10 
TARGET      BINARY        1 
 
                                                                                                                                                                                                                                                                
 
 
모델 이벤트

                   측도     레벨
타겟    이벤트     레벨      수        순서       레이블

BAD       1       BINARY      2     Descending          
 
                                                                                                                                                                                                                                                                
 
 
예측 및 의사결정 변수

유형         변수      레이블

TARGET       BAD                       
PREDICTED    P_BAD1    Predicted: BAD=1
RESIDUAL     R_BAD1    Residual: BAD=1 
PREDICTED    P_BAD0    Predicted: BAD=0
RESIDUAL     R_BAD0    Residual: BAD=0 
FROM         F_BAD     From: BAD       
INTO         I_BAD     Into: BAD       
 
                                                                                                                                                                                                                                                                
 
 

The HPSVM Procedure

      Performance Information

Execution Mode       Single-Machine
Number of Threads    4             


              Data Access Information
 
Data                    Engine    Role     Path

WORK.HPSVM_TRAINDATA    V9        Input    On Client


           Model Information

Task Type                 C_CLAS        
Optimization Technique    Interior Point
Scale                     YES           
Kernel Function           Linear        
Penalty Method            C             
Penalty Parameter         1             
Maximum Iterations        25            
Tolerance                 1e-06         


Number of Observations Read                           5960
Number of Observations Used                           5960
Number of Observations Used for Training              4170
Number of Observations Used for Validation            1790


                Training Results

Inner Product of Weights               7.31145086
Bias                                   1.18631326
Total Slack (Constraint Violations)    1561.67032
Norm of Longest Vector                 2.74964291
Number of Support Vectors                    1603
Number of Support Vectors on Margin          1536
Maximum F                              2.18338629
Minimum F                              -2.0327678
Number of Effects                              12
Columns in Data Matrix                         18


              Iteration History
 
Iteration    Complementarity     Feasibility

        1       1002197.4472     2509746.397
        2       707.61349973    521.19707995
        3       85.125258649    40.807374431
        4       10.361242689    4.0807275E-7
        5       1.0846448183    2.2415399E-8
        6       0.2408566086    1.4806378E-9
        7       0.1422862151    7.076473E-10
        8       0.1070529539    4.664997E-10
        9       0.0733211799    2.842278E-10
       10       0.0548419706    1.832667E-10
       11       0.0396525851    1.180647E-10
       12       0.0317787347    8.363887E-11
       13       0.0230295783    5.264322E-11
       14       0.0179947463    3.353584E-11
       15       0.0117914892    1.769251E-11
       16       0.0097399879    1.203215E-11
       17       0.0069963598    3.118394E-12
       18       0.0041812959    1.383782E-12
       19       0.0026657017    4.165557E-13
       20       0.0019973991    1.731948E-13
       21       0.0010276876    8.053107E-14
       22       0.0004079821    1.052832E-13
       23       0.0001515272    8.260059E-14
       24       0.0000638497    6.015717E-14
       25       0.0000147597    1.046663E-13


                             Classification Matrix
 
                   Training Prediction                Validation Prediction
Observed           1           0       Total           1           0       Total

1                205         626         831          76         282         358
0                 77        3262        3339          28        1404        1432
Total            282        3888        4170         104        1686        1790


           Fit Statistics
 
Statistic      Training    Validation

Accuracy         0.8314        0.8268
Error            0.1686        0.1732
Sensitivity      0.2467        0.2123
Specificity      0.9769        0.9804


          Procedure Task Timing
 
Task                               Seconds

Reading Data and Levelization         0.04
Training SVM                          0.15
 
                                                                                                                                                                                                                                                                
 
 

The ASTORE Procedure

            Key Information

93C7CC935C9CC9A205713ADA71F094E145F4FDB6
 
                                                                                                                                                                                                                                                                
 
 

The ASTORE Procedure

         Basic Information

Procedure Name    hpsvm             
Timestamp         20Nov2018:11:37:18
 
                                                                                                                                                                                                                                                                
 
 

The ASTORE Procedure

                            Input variables

IMP_REASON                    7    Input     Class       Character     
IMP_JOB                       7    Input     Class       Character     
IMP_REP_CLAGE                 8    Input     Interval    Numeric       
IMP_REP_CLNO                  8    Input     Interval    Numeric       
IMP_REP_DEBTINC               8    Input     Interval    Numeric       
IMP_REP_DELINQ                8    Input     Interval    Numeric       
IMP_REP_DEROG                 8    Input     Interval    Numeric       
IMP_REP_MORTDUE               8    Input     Interval    Numeric       
IMP_REP_NINQ                  8    Input     Interval    Numeric       
IMP_REP_VALUE                 8    Input     Interval    Numeric       
IMP_REP_YOJ                   8    Input     Interval    Numeric       
REP_LOAN                      8    Input     Interval    Numeric       
BAD                           8    Target    Class       Numeric       
_PartInd_                     8    Id                    Numeric       
 
                                                                                                                                                                                                                                                                
 
 

The ASTORE Procedure

                   Output variables
 
Name            Length    Type         Label

_P_                  8    Numeric                      
P_BAD1               8    Numeric      Predicted: BAD=1
P_BAD0               8    Numeric      Predicted: BAD=0
I_BAD               32    Character    Into: BAD       
_WARN_               4    Character    경고            
