MPRINT(EM_DIAGRAM):    data _null_;
MPRINT(EM_DIAGRAM):   call symput('NLDATE', strip(put(date(), NLDATE.)));
MPRINT(EM_DIAGRAM):   call symput('NLTIME', strip(put(datetime(), NLTIME.)));
MPRINT(EM_DIAGRAM):   run;
MPRINT(EM_DIAGRAM):   data _null_;
MPRINT(EM_DIAGRAM):   nldate= sasmsg("sashelp.dmine", "log_date_note", 'N', "2018년 11월 20일" );
MPRINT(EM_DIAGRAM):   nltime= sasmsg("sashelp.dmine", "log_time_note", 'N', "10시17분26초" );
MPRINT(EM_DIAGRAM):   put "*------------------------------------------------------------*";
MPRINT(EM_DIAGRAM):   put "* 스코어 로그";
MPRINT(EM_DIAGRAM):   put nldate;
MPRINT(EM_DIAGRAM):   put nltime;
MPRINT(EM_DIAGRAM):   put "*------------------------------------------------------------*";
MPRINT(EM_DIAGRAM):   run;
*------------------------------------------------------------*
* 스코어 로그
날짜:                2018년 11월 20일
시간:                10시17분26초
*------------------------------------------------------------*
MPRINT(EM_DIAGRAM):    filename O2GBF082 "C:\Users\Administrator\DM_Proj\DataMining2018\Workspaces\EMWS6\Ids3\EMSCORE.out" encoding="UTF-8" NOBOM;
MPRINT(EM_DIAGRAM):   proc printto print=O2GBF082 new;
MPRINT(EM_DIAGRAM):   run;
22798      *------------------------------------------------------------*;
MPRINT(EM_DIAGRAM):    *------------------------------------------------------------*;
22799      * Ids3: Computing metadata for DATA data;
MPRINT(EM_DIAGRAM):   * Ids3: Computing metadata for DATA data;
22800      *------------------------------------------------------------*;
MPRINT(EM_DIAGRAM):   *------------------------------------------------------------*;

NOTE: View EMWS6.IDS3_DATA.VIEW 실행(총 프로세스 시간):
      실행 시간           0.05 초
      cpu 시간            0.06 초
      
22801      data EMWS6.Ids3_EMINFO;
MPRINT(EM_DIAGRAM):    data EMWS6.Ids3_EMINFO;
22802      length TARGET KEY $32 DATA $43;
MPRINT(EM_DIAGRAM):   length TARGET KEY $32 DATA $43;
22803      TARGET="";
MPRINT(EM_DIAGRAM):   TARGET="";
22804      KEY="IDSTABLE";
MPRINT(EM_DIAGRAM):   KEY="IDSTABLE";
22805      DATA="DM_LIB.BUYTEST";
MPRINT(EM_DIAGRAM):   DATA="DM_LIB.BUYTEST";
22806      output;
MPRINT(EM_DIAGRAM):   output;
22807      TARGET="RESPOND";
MPRINT(EM_DIAGRAM):   TARGET="RESPOND";
22808      KEY="DECDATA";
MPRINT(EM_DIAGRAM):   KEY="DECDATA";
22809      DATA="EMWS6.Ids3_RESPOND_DD";
MPRINT(EM_DIAGRAM):   DATA="EMWS6.Ids3_RESPOND_DD";
22810      output;
MPRINT(EM_DIAGRAM):   output;
22811      TARGET="RESPOND";
MPRINT(EM_DIAGRAM):   TARGET="RESPOND";
22812      KEY="DECMETA";
MPRINT(EM_DIAGRAM):   KEY="DECMETA";
22813      DATA="EMWS6.Ids3_RESPOND_DM";
MPRINT(EM_DIAGRAM):   DATA="EMWS6.Ids3_RESPOND_DM";
22814      output;
MPRINT(EM_DIAGRAM):   output;
22815      run;
MPRINT(EM_DIAGRAM):   run;

NOTE: 데이터셋 EMWS6.IDS3_EMINFO은(는) 3개의 관측값과 3개의 변수를 가지고 있습니다.
NOTE: DATA 문장 실행(총 프로세스 시간):
      실행 시간           0.01 초
      cpu 시간            0.01 초
      

NOTE: View EMWS6.IDS3_DATA.VIEW 실행(총 프로세스 시간):
      실행 시간           0.04 초
      cpu 시간            0.04 초
      
22816      data EMWS6.Ids3_CMeta_DATA;
MPRINT(EM_DIAGRAM):    data EMWS6.Ids3_CMeta_DATA;
22817      set EMWS6.Ids3_VariableSet;
MPRINT(EM_DIAGRAM):   set EMWS6.Ids3_VariableSet;
22818      drop DROP;
MPRINT(EM_DIAGRAM):   drop DROP;
22819      where DROP='N';
MPRINT(EM_DIAGRAM):   where DROP='N';
22820      run;
MPRINT(EM_DIAGRAM):   run;

NOTE: 26개의 관측값을 데이터셋 EMWS6.IDS3_VARIABLESET.에서 읽었습니다.
      WHERE DROP='N';
NOTE: 데이터셋 EMWS6.IDS3_CMETA_DATA은(는) 26개의 관측값과 20개의 변수를 가지고 있습니다.
NOTE: DATA 문장 실행(총 프로세스 시간):
      실행 시간           0.01 초
      cpu 시간            0.01 초
      

MPRINT(EM_DIAGRAM):    proc printto;
MPRINT(EM_DIAGRAM):   run;
