*------------------------------------------------------------*
사용자:                Administrator
날짜:                2018년 10월 15일
시간:                21시34분18초
*------------------------------------------------------------*
* 분석 출력
*------------------------------------------------------------*
 
 
 
 
변수 요약
 
        측도 레    빈도
역할      벨       개수
 
TEXT    NOMINAL      1
 
 
 
 
 
The HPTMINE Procedure
 
      Performance Information
 
Execution Mode       Single-Machine
Number of Threads    4
 
 
                  Data Access Information
 
Data                          Engine    Role      Path
 
EMWS3.TEXTPARSING_TRAIN       V9        Input     On Client
EMWS3.TEXTPARSING_TMOUTPOS    V9        Output    On Client
EMWS3.TEXTPARSING_TMOUT       V9        Output    On Client
EMWS3.TEXTPARSING_TERMS       V9        Output    On Client
EMWS3.TEXTPARSING_TMCONFIG    V9        Output    On Client
 
 
                 Procedure Task Timing
 
Task                                Seconds      Percent
 
 Parse documents                     150.97      95.65%
 Index documents                       1.52       0.96%
 Output raw parsing results            0.10       0.07%
 Analyze terms                         2.13       1.35%
 Obtain term frequency                 1.41       0.90%
 Filter terms                          1.42       0.90%
 Generate term-document matrix         0.10       0.06%
 Output OUTCHILD table                 0.07       0.05%
 Output OUTTERMS table                 0.10       0.06%
 Output OUTCONFIG table                0.01       0.00%


*------------------------------------------------------------*
* 스코어 출력
*------------------------------------------------------------*


*------------------------------------------------------------*
* 리포트 출력
*------------------------------------------------------------*
