*------------------------------------------------------------*
사용자:                Administrator
날짜:                2018년 10월 09일
시간:                10시25분55초
사이트:                10503192
플랫폼:            X64_10HOME
관리 릴리스: 9.04.01M4P110916
EM 버전:          14.2
* 
MPRINT(EM_DIAGRAM):    data _null_;
MPRINT(EM_DIAGRAM):   call symput('NLDATE', strip(put(date(), NLDATE.)));
MPRINT(EM_DIAGRAM):   call symput('NLTIME', strip(put(datetime(), NLTIME.)));
MPRINT(EM_DIAGRAM):   run;
MPRINT(EM_DIAGRAM):   data _null_;
MPRINT(EM_DIAGRAM):   nldate= sasmsg("sashelp.dmine", "log_date_note", 'N', "2018년 10월 09일" );
MPRINT(EM_DIAGRAM):   nltime= sasmsg("sashelp.dmine", "log_time_note", 'N', "10시25분39초" );
MPRINT(EM_DIAGRAM):   put "*------------------------------------------------------------*";
MPRINT(EM_DIAGRAM):   put "* 분석 로그";
MPRINT(EM_DIAGRAM):   put nldate;
MPRINT(EM_DIAGRAM):   put nltime;
MPRINT(EM_DIAGRAM):   put "*------------------------------------------------------------*";
MPRINT(EM_DIAGRAM):   run;
*------------------------------------------------------------*
* 분석 로그
날짜:                2018년 10월 09일
시간:                10시25분39초
*------------------------------------------------------------*
MPRINT(EM_DIAGRAM):    filename O3I7U58U "C:\Users\Administrator\DM_Proj\DataMining2018\Workspaces\EMWS2\Assoc\EMTRAIN.out" encoding="UTF-8" NOBOM;
MPRINT(EM_DIAGRAM):   proc printto print=O3I7U58U new;
MPRINT(EM_DIAGRAM):   run;
MPRINT(EM_DIAGRAM):    filename _LOG "C:\Users\Administrator\DM_Proj\DataMining2018\Workspaces\EMWS2\Assoc\EMLOG.log" encoding="UTF-8" NOBOM;
MPRINT(EM_DIAGRAM):    data _null_;
MPRINT(EM_DIAGRAM):   call symput('NLDATE', strip(put(date(), NLDATE.)));
MPRINT(EM_DIAGRAM):   call symput('NLTIME', strip(put(datetime(), NLTIME.)));
MPRINT(EM_DIAGRAM):   run;
MPRINT(EM_DIAGRAM):   data _null_;
MPRINT(EM_DIAGRAM):   nldate= sasmsg("sashelp.dmine", "log_date_note", 'N', "2018년 10월 09일" );
MPRINT(EM_DIAGRAM):   nltime= sasmsg("sashelp.dmine", "log_time_note", 'N', "10시25분39초" );
MPRINT(EM_DIAGRAM):   file _LOG;
MPRINT(EM_DIAGRAM):   put "*------------------------------------------------------------*";
MPRINT(EM_DIAGRAM):   put "사용자:                Administrator";
MPRINT(EM_DIAGRAM):   put nldate;
MPRINT(EM_DIAGRAM):   put nltime;
MPRINT(EM_DIAGRAM):   put "사이트:                10503192";
MPRINT(EM_DIAGRAM):   put "플랫폼:            X64_10HOME";
MPRINT(EM_DIAGRAM):   put "관리 릴리스: 9.04.01M4P110916";
MPRINT(EM_DIAGRAM):   put "EM 버전:          14.2";
MPRINT(EM_DIAGRAM):   put "* ";
MPRINT(EM_DIAGRAM):   run;
MPRINT(EM_DIAGRAM):    filename _LOGIN "C:\Users\Administrator\DM_Proj\DataMining2018\Workspaces\EMWS2\Assoc\EMTRAIN.log" encoding="UTF-8" NOBOM;
MPRINT(EM_COPYFILE):   data _null_;
MPRINT(EM_COPYFILE):   length line $20000;
MPRINT(EM_COPYFILE):   file _LOG MOD lrecl=20000;
MPRINT(EM_COPYFILE):   fid=fopen("_LOGIN",'i',20000,'v');
MPRINT(EM_COPYFILE):   if fid > 0 then do;
MPRINT(EM_COPYFILE):   do while(^fread(fid));
MPRINT(EM_COPYFILE):   rlen = frlen(fid);
MPRINT(EM_COPYFILE):   rc= fget(fid,line,20000);
MPRINT(EM_COPYFILE):   start = length(line)-length(left(line))+1;
MPRINT(EM_COPYFILE):   line=strip(line);
MPRINT(EM_COPYFILE):   put @start line;
MPRINT(EM_COPYFILE):   end;
MPRINT(EM_COPYFILE):   if fid > 0 then rc=fclose(fid);
MPRINT(EM_COPYFILE):   end;
MPRINT(EM_COPYFILE):   run;
MPRINT(EM_DIAGRAM):  ;
MPRINT(EM_DIAGRAM):   filename _LOGIN;
MPRINT(EM_DIAGRAM):    data _null_;
MPRINT(EM_DIAGRAM):   file _LOG mod;
MPRINT(EM_DIAGRAM):   put _page_;
MPRINT(EM_DIAGRAM):   run;
MPRINT(EM_DIAGRAM):   filename _LOGIN "C:\Users\Administrator\DM_Proj\DataMining2018\Workspaces\EMWS2\Assoc\EMSCORE.log" encoding="UTF-8" NOBOM;
MPRINT(EM_DIAGRAM):  ;
MPRINT(EM_DIAGRAM):   data _null_;
MPRINT(EM_DIAGRAM):   file _LOG mod;
MPRINT(EM_DIAGRAM):   put _page_;
MPRINT(EM_DIAGRAM):   run;
MPRINT(EM_DIAGRAM):    filename _LOGIN "C:\Users\Administrator\DM_Proj\DataMining2018\Workspaces\EMWS2\Assoc\EMREPORT.log" encoding="UTF-8" NOBOM;
MPRINT(EM_DIAGRAM):  ;
MPRINT(EM_DIAGRAM):   filename _LOGIN;
MPRINT(EM_DIAGRAM):    filename _LOG;
MPRINT(EM_DIAGRAM):    filename _OUT "C:\Users\Administrator\DM_Proj\DataMining2018\Workspaces\EMWS2\Assoc\EMOUTPUT.out" encoding="UTF-8" NOBOM;
MPRINT(EM_DIAGRAM):    data _null_;
MPRINT(EM_DIAGRAM):   call symput('NLDATE', strip(put(date(), NLDATE.)));
MPRINT(EM_DIAGRAM):   call symput('NLTIME', strip(put(datetime(), NLTIME.)));
MPRINT(EM_DIAGRAM):   run;
MPRINT(EM_DIAGRAM):   data _null_;
MPRINT(EM_DIAGRAM):   nldate= sasmsg("sashelp.dmine", "log_date_note", 'N', "2018년 10월 09일" );
MPRINT(EM_DIAGRAM):   nltime= sasmsg("sashelp.dmine", "log_time_note", 'N', "10시25분40초" );
MPRINT(EM_DIAGRAM):   file _OUT;
MPRINT(EM_DIAGRAM):   put "*------------------------------------------------------------*";
MPRINT(EM_DIAGRAM):   put "사용자:                Administrator";
MPRINT(EM_DIAGRAM):   put nldate;
MPRINT(EM_DIAGRAM):   put nltime;
MPRINT(EM_DIAGRAM):   put "*------------------------------------------------------------*";
MPRINT(EM_DIAGRAM):   put "* 분석 출력";
MPRINT(EM_DIAGRAM):   put "*------------------------------------------------------------*";
MPRINT(EM_DIAGRAM):   run;
MPRINT(EM_DIAGRAM):    filename _OUTIN "C:\Users\Administrator\DM_Proj\DataMining2018\Workspaces\EMWS2\Assoc\EMTRAIN.out" encoding="UTF-8" NOBOM;
MPRINT(EM_DIAGRAM):   ;
MPRINT(EM_COPYFILE):   data _null_;
MPRINT(EM_COPYFILE):   length line $20000;
MPRINT(EM_COPYFILE):   file _OUT MOD lrecl=20000;
MPRINT(EM_COPYFILE):   fid=fopen("_OUTIN",'i',20000,'v');
MPRINT(EM_COPYFILE):   if fid > 0 then do;
MPRINT(EM_COPYFILE):   do while(^fread(fid));
MPRINT(EM_COPYFILE):   rlen = frlen(fid);
MPRINT(EM_COPYFILE):   rc= fget(fid,line,20000);
MPRINT(EM_COPYFILE):   start = length(line)-length(left(line))+1;
MPRINT(EM_COPYFILE):   line=strip(line);
MPRINT(EM_COPYFILE):   put @start line;
MPRINT(EM_COPYFILE):   end;
MPRINT(EM_COPYFILE):   if fid > 0 then rc=fclose(fid);
MPRINT(EM_COPYFILE):   end;
MPRINT(EM_COPYFILE):   run;
MPRINT(EM_DIAGRAM):  ;
MPRINT(EM_DIAGRAM):   filename _OUTIN;
MPRINT(EM_DIAGRAM):    data _null_;
MPRINT(EM_DIAGRAM):   file _OUT mod;
MPRINT(EM_DIAGRAM):   put _page_;
MPRINT(EM_DIAGRAM):   put // "*------------------------------------------------------------*";
MPRINT(EM_DIAGRAM):   put "* 스코어 출력";
MPRINT(EM_DIAGRAM):   put "*------------------------------------------------------------*";
MPRINT(EM_DIAGRAM):   run;
MPRINT(EM_DIAGRAM):    filename _OUTIN "C:\Users\Administrator\DM_Proj\DataMining2018\Workspaces\EMWS2\Assoc\EMSCORE.out" encoding="UTF-8" NOBOM;
MPRINT(EM_DIAGRAM):  ;
MPRINT(EM_DIAGRAM):   filename _OUTIN;
MPRINT(EM_DIAGRAM):    data _null_;
MPRINT(EM_DIAGRAM):   file _OUT mod;
MPRINT(EM_DIAGRAM):   put _page_;
MPRINT(EM_DIAGRAM):   put // "*------------------------------------------------------------*";
MPRINT(EM_DIAGRAM):   put "* 리포트 출력";
MPRINT(EM_DIAGRAM):   put "*------------------------------------------------------------*";
MPRINT(EM_DIAGRAM):   run;
MPRINT(EM_DIAGRAM):    filename _OUTIN "C:\Users\Administrator\DM_Proj\DataMining2018\Workspaces\EMWS2\Assoc\EMREPORT.out" encoding="UTF-8" NOBOM;
MPRINT(EM_DIAGRAM):  ;
MPRINT(EM_DIAGRAM):   filename _OUTIN;
MPRINT(EM_DIAGRAM):    filename _OUT;
MPRINT(EM_DIAGRAM):    filename _emtool_ 'C:\Users\Administrator\DM_Proj\DataMining2018\Workspaces\EMWS2\Assoc\EMRUNSTATUS.xml' encoding="UTF-8" NOBOM;
MPRINT(EM_DIAGRAM):    filename _emtool_ 'C:\Users\Administrator\DM_Proj\DataMining2018\Workspaces\EMWS2\Assoc\EMRUNSTATUS.xml' encoding="UTF-8" NOBOM;
27974      proc freq data=EMWS2.Assoc_VariableSet noprint;
MPRINT(EM_DIAGRAM):    proc freq data=EMWS2.Assoc_VariableSet noprint;
27975      table ROLE*LEVEL/out=WORK.AssocMETA;
MPRINT(EM_DIAGRAM):   table ROLE*LEVEL/out=WORK.AssocMETA;
27976      run;
MPRINT(EM_DIAGRAM):   run;
 
NOTE: 2개의 관측값을 데이터셋 EMWS2.ASSOC_VARIABLESET.에서 읽었습니다.
NOTE: 데이터셋 WORK.ASSOCMETA은(는) 2개의 관측값과 4개의 변수를 가지고 있습니다.
NOTE: 프로시저 FREQ 실행(총 프로세스 시간):
      실행 시간           0.06 초
      cpu 시간            0.06 초
 
 
27977      proc print data=WORK.AssocMETA label noobs;
MPRINT(EM_DIAGRAM):   proc print data=WORK.AssocMETA label noobs;
27978      var ROLE LEVEL COUNT;
MPRINT(EM_DIAGRAM):   var ROLE LEVEL COUNT;
27979      label ROLE = "%sysfunc(sasmsg(sashelp.dmine, meta_role_vlabel, NOQUOTE))" LEVEL = "%sysfunc(sasmsg(sashelp.dmine, meta_level_vlabel, NOQUOTE))" COUNT = "%sysfunc(sasmsg(sashelp.dmine, rpt_count_vlabel, NOQUOTE))";
MPRINT(EM_DIAGRAM):   label ROLE = "역할" LEVEL = "측도 레벨" COUNT = "빈도 개수";
27980      title9 ' ';
MPRINT(EM_DIAGRAM):   title9 ' ';
27981      title10 "%sysfunc(sasmsg(sashelp.dmine, rpt_varSummary_title  , NOQUOTE))";
MPRINT(EM_DIAGRAM):   title10 "변수 요약";
MPRINT(EM_DIAGRAM):   run;
27982      run;
 
NOTE: 2개의 관측값을 데이터셋 WORK.ASSOCMETA.에서 읽었습니다.
NOTE: 출력 결과 (프로시저: PRINT, 페이지: 4)
NOTE: 프로시저 PRINT 실행(총 프로세스 시간):
      실행 시간           0.04 초
      cpu 시간            0.04 초
 
 
27983      title10;
MPRINT(EM_DIAGRAM):   title10;
MPRINT(EM_DIAGRAM):    *------------------------------------------------------------*;
MPRINT(EM_DIAGRAM):   * Assoc: 분석용 메타데이터 분석;
MPRINT(EM_DIAGRAM):   *------------------------------------------------------------*;
MPRINT(EM_DIAGRAM):   data WORK.M018NNGH;
MPRINT(EM_DIAGRAM):   set WORK.M018NNGH;
MPRINT(EM_DIAGRAM):   where USE = 'Y';
MPRINT(EM_DIAGRAM):   run;
27991      *------------------------------------------------------------*;
MPRINT(EM_DIAGRAM):    *------------------------------------------------------------*;
27992      * Assoc: 분석용 데이터 정렬;
MPRINT(EM_DIAGRAM):   * Assoc: 분석용 데이터 정렬;
27993      *------------------------------------------------------------*;
MPRINT(EM_DIAGRAM):   *------------------------------------------------------------*;
27994      proc sort data=EMWS2.Ids2_DATA(keep= Term _DOCUMENT_) out=WORK.SORTEDTRAIN;
MPRINT(EM_DIAGRAM):   proc sort data=EMWS2.Ids2_DATA(keep= Term _DOCUMENT_) out=WORK.SORTEDTRAIN;
27995      by _DOCUMENT_;
MPRINT(EM_DIAGRAM):   by _DOCUMENT_;
27996      run;
MPRINT(EM_DIAGRAM):   run;
 
NOTE: 1938개의 관측값을 데이터셋 EMWS2.IDS2_DATA.에서 읽었습니다.
NOTE: View EMWS2.IDS2_DATA.VIEW 실행(총 프로세스 시간):
      실행 시간           0.16 초
      cpu 시간            0.07 초
 
NOTE: 1938개의 관측값을 데이터셋 DM_LIB.ASSO_DATA.에서 읽었습니다.
NOTE: 데이터셋 WORK.SORTEDTRAIN은(는) 1938개의 관측값과 2개의 변수를 가지고 있습니다.
NOTE: 프로시저 SORT 실행(총 프로세스 시간):
      실행 시간           0.21 초
      cpu 시간            0.10 초
 
 
27997      *------------------------------------------------------------* ;
MPRINT(EM_DIAGRAM):    *------------------------------------------------------------* ;
27998      * EM: DMDBClass Macro ;
MPRINT(EM_DIAGRAM):   * EM: DMDBClass Macro ;
27999      *------------------------------------------------------------* ;
MPRINT(EM_DIAGRAM):   *------------------------------------------------------------* ;
28000      %macro DMDBClass;
28001          Term(DESC)
28002      %mend DMDBClass;
28003      *------------------------------------------------------------* ;
MPRINT(EM_DIAGRAM):   *------------------------------------------------------------* ;
28004      * EM: DMDBVar Macro ;
MPRINT(EM_DIAGRAM):   * EM: DMDBVar Macro ;
28005      *------------------------------------------------------------* ;
MPRINT(EM_DIAGRAM):   *------------------------------------------------------------* ;
28006      %macro DMDBVar;
28007
28008      %mend DMDBVar;
28009      *------------------------------------------------------------*;
MPRINT(EM_DIAGRAM):   *------------------------------------------------------------*;
28010      * EM: Create DMDB;
MPRINT(EM_DIAGRAM):   * EM: Create DMDB;
28011      *------------------------------------------------------------*;
MPRINT(EM_DIAGRAM):   *------------------------------------------------------------*;
28012      proc dmdb batch data=WORK.SORTEDTRAIN
28013      dmdbcat=WORK.EM_DMDB
28014      maxlevel = 100001
28015      normlen= 256
28016      out=WORK.EM_DMDB
28017      ;
MPRINT(EM_DIAGRAM):   proc dmdb batch data=WORK.SORTEDTRAIN dmdbcat=WORK.EM_DMDB maxlevel = 100001 normlen= 256 out=WORK.EM_DMDB ;
28018      id
28019      _DOCUMENT_
28020      ;
MPRINT(EM_DIAGRAM):   id _DOCUMENT_ ;
MPRINT(EM_DIAGRAM):   class
28021      class %DMDBClass;
MPRINT(DMDBCLASS):   Term(DESC)
MPRINT(EM_DIAGRAM):  ;
28022      target
28023      Term
28024      ;
MPRINT(EM_DIAGRAM):   target Term ;
28025      run;
MPRINT(EM_DIAGRAM):   run;
 
NOTE: Records processed = 1938   Memory used = 511K.
NOTE: 1938개의 관측값을 데이터셋 WORK.SORTEDTRAIN.에서 읽었습니다.
NOTE: 데이터셋 WORK.EM_DMDB은(는) 1938개의 관측값과 2개의 변수를 가지고 있습니다.
NOTE: 프로시저 DMDB 실행(총 프로세스 시간):
      실행 시간           0.03 초
      cpu 시간            0.03 초
 
 
MPRINT(EM_DIAGRAM):   quit;
28026      quit;
 
number_of_elements=0
number_of_elements=1
28027      options nocleanup;
MPRINT(EM_DIAGRAM):    options nocleanup;
28028      proc assoc dmdb dmdbcat=WORK.EM_DMDB out=EMWS2.Assoc_ASSOC data=WORK.EM_DMDB
28029      pctsup = 0.1
28030      items=4
28031      ;
MPRINT(EM_DIAGRAM):   proc assoc dmdb dmdbcat=WORK.EM_DMDB out=EMWS2.Assoc_ASSOC data=WORK.EM_DMDB pctsup = 0.1 items=4 ;
28032      customer
28033      _DOCUMENT_
28034      ;
MPRINT(EM_DIAGRAM):   customer _DOCUMENT_ ;
28035      target
28036      TERM
28037      ;
MPRINT(EM_DIAGRAM):   target TERM ;
28038      run;
MPRINT(EM_DIAGRAM):   run;
 
 
----- Potential 1 item sets = 63 -----
Counting items, records read:     1938
Number of customers:               698
Support level for item sets:         1
Maximum count for a set:           342
Sets meeting support level:         63
Megs of memory used:              0.51
 
----- Potential 2 item sets = 1953 -----
Counting items, records read:     1938
Maximum count for a set:            49
Sets meeting support level:        920
Megs of memory used:              0.51
 
----- Potential 3 item sets = 6925 -----
Counting items, records read:     1938
Maximum count for a set:            24
Sets meeting support level:       3071
Megs of memory used:              1.02
 
----- Potential 4 item sets = 5609 -----
Counting items, records read:     1938
Maximum count for a set:            11
Sets meeting support level:       5180
Megs of memory used:              1.02
NOTE: 데이터셋 EMWS2.ASSOC_ASSOC은(는) 9235개의 관측값과 6개의 변수를 가지고 있습니다.
NOTE: 프로시저 ASSOC 실행(총 프로세스 시간):
      실행 시간           0.10 초
      cpu 시간            0.03 초
 
 
MPRINT(EM_DIAGRAM):   quit;
28039      quit;
28040
28041
 
28042      proc rulegen in = EMWS2.Assoc_ASSOC out=EMWS2.Assoc_RULE minconf = 1
28043      ;
MPRINT(EM_DIAGRAM):    proc rulegen in = EMWS2.Assoc_ASSOC out=EMWS2.Assoc_RULE minconf = 1 ;
28044      run;
MPRINT(EM_DIAGRAM):   run;
 
write set 1
write set 2
write set 3
write set 4
NOTE: 9235개의 관측값을 데이터셋 EMWS2.ASSOC_ASSOC.에서 읽었습니다.
NOTE: 데이터셋 EMWS2.ASSOC_RULE은(는) 88837개의 관측값과 14개의 변수를 가지고 있습니다.
NOTE: 프로시저 RULEGEN 실행(총 프로세스 시간):
      실행 시간           1.23 초
      cpu 시간            0.45 초
 
 
MPRINT(EM_DIAGRAM):   quit;
28045      quit;
28046
 
28047      *------------------------------------------------------------*;
MPRINT(EM_DIAGRAM):    *------------------------------------------------------------*;
28048      * Assoc: 규칙 선택;
MPRINT(EM_DIAGRAM):   * Assoc: 규칙 선택;
28049      *------------------------------------------------------------*;
MPRINT(EM_DIAGRAM):   *------------------------------------------------------------*;
28050      proc sort data=EMWS2.Assoc_RULE;
MPRINT(EM_DIAGRAM):   proc sort data=EMWS2.Assoc_RULE;
28051      by descending LIFT;
MPRINT(EM_DIAGRAM):   by descending LIFT;
28052      where SET_SIZE>1;
MPRINT(EM_DIAGRAM):   where SET_SIZE>1;
28053      run;
MPRINT(EM_DIAGRAM):   run;
 
NOTE: 88774개의 관측값을 데이터셋 EMWS2.ASSOC_RULE.에서 읽었습니다.
      WHERE SET_SIZE>1;
NOTE: 데이터셋 EMWS2.ASSOC_RULE은(는) 88774개의 관측값과 14개의 변수를 가지고 있습니다.
NOTE: 프로시저 SORT 실행(총 프로세스 시간):
      실행 시간           2.88 초
      cpu 시간            0.43 초
 
 
28054      data WORK.ASSOCSUBSET;
MPRINT(EM_DIAGRAM):   data WORK.ASSOCSUBSET;
28055      set EMWS2.Assoc_RULE(obs=10000);
MPRINT(EM_DIAGRAM):   set EMWS2.Assoc_RULE(obs=10000);
28056      index=_N_;
MPRINT(EM_DIAGRAM):   index=_N_;
28057      label index = "%sysfunc(sasmsg(sashelp.dmine, rpt_ruleIndex_vlabel,  NOQUOTE))";
MPRINT(EM_DIAGRAM):   label index = "규칙 인덱스";
28058      label _LHAND = "%sysfunc(sasmsg(sashelp.dmine, rpt_leftHandSide_vlabel,  NOQUOTE))";
MPRINT(EM_DIAGRAM):   label _LHAND = "규칙 왼쪽";
28059      label _RHAND = "%sysfunc(sasmsg(sashelp.dmine, rpt_rightHandSide_vlabel,  NOQUOTE))";
MPRINT(EM_DIAGRAM):   label _RHAND = "규칙 오른쪽";
28060      run;
MPRINT(EM_DIAGRAM):   run;
 
NOTE: 10000개의 관측값을 데이터셋 EMWS2.ASSOC_RULE.에서 읽었습니다.
NOTE: 데이터셋 WORK.ASSOCSUBSET은(는) 10000개의 관측값과 15개의 변수를 가지고 있습니다.
NOTE: DATA 문장 실행(총 프로세스 시간):
      실행 시간           0.55 초
      cpu 시간            0.10 초
 
 
28061      *------------------------------------------------------------*;
MPRINT(EM_DIAGRAM):    *------------------------------------------------------------*;
28062      * Assoc: 링크 및 노드 데이터셋 생성;
MPRINT(EM_DIAGRAM):   * Assoc: 링크 및 노드 데이터셋 생성;
28063      *------------------------------------------------------------*;
MPRINT(EM_DIAGRAM):   *------------------------------------------------------------*;
28064      data EMWS2.Assoc_LINKS(keep=LINKID _LHAND _RHAND LIFT EXP_CONF CONF SUPPORT COUNT rename=(_RHAND=TO _LHAND=FROM)) WORK.LEFT(keep=_LHAND rename=(_LHAND=ITEM)) WORK.RIGHT(keep=_RHAND rename=(_RHAND=ITEM));
MPRINT(EM_DIAGRAM):   data EMWS2.Assoc_LINKS(keep=LINKID _LHAND _RHAND LIFT EXP_CONF CONF SUPPORT COUNT rename=(_RHAND=TO _LHAND=FROM)) WORK.LEFT(keep=_LHAND rename=(_LHAND=ITEM)) WORK.RIGHT(keep=_RHAND rename=(_RHAND=ITEM));
28065      label _RHAND= "%sysfunc(sasmsg(sashelp.dmine, rpt_to_vlabel ,            NOQUOTE))" _LHAND= "%sysfunc(sasmsg(sashelp.dmine, rpt_from_vlabel,           NOQUOTE))";
MPRINT(EM_DIAGRAM):   label _RHAND= "종료" _LHAND= "From";
28066      set WORK.ASSOCSUBSET;
MPRINT(EM_DIAGRAM):   set WORK.ASSOCSUBSET;
28067      label LINKID = "%sysfunc(sasmsg(sashelp.dmine, rpt_varclus_label_linkid , NOQUOTE))";
MPRINT(EM_DIAGRAM):   label LINKID = "링크 ID";
28068      LINKID = _N_;
MPRINT(EM_DIAGRAM):   LINKID = _N_;
28069      run;
MPRINT(EM_DIAGRAM):   run;
 
NOTE: 10000개의 관측값을 데이터셋 WORK.ASSOCSUBSET.에서 읽었습니다.
NOTE: 데이터셋 EMWS2.ASSOC_LINKS은(는) 10000개의 관측값과 8개의 변수를 가지고 있습니다.
NOTE: 데이터셋 WORK.LEFT은(는) 10000개의 관측값과 1개의 변수를 가지고 있습니다.
NOTE: 데이터셋 WORK.RIGHT은(는) 10000개의 관측값과 1개의 변수를 가지고 있습니다.
NOTE: DATA 문장 실행(총 프로세스 시간):
      실행 시간           0.42 초
      cpu 시간            0.21 초
 
 
28070      data WORK.ASSOCTEMP;
MPRINT(EM_DIAGRAM):   data WORK.ASSOCTEMP;
28071      set WORK.LEFT WORK.RIGHT;
MPRINT(EM_DIAGRAM):   set WORK.LEFT WORK.RIGHT;
28072      where ITEM ne '';
MPRINT(EM_DIAGRAM):   where ITEM ne '';
28073      run;
MPRINT(EM_DIAGRAM):   run;
 
NOTE: 10000개의 관측값을 데이터셋 WORK.LEFT.에서 읽었습니다.
      WHERE ITEM not = ' ';
NOTE: 10000개의 관측값을 데이터셋 WORK.RIGHT.에서 읽었습니다.
      WHERE ITEM not = ' ';
NOTE: 데이터셋 WORK.ASSOCTEMP은(는) 20000개의 관측값과 1개의 변수를 가지고 있습니다.
NOTE: DATA 문장 실행(총 프로세스 시간):
      실행 시간           0.25 초
      cpu 시간            0.09 초
 
 
28074      proc sort data=WORK.ASSOCTEMP nodup;
MPRINT(EM_DIAGRAM):   proc sort data=WORK.ASSOCTEMP nodup;
28075      by ITEM;
MPRINT(EM_DIAGRAM):   by ITEM;
28076      run;
MPRINT(EM_DIAGRAM):   run;
 
NOTE: 20000개의 관측값을 데이터셋 WORK.ASSOCTEMP.에서 읽었습니다.
NOTE: 18617개의 중복 관측값이 삭제되었습니다.
NOTE: 데이터셋 WORK.ASSOCTEMP은(는) 1383개의 관측값과 1개의 변수를 가지고 있습니다.
NOTE: 프로시저 SORT 실행(총 프로세스 시간):
      실행 시간           0.34 초
      cpu 시간            0.17 초
 
 
28077      data WORK.ITEMS (keep=ITEM COUNT);
MPRINT(EM_DIAGRAM):   data WORK.ITEMS (keep=ITEM COUNT);
28078      set EMWS2.Assoc_ASSOC;
MPRINT(EM_DIAGRAM):   set EMWS2.Assoc_ASSOC;
28079      where set_size=1;
MPRINT(EM_DIAGRAM):   where set_size=1;
28080      ITEM = ITEM1;
MPRINT(EM_DIAGRAM):   ITEM = ITEM1;
28081      run;
MPRINT(EM_DIAGRAM):   run;
 
NOTE: 63개의 관측값을 데이터셋 EMWS2.ASSOC_ASSOC.에서 읽었습니다.
      WHERE set_size=1;
NOTE: 데이터셋 WORK.ITEMS은(는) 63개의 관측값과 2개의 변수를 가지고 있습니다.
NOTE: DATA 문장 실행(총 프로세스 시간):
      실행 시간           0.11 초
      cpu 시간            0.06 초
 
 
28082      proc sort data=WORK.ITEMS;
MPRINT(EM_DIAGRAM):   proc sort data=WORK.ITEMS;
28083      by ITEM;
MPRINT(EM_DIAGRAM):   by ITEM;
28084      run;
MPRINT(EM_DIAGRAM):   run;
 
NOTE: 63개의 관측값을 데이터셋 WORK.ITEMS.에서 읽었습니다.
NOTE: 데이터셋 WORK.ITEMS은(는) 63개의 관측값과 2개의 변수를 가지고 있습니다.
NOTE: 프로시저 SORT 실행(총 프로세스 시간):
      실행 시간           0.11 초
      cpu 시간            0.03 초
 
 
28085      data EMWS2.Assoc_NODES;
MPRINT(EM_DIAGRAM):   data EMWS2.Assoc_NODES;
28086      merge WORK.ASSOCTEMP(in=a) WORK.ITEMS;
MPRINT(EM_DIAGRAM):   merge WORK.ASSOCTEMP(in=a) WORK.ITEMS;
28087      by ITEM;
MPRINT(EM_DIAGRAM):   by ITEM;
28088      if COUNT=. then COUNT=-1;
MPRINT(EM_DIAGRAM):   if COUNT=. then COUNT=-1;
28089      if a then output;
MPRINT(EM_DIAGRAM):   if a then output;
28090      label ITEM = "%sysfunc(sasmsg(sashelp.dmine, rpt_item_vlabel ,     NOQUOTE))" COUNT = "%sysfunc(sasmsg(sashelp.dmine, rpt_count_vlabel ,    NOQUOTE))";
MPRINT(EM_DIAGRAM):   label ITEM = "항목" COUNT = "빈도 개수";
28091      run;
MPRINT(EM_DIAGRAM):   run;
 
NOTE: 1383개의 관측값을 데이터셋 WORK.ASSOCTEMP.에서 읽었습니다.
NOTE: 63개의 관측값을 데이터셋 WORK.ITEMS.에서 읽었습니다.
NOTE: 데이터셋 EMWS2.ASSOC_NODES은(는) 1383개의 관측값과 2개의 변수를 가지고 있습니다.
NOTE: DATA 문장 실행(총 프로세스 시간):
      실행 시간           0.20 초
      cpu 시간            0.06 초
 
 
28092      *------------------------------------------------------------*;
MPRINT(EM_DIAGRAM):    *------------------------------------------------------------*;
28093      * Assoc: 규칙 데이터셋 생성;
MPRINT(EM_DIAGRAM):   * Assoc: 규칙 데이터셋 생성;
28094      *------------------------------------------------------------*;
MPRINT(EM_DIAGRAM):   *------------------------------------------------------------*;
28095      proc sort data=WORK.ASSOCSUBSET out=EMWS2.Assoc_RULES;
MPRINT(EM_DIAGRAM):   proc sort data=WORK.ASSOCSUBSET out=EMWS2.Assoc_RULES;
28096      by descending LIFT _RHAND;
MPRINT(EM_DIAGRAM):   by descending LIFT _RHAND;
28097      run;
MPRINT(EM_DIAGRAM):   run;
 
NOTE: 10000개의 관측값을 데이터셋 WORK.ASSOCSUBSET.에서 읽었습니다.
NOTE: 데이터셋 EMWS2.ASSOC_RULES은(는) 10000개의 관측값과 15개의 변수를 가지고 있습니다.
NOTE: 프로시저 SORT 실행(총 프로세스 시간):
      실행 시간           0.20 초
      cpu 시간            0.12 초
 
 
28098      *------------------------------------------------------------*;
MPRINT(EM_DIAGRAM):    *------------------------------------------------------------*;
28099      * Assoc: 전치할 규칙 작성;
MPRINT(EM_DIAGRAM):   * Assoc: 전치할 규칙 작성;
28100      *------------------------------------------------------------*;
MPRINT(EM_DIAGRAM):   *------------------------------------------------------------*;
28101      data EMWS2.Assoc_RULES;
MPRINT(EM_DIAGRAM):   data EMWS2.Assoc_RULES;
28102      set EMWS2.Assoc_RULES;
MPRINT(EM_DIAGRAM):   set EMWS2.Assoc_RULES;
28103      label Transpose= "%sysfunc(sasmsg(sashelp.dmine, rpt_transposeRule_vlabel,  NOQUOTE))";
MPRINT(EM_DIAGRAM):   label Transpose= "규칙 전치";
28104      if _N_ <= 200 then Transpose=1;
MPRINT(EM_DIAGRAM):   if _N_ <= 200 then Transpose=1;
28105      else Transpose=0;
MPRINT(EM_DIAGRAM):   else Transpose=0;
28106      run;
MPRINT(EM_DIAGRAM):   run;
 
NOTE: 10000개의 관측값을 데이터셋 EMWS2.ASSOC_RULES.에서 읽었습니다.
NOTE: 데이터셋 EMWS2.ASSOC_RULES은(는) 10000개의 관측값과 16개의 변수를 가지고 있습니다.
NOTE: DATA 문장 실행(총 프로세스 시간):
      실행 시간           0.17 초
      cpu 시간            0.07 초
 
 
28107      %let numtransrules = 0;
28108      data WORK.RULEID;
MPRINT(EM_DIAGRAM):    data WORK.RULEID;
28109      set EMWS2.Assoc_RULES(where=(transpose=1)) end=eof;
MPRINT(EM_DIAGRAM):   set EMWS2.Assoc_RULES(where=(transpose=1)) end=eof;
28110      ruleid = _N_;
MPRINT(EM_DIAGRAM):   ruleid = _N_;
28111      drop transpose;
MPRINT(EM_DIAGRAM):   drop transpose;
28112      if eof then call symput('numtransrules', strip(put(_N_, best.)));
MPRINT(EM_DIAGRAM):   if eof then call symput('numtransrules', strip(put(_N_, best.)));
28113      run;
MPRINT(EM_DIAGRAM):   run;
 
NOTE: 200개의 관측값을 데이터셋 EMWS2.ASSOC_RULES.에서 읽었습니다.
      WHERE transpose=1;
NOTE: 데이터셋 WORK.RULEID은(는) 200개의 관측값과 16개의 변수를 가지고 있습니다.
NOTE: DATA 문장 실행(총 프로세스 시간):
      실행 시간           0.09 초
      cpu 시간            0.06 초
 
 
NOTE: 이 SAS 세션은 WORK 내의 임의의 레지스트리를 사용합니다. 이 세션을 종료할 때 모든 변경 사항은 저장되지 않습니다.
28114      proc print data = EMWS2.Assoc_RULES(drop=Transpose obs=25) noobs label;
MPRINT(EM_DIAGRAM):    proc print data = EMWS2.Assoc_RULES(drop=Transpose obs=25) noobs label;
28115      title9 ' ';
MPRINT(EM_DIAGRAM):   title9 ' ';
28116      title10 "%sysfunc(sasmsg(sashelp.dmine, rpt_association_title  , NOQUOTE))";
MPRINT(EM_DIAGRAM):   title10 "연결 리포트";
MPRINT(EM_DIAGRAM):   run;
28117      run;
 
NOTE: 25개의 관측값을 데이터셋 EMWS2.ASSOC_RULES.에서 읽었습니다.
NOTE: 출력 결과 (프로시저: PRINT, 페이지: 5)
NOTE: 프로시저 PRINT 실행(총 프로세스 시간):
      실행 시간           0.04 초
      cpu 시간            0.03 초
 
 
28118      proc means data=EMWS2.Assoc_RULES min max mean;
MPRINT(EM_DIAGRAM):   proc means data=EMWS2.Assoc_RULES min max mean;
28119      var exp_conf conf support lift;
MPRINT(EM_DIAGRAM):   var exp_conf conf support lift;
28120      title9 ' ';
MPRINT(EM_DIAGRAM):   title9 ' ';
28121      title10 "%sysfunc(sasmsg(sashelp.dmine, rpt_ruleStatistics_title  , NOQUOTE))";
MPRINT(EM_DIAGRAM):   title10 "규칙 통계량";
MPRINT(EM_DIAGRAM):   run;
28122      run;
 
NOTE: 10000개의 관측값을 데이터셋 EMWS2.ASSOC_RULES.에서 읽었습니다.
NOTE: 출력 결과 (프로시저: MEANS, 페이지: 6)
NOTE: 프로시저 MEANS 실행(총 프로세스 시간):
      실행 시간           0.31 초
      cpu 시간            0.12 초
 
 
28123      proc freq data=EMWS2.Assoc_RULES;
MPRINT(EM_DIAGRAM):   proc freq data=EMWS2.Assoc_RULES;
28124      table set_size;
MPRINT(EM_DIAGRAM):   table set_size;
28125      title9;
MPRINT(EM_DIAGRAM):   title9;
28126      title10 "%sysfunc(sasmsg(sashelp.dmine, rpt_sequence_title  , NOQUOTE))";
MPRINT(EM_DIAGRAM):   title10 "순차분석 리포트";
MPRINT(EM_DIAGRAM):   run;
28127      run;
 
NOTE: 10000개의 관측값을 데이터셋 EMWS2.ASSOC_RULES.에서 읽었습니다.
NOTE: 출력 결과 (프로시저: FREQ, 페이지: 7)
NOTE: 프로시저 FREQ 실행(총 프로세스 시간):
      실행 시간           0.07 초
      cpu 시간            0.07 초
 
 
28128      title10;
MPRINT(EM_DIAGRAM):   title10;
28129      data EMWS2.Assoc_RULEMAP(keep=map rule);
MPRINT(EM_DIAGRAM):    data EMWS2.Assoc_RULEMAP(keep=map rule);
28130      length map $8;
MPRINT(EM_DIAGRAM):   length map $8;
28131      label map = "%sysfunc(sasmsg(sashelp.dmine, rpt_map_vlabel,  NOQUOTE))";
MPRINT(EM_DIAGRAM):   label map = "Map";
28132      set EMWS2.Assoc_RULES;
MPRINT(EM_DIAGRAM):   set EMWS2.Assoc_RULES;
28133      map = "RULE"!!left(trim(put(_n_, 12.0)));
MPRINT(EM_DIAGRAM):   map = "RULE"!!left(trim(put(_n_, 12.0)));
28134      run;
MPRINT(EM_DIAGRAM):   run;
 
NOTE: 10000개의 관측값을 데이터셋 EMWS2.ASSOC_RULES.에서 읽었습니다.
NOTE: 데이터셋 EMWS2.ASSOC_RULEMAP은(는) 10000개의 관측값과 2개의 변수를 가지고 있습니다.
NOTE: DATA 문장 실행(총 프로세스 시간):
      실행 시간           0.09 초
      cpu 시간            0.06 초
 
 
MPRINT(EM_DIAGRAM):    proc printto;
MPRINT(EM_DIAGRAM):   run;
MPRINT(EM_DIAGRAM):    data _null_;
MPRINT(EM_DIAGRAM):   call symput('NLDATE', strip(put(date(), NLDATE.)));
MPRINT(EM_DIAGRAM):   call symput('NLTIME', strip(put(datetime(), NLTIME.)));
MPRINT(EM_DIAGRAM):   run;
MPRINT(EM_DIAGRAM):   data _null_;
MPRINT(EM_DIAGRAM):   nldate= sasmsg("sashelp.dmine", "log_date_note", 'N', "2018년 10월 09일" );
MPRINT(EM_DIAGRAM):   nltime= sasmsg("sashelp.dmine", "log_time_note", 'N', "10시25분51초" );
MPRINT(EM_DIAGRAM):   put "*------------------------------------------------------------*";
MPRINT(EM_DIAGRAM):   put "* 스코어 로그";
MPRINT(EM_DIAGRAM):   put nldate;
MPRINT(EM_DIAGRAM):   put nltime;
MPRINT(EM_DIAGRAM):   put "*------------------------------------------------------------*";
MPRINT(EM_DIAGRAM):   run;
*------------------------------------------------------------*
* 스코어 로그
날짜:                2018년 10월 09일
시간:                10시25분51초
*------------------------------------------------------------*
MPRINT(EM_DIAGRAM):    filename O1VBJEL3 "C:\Users\Administrator\DM_Proj\DataMining2018\Workspaces\EMWS2\Assoc\EMSCORE.out" encoding="UTF-8" NOBOM;
MPRINT(EM_DIAGRAM):   proc printto print=O1VBJEL3 new;
MPRINT(EM_DIAGRAM):   run;
28236      *------------------------------------------------------------*;
MPRINT(EM_DIAGRAM):    *------------------------------------------------------------*;
28237      * Assoc: Scoring DATA data;
MPRINT(EM_DIAGRAM):   * Assoc: Scoring DATA data;
28238      *------------------------------------------------------------*;
MPRINT(EM_DIAGRAM):   *------------------------------------------------------------*;
28239      data EMWS2.Assoc_TRANSACTION
28240      / view=EMWS2.Assoc_TRANSACTION
28241      ;
MPRINT(EM_DIAGRAM):   data EMWS2.Assoc_TRANSACTION / view=EMWS2.Assoc_TRANSACTION ;
28242      set EMWS2.Ids2_DATA
28243      ;
MPRINT(EM_DIAGRAM):   set EMWS2.Ids2_DATA ;
28244      run;
MPRINT(EM_DIAGRAM):   run;
 
NOTE: DATA STEP 뷰가 파일 EMWS2.ASSOC_TRANSACTION에 저장되었습니다.
NOTE: 저장된 DATA STEP 뷰는 다른 운영 체제에서 실행할 수 없습니다.
NOTE: View EMWS2.IDS2_DATA.VIEW 실행(총 프로세스 시간):
      실행 시간           0.19 초
      cpu 시간            0.09 초
 
NOTE: DATA 문장 실행(총 프로세스 시간):
      실행 시간           0.26 초
      cpu 시간            0.15 초
 
 
MPRINT(EM_DIAGRAM):   quit;
28245      quit;
 
28246      *------------------------------------------------------------*;
MPRINT(EM_DIAGRAM):    *------------------------------------------------------------*;
28247      * Assoc: Computing metadata for TRANSACTION data;
MPRINT(EM_DIAGRAM):   * Assoc: Computing metadata for TRANSACTION data;
28248      *------------------------------------------------------------*;
MPRINT(EM_DIAGRAM):   *------------------------------------------------------------*;
 
NOTE: View EMWS2.ASSOC_TRANSACTION.VIEW 실행(총 프로세스 시간):
      실행 시간           0.39 초
      cpu 시간            0.15 초
 
MPRINT(EM_DIAGRAM):    *------------------------------------------------------------*;
MPRINT(EM_DIAGRAM):   * &nodeid: Computing Metadata for TRANSACTION data;
MPRINT(EM_DIAGRAM):   *------------------------------------------------------------*;
MPRINT(EMADVISECOLUMNS):   proc display c=sashelp.emmeta.advisecolumns.scl;
MPRINT(EMADVISECOLUMNS):   run;
MPRINT(EMADVISECOLUMNS):    options validvarname=any;
MPRINT(EMADVISECOLUMNS):   proc contents data=EMWS2.Assoc_TRANSACTION out=_tempAdvisor noprint;
MPRINT(EMADVISECOLUMNS):   run;
MPRINT(EMADVISECOLUMNS):   options validvarname=V7;
MPRINT(EMADVISECOLUMNS):    data _null_;
MPRINT(EMADVISECOLUMNS):   dsid = open('EMWS2.Assoc_TRANSACTION');
MPRINT(EMADVISECOLUMNS):   call symput('_dsidTable', strip(put(dsid, best.)));
MPRINT(EMADVISECOLUMNS):   if dsid then do;
MPRINT(EMADVISECOLUMNS):   call symput('_engineTable', attrc(dsid, 'ENGINE'));
MPRINT(EMADVISECOLUMNS):   dsid = close(dsid);
MPRINT(EMADVISECOLUMNS):   end;
MPRINT(EMADVISECOLUMNS):   run;
MPRINT(EMADVISECOLUMNS):    proc contents data=EMWS2.Assoc_TRANSACTION out=WORK.M3TLR82I noprint;
MPRINT(EMADVISECOLUMNS):   run;
MPRINT(EMADVISECOLUMNS):    data WORK.M3TLR82I;
MPRINT(EMADVISECOLUMNS):   length NAME $ 64 TYPE $ 1 LABEL $ 200 FORMAT $ 36 INFORMAT $36 INDEX $ 1 INDEXTYPE $ 9;
MPRINT(EMADVISECOLUMNS):   label NAME =;
MPRINT(EMADVISECOLUMNS):   set WORK.M3TLR82I(keep=name type length label format formatl formatd informat informl informd idxusage rename=(type=itype));
MPRINT(EMADVISECOLUMNS):   if itype = 1 then type = 'N';
MPRINT(EMADVISECOLUMNS):   else type = 'C';
MPRINT(EMADVISECOLUMNS):   if formatl > 0 then do;
MPRINT(EMADVISECOLUMNS):   if format ne '' then do;
MPRINT(EMADVISECOLUMNS):   if type='N' then format = strip(format)!!strip(put(formatl, best12.))!!'.'!!strip(put(formatd, best12.));
MPRINT(EMADVISECOLUMNS):   else format = strip(format)!!strip(put(formatl, best12.))!!'.';
MPRINT(EMADVISECOLUMNS):   end;
MPRINT(EMADVISECOLUMNS):   else format = strip(put(formatl, best12.))!!'.'!!strip(put(formatd, best12.));
MPRINT(EMADVISECOLUMNS):   end;
MPRINT(EMADVISECOLUMNS):   else if format ne '' then format = strip(format)!!'.';
MPRINT(EMADVISECOLUMNS):   if informl > 0 then do;
MPRINT(EMADVISECOLUMNS):   if informat ne ' ' then do;
MPRINT(EMADVISECOLUMNS):   if type='N' then informat = strip(informat)!!strip(put(informl, best12.))!!'.'!!strip(put(informd, best12.));
MPRINT(EMADVISECOLUMNS):   else informat = strip(informat)!!strip(put(informl, best12.))!!'.';
MPRINT(EMADVISECOLUMNS):   end;
MPRINT(EMADVISECOLUMNS):   else informat = strip(put(informl, best12.))!!'.'!!strip(put(informd, best12.));
MPRINT(EMADVISECOLUMNS):   end;
MPRINT(EMADVISECOLUMNS):   else if informat ne '' then informat = strip(informat)!!'.';
MPRINT(EMADVISECOLUMNS):   if idxusage = 'NONE' then index ="N";
MPRINT(EMADVISECOLUMNS):   else index = "Y";
MPRINT(EMADVISECOLUMNS):   indextype = idxusage;
MPRINT(EMADVISECOLUMNS):   drop idxusage itype formatl formatd informl informd;
MPRINT(EMADVISECOLUMNS):   run;
MPRINT(EMADVISECOLUMNS):    data WORK.M3TLR82I;
MPRINT(EMADVISECOLUMNS):   length UNAME $64;
MPRINT(EMADVISECOLUMNS):   set WORK.M3TLR82I;
MPRINT(EMADVISECOLUMNS):   UNAME = upcase(NAME);
MPRINT(EMADVISECOLUMNS):   run;
MPRINT(EMADVISECOLUMNS):    proc sort data=WORK.M2LX_VMD NOTHREADS;
MPRINT(EMADVISECOLUMNS):   by UNAME;
MPRINT(EMADVISECOLUMNS):   run;
MPRINT(EMADVISECOLUMNS):    data WORK.M2LX_VMD;
MPRINT(EMADVISECOLUMNS):   drop UNAME;
MPRINT(EMADVISECOLUMNS):   set WORK.M2LX_VMD;
MPRINT(EMADVISECOLUMNS):   run;
MPRINT(EMADVISECOLUMNS):    data WORK.M1RTK1VD(keep=NAME ATTR);
MPRINT(EMADVISECOLUMNS):   length ATTR $ 20;
MPRINT(EMADVISECOLUMNS):   set WORK.M2LX_VMD;
MPRINT(EMADVISECOLUMNS):   if level ne "INTERVAL" then do;
MPRINT(EMADVISECOLUMNS):   if order = ' ' then do;
MPRINT(EMADVISECOLUMNS):   attr = 'ORDER';
MPRINT(EMADVISECOLUMNS):   output;
MPRINT(EMADVISECOLUMNS):   end;
MPRINT(EMADVISECOLUMNS):   end;
MPRINT(EMADVISECOLUMNS):   if format ne ' ' and formattype = ' ' then do;
MPRINT(EMADVISECOLUMNS):   attr = 'FORMATTYPE';
MPRINT(EMADVISECOLUMNS):   output;
MPRINT(EMADVISECOLUMNS):   end;
MPRINT(EMADVISECOLUMNS):   if role = ' ' then do;
MPRINT(EMADVISECOLUMNS):   attr = 'ROLE';
MPRINT(EMADVISECOLUMNS):   output;
MPRINT(EMADVISECOLUMNS):   end;
MPRINT(EMADVISECOLUMNS):   if level = ' ' then do;
MPRINT(EMADVISECOLUMNS):   attr = 'LEVEL';
MPRINT(EMADVISECOLUMNS):   output;
MPRINT(EMADVISECOLUMNS):   end;
MPRINT(EMADVISECOLUMNS):   if type = ' ' then do;
MPRINT(EMADVISECOLUMNS):   attr = 'TYPE';
MPRINT(EMADVISECOLUMNS):   output;
MPRINT(EMADVISECOLUMNS):   end;
MPRINT(EMADVISECOLUMNS):   if index = ' ' then do;
MPRINT(EMADVISECOLUMNS):   attr = 'INDEX';
MPRINT(EMADVISECOLUMNS):   output;
MPRINT(EMADVISECOLUMNS):   end;
MPRINT(EMADVISECOLUMNS):   if report = ' ' then do;
MPRINT(EMADVISECOLUMNS):   attr = 'REPORT';
MPRINT(EMADVISECOLUMNS):   output;
MPRINT(EMADVISECOLUMNS):   end;
MPRINT(EMADVISECOLUMNS):   run;
MPRINT(EMADVISECOLUMNS):   proc sort NOTHREADS;
MPRINT(EMADVISECOLUMNS):   by attr;
MPRINT(EMADVISECOLUMNS):   run;
MPRINT(EMADVISECOLUMNS):    data WORK.M2LX_VMD;
MPRINT(EMADVISECOLUMNS):   length NAME $64 ROLE $ 32 LEVEL $ 10 ORDER $ 8 CREATOR $32 FORMATTYPE $ 10 FAMILY $ 10 LOWERLIMIT 8 UPPERLIMIT 8 REPORT $1 DISTRIBUTION $ 20 COMMENT $64;
MPRINT(EMADVISECOLUMNS):   length levelAssigned 8 roleAssigned 8 PRICE 8;
MPRINT(EMADVISECOLUMNS):   set WORK.M2LX_VMD;
MPRINT(EMADVISECOLUMNS):   if formattype = ' ' then do;
MPRINT(EMADVISECOLUMNS):   if format ne ' ' then do;
MPRINT(EMADVISECOLUMNS):   if type = 'N' then do;
MPRINT(EMADVISECOLUMNS):   pos = indexc(format,'.1234567890');
MPRINT(EMADVISECOLUMNS):   if pos > 1 then tempfmt = substr(format,1, pos-1);
MPRINT(EMADVISECOLUMNS):   else tempfmt = ' ';
MPRINT(EMADVISECOLUMNS):   flen = length(tempfmt);
MPRINT(EMADVISECOLUMNS):   select;
MPRINT(EMADVISECOLUMNS):   when(tempfmt in ("DATE" "DAY" "DDMMYY" "DOWNAME" "JULDAY" "JULIAN" "MMDDYY" "MMDDYYD" "MMDDYYC" "MMDDYYN" "MMDDYYP" "MMDDYYS" "MONNAME" "MONTH" "MONYY" "NENGO" "QTR" "QTRR" "WEEKDATE" "WEEKDATX" "WEEKDAY" "WORDDATE" "WORDDATX"
"YEAR" "YYMMDD" "YYMON" "YYMMDDC" "YYMMDDD" "YYMMDDN" "YYMMDDP" "YYMMDDS" "EURDFDE" "NJDATE" "NLDATE" "EURDFDD" "EURDFDWN" "EURDFMN" "EURDFMY" "EURDFWK" "EURDFWKX" "EURDFWDX" "EURDFDN" "EURDFDE" )) formattype = 'DATE';
MPRINT(EMADVISECOLUMNS):   when(tempfmt in ("DATETIME" "EURDFDT" "TOD" )) formattype = "DATETIME";
MPRINT(EMADVISECOLUMNS):   when(tempfmt in ("HHMM" "HOUR" "MMSS" "TIME" "TIMEAMPM" )) formattype = "TIME";
MPRINT(EMADVISECOLUMNS):   when(tempfmt in ("COMMA" "COMMAX" "DOLLAR" "DOLLARX" "E" "FRACT" "NEGPAREN" "PERCENT")) formattype="QUANTITY";
MPRINT(EMADVISECOLUMNS):   when(tempfmt in ("BINARY" "HEX" "IB" "OCTAL" "PD" "PIB" "PK" "RB" "SSN" "Z" "ZD")) formattype = "CODING";
MPRINT(EMADVISECOLUMNS):   otherwise do;
MPRINT(EMADVISECOLUMNS):   formattype = "USER";
MPRINT(EMADVISECOLUMNS):   if compress(tempfmt, '0123456789.', '') = '' then formattype='NUM';
MPRINT(EMADVISECOLUMNS):   else if substr(tempfmt, 1, 6)='NLDATE' then formattype = "DATE";
MPRINT(EMADVISECOLUMNS):   else if substr(tempfmt, 1, 6)='NLDATM' then formattype = "DATETIME";
MPRINT(EMADVISECOLUMNS):   else if substr(tempfmt, 1, 4)='NLTIM' then formattype = "TIME";
MPRINT(EMADVISECOLUMNS):   else if flen >= 4 then do;
MPRINT(EMADVISECOLUMNS):   str = substr(tempfmt,1,4);
MPRINT(EMADVISECOLUMNS):   if str in ("MMYY" "YYMM" "YYQR") then formattype ="DATE";
MPRINT(EMADVISECOLUMNS):   else if str = "S370" then formattype = "CODING";
MPRINT(EMADVISECOLUMNS):   else if str = "BEST" then formattype = "NUM";
MPRINT(EMADVISECOLUMNS):   drop str;
MPRINT(EMADVISECOLUMNS):   end;
MPRINT(EMADVISECOLUMNS):   else if flen >=3 and substr(tempfmt,1,3) = "YYQ" then formatType = "DATE";
MPRINT(EMADVISECOLUMNS):   end;
MPRINT(EMADVISECOLUMNS):   end;
MPRINT(EMADVISECOLUMNS):   drop flen tempfmt pos;
MPRINT(EMADVISECOLUMNS):   end;
MPRINT(EMADVISECOLUMNS):   else do;
MPRINT(EMADVISECOLUMNS):   formatType = "CATEGORY";
MPRINT(EMADVISECOLUMNS):   end;
MPRINT(EMADVISECOLUMNS):   end;
MPRINT(EMADVISECOLUMNS):   if formatType = "NUM" then do;
MPRINT(EMADVISECOLUMNS):   if index = "Y" then formatType = "DISCRETE";
MPRINT(EMADVISECOLUMNS):   else formatType = "QUANTITY";
MPRINT(EMADVISECOLUMNS):   end;
MPRINT(EMADVISECOLUMNS):   end;
MPRINT(EMADVISECOLUMNS):   if level = ' ' then do;
MPRINT(EMADVISECOLUMNS):   if formatType in ("CATEGORY", "CODING", "ID") or type = "C" then level = "NOMINAL";
MPRINT(EMADVISECOLUMNS):   else level = "INTERVAL";
MPRINT(EMADVISECOLUMNS):   levelAssigned = 1;
MPRINT(EMADVISECOLUMNS):   end;
MPRINT(EMADVISECOLUMNS):   else level = upcase(level);
MPRINT(EMADVISECOLUMNS):   if role = ' ' then do;
MPRINT(EMADVISECOLUMNS):   length name_prefix $8 _uname $64;
MPRINT(EMADVISECOLUMNS):   drop name_prefix _uname _freqflag;
MPRINT(EMADVISECOLUMNS):   retain _freqflag;
MPRINT(EMADVISECOLUMNS):   if LENGTH> 80 then ROLE = 'TEXT';
MPRINT(EMADVISECOLUMNS):   _uname = upcase(NAME);
MPRINT(EMADVISECOLUMNS):   select(_uname);
MPRINT(EMADVISECOLUMNS):   when('_PARTIND_') do;
MPRINT(EMADVISECOLUMNS):   ROLE = 'ID';
MPRINT(EMADVISECOLUMNS):   LEVEL = 'NOMINAL';
MPRINT(EMADVISECOLUMNS):   end;
MPRINT(EMADVISECOLUMNS):   when('_WARN_') ROLE = 'ASSESS';
MPRINT(EMADVISECOLUMNS):   when('EM_SEGMENT') do;
MPRINT(EMADVISECOLUMNS):   ROLE = 'SEGMENT';
MPRINT(EMADVISECOLUMNS):   LEVEL = 'NOMINAL';
MPRINT(EMADVISECOLUMNS):   end;
MPRINT(EMADVISECOLUMNS):   when('_NODE_') do;
MPRINT(EMADVISECOLUMNS):   ROLE = 'SEGMENT';
MPRINT(EMADVISECOLUMNS):   LEVEL = 'NOMINAL';
MPRINT(EMADVISECOLUMNS):   end;
MPRINT(EMADVISECOLUMNS):   when('EM_CLASSTARGET') ROLE = 'ASSESS';
MPRINT(EMADVISECOLUMNS):   when('EM_VALUETARGET') ROLE = 'ASSESS';
MPRINT(EMADVISECOLUMNS):   when('EM_PREDICTION') ROLE = 'PREDICT';
MPRINT(EMADVISECOLUMNS):   when('EM_PROBABILITY') ROLE = 'PREDICT';
MPRINT(EMADVISECOLUMNS):   when('EM_EVENTPROBABILITY') ROLE = 'PREDICT';
MPRINT(EMADVISECOLUMNS):   when('EM_CLASSIFICATION') ROLE = 'CLASSIFICATION';
MPRINT(EMADVISECOLUMNS):   when('EM_DECISION') ROLE = 'DECISION';
MPRINT(EMADVISECOLUMNS):   when('EM_PROFIT') ROLE = 'ASSESS';
MPRINT(EMADVISECOLUMNS):   when('EM_LOSS') ROLE = 'ASSESS';
MPRINT(EMADVISECOLUMNS):   when('EM_ROI') ROLE = 'ASSESS';
MPRINT(EMADVISECOLUMNS):   when('URI') ROLE = 'URL';
MPRINT(EMADVISECOLUMNS):   when('FILTERED') ROLE = 'TEXTLOC';
MPRINT(EMADVISECOLUMNS):   otherwise do;
MPRINT(EMADVISECOLUMNS):   if upcase(NAME) =: 'ZIP' then do;
MPRINT(EMADVISECOLUMNS):   ROLE = 'REJECTED';
MPRINT(EMADVISECOLUMNS):   LEVEL = 'NOMINAL';
MPRINT(EMADVISECOLUMNS):   COMMENT = 'Rejected by: Exceed the maximum class level of %s';
MPRINT(EMADVISECOLUMNS):   end;
MPRINT(EMADVISECOLUMNS):   else if upcase(NAME) in('FREQ', 'FREQUENCY') then do;
MPRINT(EMADVISECOLUMNS):   ROLE = 'FREQ';
MPRINT(EMADVISECOLUMNS):   if TYPE = 'C' then ROLE = 'INPUT';
MPRINT(EMADVISECOLUMNS):   else if _freqflag =1 then ROLE='REJECTED';
MPRINT(EMADVISECOLUMNS):   end;
MPRINT(EMADVISECOLUMNS):   else do;
MPRINT(EMADVISECOLUMNS):   name_prefix = scan(_uname, 1, '_');
MPRINT(EMADVISECOLUMNS):   if scan(_uname, 2, '_') = '' then name_prefix='';
MPRINT(EMADVISECOLUMNS):   if name_prefix in('F', 'I', 'U') then do;
MPRINT(EMADVISECOLUMNS):   ROLE = 'CLASSIFICATION';
MPRINT(EMADVISECOLUMNS):   LEVEL = 'NOMINAL';
MPRINT(EMADVISECOLUMNS):   end;
MPRINT(EMADVISECOLUMNS):   else if name_prefix in('Q') then ROLE = 'ASSESS';
MPRINT(EMADVISECOLUMNS):   else if name_prefix in('P', 'V') then ROLE = 'PREDICT';
MPRINT(EMADVISECOLUMNS):   else if name_prefix in('R', 'RS', 'RT', 'RD', 'RDS', 'RDT', 'RA', 'RAS', 'RAT') then ROLE = 'RESIDUAL';
MPRINT(EMADVISECOLUMNS):   else if name_prefix ='D' then do;
MPRINT(EMADVISECOLUMNS):   ROLE = 'DECISION';
MPRINT(EMADVISECOLUMNS):   LEVEL = 'NOMINAL';
MPRINT(EMADVISECOLUMNS):   end;
MPRINT(EMADVISECOLUMNS):   else if name_prefix ='B' then do;
MPRINT(EMADVISECOLUMNS):   ROLE = 'SEGMENT';
MPRINT(EMADVISECOLUMNS):   LEVEL = 'NOMINAL';
MPRINT(EMADVISECOLUMNS):   end;
MPRINT(EMADVISECOLUMNS):   else if name_prefix in('EP', 'BP', 'CP', 'EL', 'CL', 'BL', 'W', 'ROI', 'IC') then ROLE = 'ASSESS';
MPRINT(EMADVISECOLUMNS):   else do;
MPRINT(EMADVISECOLUMNS):   array _ROLE_ (19) $32 _TEMPORARY_ ('ASSESS','CLASSIFICATION','CENSOR', 'COST', 'CROSSID', 'DECISION', 'ID','INPUT', 'LABEL', 'MISSING','PREDICT','REFERRER','REJECTED', 'RESIDUAL','SEGMENT', 'SEQUENCE','TARGET', 'TEXT', 'TIMEID');
MPRINT(EMADVISECOLUMNS):   drop _found_ i;
MPRINT(EMADVISECOLUMNS):   _found_=0;
MPRINT(EMADVISECOLUMNS):   do i=1 to 19 until(_found_=1);
MPRINT(EMADVISECOLUMNS):   if index(_uname, trim(_ROLE_{i}))=1 then do;
MPRINT(EMADVISECOLUMNS):   ROLE=_ROLE_{i};
MPRINT(EMADVISECOLUMNS):   if ROLE = 'ID' then LEVEL = 'NOMINAL';
MPRINT(EMADVISECOLUMNS):   else if ROLE = 'SEGMENT' then LEVEL = 'NOMINAL';
MPRINT(EMADVISECOLUMNS):   else if ROLE = 'TIMEID' and TYPE='N' then LEVEL = 'INTERVAL';
MPRINT(EMADVISECOLUMNS):   _found_=1;
MPRINT(EMADVISECOLUMNS):   end;
MPRINT(EMADVISECOLUMNS):   end;
MPRINT(EMADVISECOLUMNS):   if length(_uname)>2 then do;
MPRINT(EMADVISECOLUMNS):   if substr(reverse(trim(_uname)), 1, 3) = 'DI_' then do;
MPRINT(EMADVISECOLUMNS):   ROLE = 'ID';
MPRINT(EMADVISECOLUMNS):   LEVEL = 'NOMINAL';
MPRINT(EMADVISECOLUMNS):   end;
MPRINT(EMADVISECOLUMNS):   end;
MPRINT(EMADVISECOLUMNS):   end;
MPRINT(EMADVISECOLUMNS):   end;
MPRINT(EMADVISECOLUMNS):   end;
MPRINT(EMADVISECOLUMNS):   end;
MPRINT(EMADVISECOLUMNS):   if ROLE='FREQ' then _freqflag=1;
MPRINT(EMADVISECOLUMNS):   else if ROLE = 'CLASSIFICATION' then LEVEL = 'NOMINAL';
MPRINT(EMADVISECOLUMNS):   if symexist('RATEMKG_ROLE') then do;
MPRINT(EMADVISECOLUMNS):   if upcase(symget('RATEMKG_ROLE')) in('Y', 'YES') then do;
MPRINT(EMADVISECOLUMNS):   if _uname =: 'POLICY' then ROLE = 'POLICYID';
MPRINT(EMADVISECOLUMNS):   else if _uname in ('PARTITION', '_PARTIND_') then ROLE = 'PARTITION';
MPRINT(EMADVISECOLUMNS):   else if type = 'N' then do;
MPRINT(EMADVISECOLUMNS):   if _uname = 'EXPOSURE' then ROLE = 'EXPOSURE';
MPRINT(EMADVISECOLUMNS):   else if _uname = 'YEAR' then ROLE = 'YEAR';
MPRINT(EMADVISECOLUMNS):   else if _uname = 'WEIGHT' then ROLE = 'WEIGHT';
MPRINT(EMADVISECOLUMNS):   else if _uname = 'OFFSET' then ROLE = 'OFFSET';
MPRINT(EMADVISECOLUMNS):   end;
MPRINT(EMADVISECOLUMNS):   end;
MPRINT(EMADVISECOLUMNS):   end;
MPRINT(EMADVISECOLUMNS):   end;
MPRINT(EMADVISECOLUMNS):   if role = ' ' then do;
MPRINT(EMADVISECOLUMNS):   if formattype in('DATE', 'DATETIME', 'TIME') then role = 'TIMEID';
MPRINT(EMADVISECOLUMNS):   else role = 'INPUT';
MPRINT(EMADVISECOLUMNS):   roleAssigned = 1;
MPRINT(EMADVISECOLUMNS):   end;
MPRINT(EMADVISECOLUMNS):   else role = upcase(role);
MPRINT(EMADVISECOLUMNS):   if REPORT = '' then REPORT = 'N';
MPRINT(EMADVISECOLUMNS):   if symexist('dmwb_product') then do;
MPRINT(EMADVISECOLUMNS):   if upcase(symget('dmwb_product')) = 'FACTORYMINER_DATASOURCE' then do;
MPRINT(EMADVISECOLUMNS):   if ROLE ^in('INPUT', 'TARGET', 'REJECTED', 'SEGMENT', 'FREQ', 'ID', 'KEY') then ROLE='REJECTED';
MPRINT(EMADVISECOLUMNS):   end;
MPRINT(EMADVISECOLUMNS):   end;
MPRINT(EMADVISECOLUMNS):   run;
MPRINT(EMADVISECOLUMNS):    data WORK.M2LX_VMD;
MPRINT(EMADVISECOLUMNS):   set WORK.M2LX_VMD;
MPRINT(EMADVISECOLUMNS):   label NAME = "변수 이름" TYPE = "유형" ROLE = "역할" LEVEL= "측도 레벨" ORDER= "순서" CREATOR= "생성자" FORMATTYPE= "출력형식 유형" FAMILY= "군" DISTRIBUTION= "분포" PRICE= "가격" LOWERLIMIT= "하한" UPPERLIMIT= "상한" REPORT=
"리 포트" COMMENT= "주석" INDEX= "인덱스" INDEXTYPE= "인덱스 유형" LABEL= "레이블" LENGTH= "길이";
MPRINT(EMADVISECOLUMNS):   drop levelAssigned roleAssigned;
MPRINT(EMADVISECOLUMNS):   run;
MPRINT(EMADVISECOLUMNS):
MPRINT(EM_DIAGRAM):  ;
MPRINT(EM_DIAGRAM):   proc sort data=WORK.COLUMNMETA;
MPRINT(EM_DIAGRAM):   by NAME;
MPRINT(EM_DIAGRAM):   run;
MPRINT(EM_DIAGRAM):   *------------------------------------------------------------*;
MPRINT(EM_DIAGRAM):   * &nodeid: Merge incoming metadata;
MPRINT(EM_DIAGRAM):   *------------------------------------------------------------*;
MPRINT(EM_DIAGRAM):   proc contents data=EMWS2.Ids2_DATA noprint out=_temp2(keep=NAME);
MPRINT(EM_DIAGRAM):   run;
MPRINT(EM_DIAGRAM):   proc sort data=_temp2;
MPRINT(EM_DIAGRAM):   by NAME;
MPRINT(EM_DIAGRAM):   run;
MPRINT(EM_DIAGRAM):   proc sort data=EMWS2.Ids2_CMeta_DATA out=_temp;
MPRINT(EM_DIAGRAM):   by NAME;
MPRINT(EM_DIAGRAM):   run;
MPRINT(EM_DIAGRAM):   data EMWS2.Assoc_CMeta_TRANSACTION;
MPRINT(EM_DIAGRAM):   merge WORK.COLUMNMETA(in=_a) _temp2(in=_b) _temp(drop=FORMAT INFORMAT LENGTH INDEX INDEXTYPE in=_c) end=_eof_;
MPRINT(EM_DIAGRAM):   by NAME;
MPRINT(EM_DIAGRAM):   if (^_a and _b) or (^_c and _a and _b) then delete;
MPRINT(EM_DIAGRAM):   if ^_b then CREATOR = "Assoc";
MPRINT(EM_DIAGRAM):   run;
28580      data EMWS2.Assoc_EMINFO;
MPRINT(EM_DIAGRAM):    data EMWS2.Assoc_EMINFO;
28581      length TARGET KEY $32 DATA $43;
MPRINT(EM_DIAGRAM):   length TARGET KEY $32 DATA $43;
28582      TARGET='';
MPRINT(EM_DIAGRAM):   TARGET='';
28583      KEY='ASSOCIATION';
MPRINT(EM_DIAGRAM):   KEY='ASSOCIATION';
28584      DATA="Assoc";
MPRINT(EM_DIAGRAM):   DATA="Assoc";
28585      output;
MPRINT(EM_DIAGRAM):   output;
28586      run;
MPRINT(EM_DIAGRAM):   run;
 
NOTE: 데이터셋 EMWS2.ASSOC_EMINFO은(는) 1개의 관측값과 3개의 변수를 가지고 있습니다.
NOTE: DATA 문장 실행(총 프로세스 시간):
      실행 시간           0.01 초
      cpu 시간            0.01 초
 
 
28587      proc sort data = EMWS2.Ids2_EMINFO OUT=WORK.SORTEDEMINFO NOTHREADS;
MPRINT(EM_DIAGRAM):    proc sort data = EMWS2.Ids2_EMINFO OUT=WORK.SORTEDEMINFO NOTHREADS;
28588      by TARGET KEY;
MPRINT(EM_DIAGRAM):   by TARGET KEY;
28589      run;
MPRINT(EM_DIAGRAM):   run;
 
NOTE: 1개의 관측값을 데이터셋 EMWS2.IDS2_EMINFO.에서 읽었습니다.
NOTE: 데이터셋 WORK.SORTEDEMINFO은(는) 1개의 관측값과 3개의 변수를 가지고 있습니다.
NOTE: 프로시저 SORT 실행(총 프로세스 시간):
      실행 시간           0.02 초
      cpu 시간            0.03 초
 
 
28590      proc sort data = EMWS2.Assoc_EMINFO OUT=WORK.TEMP_INFO NOTHREADS;
MPRINT(EM_DIAGRAM):   proc sort data = EMWS2.Assoc_EMINFO OUT=WORK.TEMP_INFO NOTHREADS;
28591      by TARGET KEY;
MPRINT(EM_DIAGRAM):   by TARGET KEY;
28592      run;
MPRINT(EM_DIAGRAM):   run;
 
NOTE: 1개의 관측값을 데이터셋 EMWS2.ASSOC_EMINFO.에서 읽었습니다.
NOTE: 데이터셋 WORK.TEMP_INFO은(는) 1개의 관측값과 3개의 변수를 가지고 있습니다.
NOTE: 프로시저 SORT 실행(총 프로세스 시간):
      실행 시간           0.02 초
      cpu 시간            0.04 초
 
 
28593      data EMWS2.Assoc_EMINFO;
MPRINT(EM_DIAGRAM):   data EMWS2.Assoc_EMINFO;
28594      merge WORK.SORTEDEMINFO WORK.TEMP_INFO;
MPRINT(EM_DIAGRAM):   merge WORK.SORTEDEMINFO WORK.TEMP_INFO;
28595      by TARGET KEY;
MPRINT(EM_DIAGRAM):   by TARGET KEY;
28596      run;
MPRINT(EM_DIAGRAM):   run;
 
NOTE: 1개의 관측값을 데이터셋 WORK.SORTEDEMINFO.에서 읽었습니다.
NOTE: 1개의 관측값을 데이터셋 WORK.TEMP_INFO.에서 읽었습니다.
NOTE: 데이터셋 EMWS2.ASSOC_EMINFO은(는) 2개의 관측값과 3개의 변수를 가지고 있습니다.
NOTE: DATA 문장 실행(총 프로세스 시간):
      실행 시간           0.02 초
      cpu 시간            0.01 초
 
 
28597      proc datasets lib=work nolist;
MPRINT(EM_DIAGRAM):   proc datasets lib=work nolist;
28598      delete TEMP_INFO SORTEDEMINFO;
MPRINT(EM_DIAGRAM):   delete TEMP_INFO SORTEDEMINFO;
28599      run;
MPRINT(EM_DIAGRAM):   run;
 
NOTE: WORK.TEMP_INFO(memtype=DATA)을(를) 삭제하는 중입니다.
NOTE: WORK.SORTEDEMINFO(memtype=DATA)을(를) 삭제하는 중입니다.
28600      quit;
MPRINT(EM_DIAGRAM):   quit;
 
NOTE: 프로시저 DATASETS 실행(총 프로세스 시간):
      실행 시간           0.03 초
      cpu 시간            0.03 초
 
 
NOTE: View EMWS2.ASSOC_TRANSACTION.VIEW 실행(총 프로세스 시간):
      실행 시간           0.15 초
      cpu 시간            0.14 초
 
MPRINT(EM_DIAGRAM):    proc printto;
MPRINT(EM_DIAGRAM):   run;
MPRINT(EM_DIAGRAM):    data _null_;
MPRINT(EM_DIAGRAM):   call symput('NLDATE', strip(put(date(), NLDATE.)));
MPRINT(EM_DIAGRAM):   call symput('NLTIME', strip(put(datetime(), NLTIME.)));
MPRINT(EM_DIAGRAM):   run;
MPRINT(EM_DIAGRAM):   data _null_;
MPRINT(EM_DIAGRAM):   nldate= sasmsg("sashelp.dmine", "log_date_note", 'N', "2018년 10월 09일" );
MPRINT(EM_DIAGRAM):   nltime= sasmsg("sashelp.dmine", "log_time_note", 'N', "10시25분54초" );
MPRINT(EM_DIAGRAM):   put "*------------------------------------------------------------*";
MPRINT(EM_DIAGRAM):   put "* 리포트 로그";
MPRINT(EM_DIAGRAM):   put nldate;
MPRINT(EM_DIAGRAM):   put nltime;
MPRINT(EM_DIAGRAM):   put "*------------------------------------------------------------*";
MPRINT(EM_DIAGRAM):   run;
*------------------------------------------------------------*
* 리포트 로그
날짜:                2018년 10월 09일
시간:                10시25분54초
*------------------------------------------------------------*
MPRINT(EM_DIAGRAM):    filename O3OYS7ZD "C:\Users\Administrator\DM_Proj\DataMining2018\Workspaces\EMWS2\Assoc\EMREPORT.out" encoding="UTF-8" NOBOM;
MPRINT(EM_DIAGRAM):   proc printto print=O3OYS7ZD new;
MPRINT(EM_DIAGRAM):   run;
MPRINT(EM_DIAGRAM):    proc printto;
MPRINT(EM_DIAGRAM):   run;
