*------------------------------------------------------------*
사용자:                Administrator
날짜:                2018년 10월 09일
시간:                10시25분55초
*------------------------------------------------------------*
* 분석 출력
*------------------------------------------------------------*
 
 
 
 
변수 요약
 
          측도 레    빈도
역할        벨       개수
 
ID        NOMINAL      1
TARGET    NOMINAL      1
 
 
 
 
연결 리포트
 
             Expected
            Confidence   Confidence   Support            Transaction                                                                              Rule    Rule                                                                   Rule       Rule        규칙
Relations      (%)          (%)         (%)       Lift      Count                    Rule                  규칙 왼쪽             규칙 오른쪽     Item 1   Item 2                            Rule Item 3                          Item 4     Item 5     인덱스
 
      4         0.14       100.00       0.14    698.00       1.00      질환 & 안전 ==> 과학기술 & 검증     질환 & 안전         과학기술 & 검증   질환     안전       ========================================================>   과학기술   검증         477
      4         0.14       100.00       0.14    698.00       1.00      질환 & 시장 ==> 과학기술 & 검증     질환 & 시장         과학기술 & 검증   질환     시장       ========================================================>   과학기술   검증         493
      4         0.14       100.00       0.14    698.00       1.00      질환 & 교육 ==> 과학기술 & 검증     질환 & 교육         과학기술 & 검증   질환     교육       ========================================================>   과학기술   검증         515
      4         0.14       100.00       0.14    698.00       1.00      질환 & 경제 ==> 과학기술 & 검증     질환 & 경제         과학기술 & 검증   질환     경제       ========================================================>   과학기술   검증         523
      4         0.14       100.00       0.14    698.00       1.00      질환 & 안전 ==> 교육 & 검증         질환 & 안전         교육 & 검증       질환     안전       ========================================================>   교육       검증         473
      4         0.14       100.00       0.14    698.00       1.00      질환 & 시장 ==> 교육 & 검증         질환 & 시장         교육 & 검증       질환     시장       ========================================================>   교육       검증         489
      4         0.14       100.00       0.14    698.00       1.00      질환 & 과학기술 ==> 교육 & 검증     질환 & 과학기술     교육 & 검증       질환     과학기술   ========================================================>   교육       검증         516
      4         0.14       100.00       0.14    698.00       1.00      질환 & 경제 ==> 교육 & 검증         질환 & 경제         교육 & 검증       질환     경제       ========================================================>   교육       검증         521
      4         0.14       100.00       0.14    698.00       1.00      안전 & 과학기술 ==> 교육 & 검증     안전 & 과학기술     교육 & 검증       안전     과학기술   ========================================================>   교육       검증        1061
      4         0.14       100.00       0.14    698.00       1.00      시장 & 과학기술 ==> 교육 & 검증     시장 & 과학기술     교육 & 검증       시장     과학기술   ========================================================>   교육       검증        1105
      4         0.14       100.00       0.14    698.00       1.00      서비스 & 과학기술 ==> 교육 & 검증   서비스 & 과학기술   교육 & 검증       서비스   과학기술   ========================================================>   교육       검증        1155
      4         0.14       100.00       0.14    698.00       1.00      질환 & 안전 ==> 교육 & 과학기술     질환 & 안전         교육 & 과학기술   질환     안전       ========================================================>   교육       과학기술     469
      4         0.14       100.00       0.14    698.00       1.00      질환 & 시장 ==> 교육 & 과학기술     질환 & 시장         교육 & 과학기술   질환     시장       ========================================================>   교육       과학기술     485
      4         0.14       100.00       0.14    698.00       1.00      질환 & 경제 ==> 교육 & 과학기술     질환 & 경제         교육 & 과학기술   질환     경제       ========================================================>   교육       과학기술     513
      4         0.14       100.00       0.14    698.00       1.00      질환 & 검증 ==> 교육 & 과학기술     질환 & 검증         교육 & 과학기술   질환     검증       ========================================================>   교육       과학기술     517
      4         0.14       100.00       0.14    698.00       1.00      서비스 & 검증 ==> 교육 & 과학기술   서비스 & 검증       교육 & 과학기술   서비스   검증       ========================================================>   교육       과학기술    1156
      4         0.14       100.00       0.14    698.00       1.00      학습 & 유아 ==> 기능 & 교육         학습 & 유아         기능 & 교육       학습     유아       ========================================================>   기능       교육         103
      4         0.14       100.00       0.14    698.00       1.00      학습 & 센서 ==> 기능 & 교육         학습 & 센서         기능 & 교육       학습     센서       ========================================================>   기능       교육         121
      4         0.14       100.00       0.14    698.00       1.00      학습 & 보호 ==> 기능 & 교육         학습 & 보호         기능 & 교육       학습     보호       ========================================================>   기능       교육         125
      4         0.14       100.00       0.14    698.00       1.00      콘텐츠 & 유아 ==> 기능 & 교육       콘텐츠 & 유아       기능 & 교육       콘텐츠   유아       ========================================================>   기능       교육         385
      4         0.14       100.00       0.14    698.00       1.00      콘텐츠 & 센서 ==> 기능 & 교육       콘텐츠 & 센서       기능 & 교육       콘텐츠   센서       ========================================================>   기능       교육         389
      4         0.14       100.00       0.14    698.00       1.00      유아 & 스마트폰 ==> 기능 & 교육     유아 & 스마트폰     기능 & 교육       유아     스마트폰   ========================================================>   기능       교육        1021
      4         0.14       100.00       0.14    698.00       1.00      유아 & 센서 ==> 기능 & 교육         유아 & 센서         기능 & 교육       유아     센서       ========================================================>   기능       교육        1033
      4         0.14       100.00       0.14    698.00       1.00      유아 & 보호 ==> 기능 & 교육         유아 & 보호         기능 & 교육       유아     보호       ========================================================>   기능       교육        1039
      4         0.14       100.00       0.14    698.00       1.00      센서 & 보호 ==> 기능 & 교육         센서 & 보호         기능 & 교육       센서     보호       ========================================================>   기능       교육        1113
 
 
 
 
규칙 통계량
 
MEANS 프로시저
 
변수        레이블                          최솟값          최댓값            평균
----------------------------------------------------------------------------------
EXP_CONF    Expected Confidence(%)       0.1432665       1.1461318       0.3540258
CONF        Confidence(%)               12.5000000     100.0000000      64.9672143
SUPPORT     Support(%)                   0.1432665       0.2865330       0.1451862
LIFT        Lift                        87.2500000     698.0000000     244.4128433
----------------------------------------------------------------------------------
 
 
 
순차분석 리포트
 
FREQ 프로시저
 
                      Relations
 
                                     누적       누적
SET_SIZE      빈도      백분율       빈도      백분율
-----------------------------------------------------
       2           8      0.08            8      0.08
       3         512      5.12          520      5.20
       4        9480     94.80        10000    100.00


*------------------------------------------------------------*
* 스코어 출력
*------------------------------------------------------------*


*------------------------------------------------------------*
* 리포트 출력
*------------------------------------------------------------*
