 
                                                                                                                                                                                                                                                                
 
 
변수 요약

          측도 레    빈도
역할        벨       개수

ID        NOMINAL      1 
TARGET    NOMINAL      1 
TEXT      NOMINAL      1 
 
                                                                                                                                                                                                                                                                
 
 
출력 테이블 속성

속성                  값

출력 테이블           EMWS1.Ids_DATA
출력 유형             뷰            
제거된 변수           0             
데이터 마이닝 역할    Raw           
 
                                                                                                                                                                                                                                                                
 
 
입력 테이블 속성

속성                               값

데이터 소스                        news               
                                                      
라이브러리 이름                    DM_LIB             
라이브러리 멤버 이름               NEWS_800           
데이터셋 레이블                                       
특수 데이터셋 유형 (From TYPE=)                       
데이터셋의 관측값                  800                
엔진                               BASE               
생성일                             2016.05.10 23:47:51
마지막 수정일                      2016.05.10 23:47:51
데이터셋에서 삭제된 관측값         0                  
인덱스에서 변수 사용               NONE               
라이브러리 멤버 유형               DATA               
데이터셋에 대한 인덱스 개수        0                  
암호 보호(읽기 쓰기 변경)          ---                
플래그 업데이트(보호 기여 추가)    ---                
압축 루틴                          NO                 
공백 재사용                        NO                 
정렬됨 및/또는 검증됨              .                  
Sortedby 절의 변수 위치            .                  
호스트 문자 집합                                      
순서 맞추기                                           
정렬 옵션: 중복 키 없음            NO                 
정렬 옵션: 중복 레코드 없음        NO                 
암호 루틴                          NO                 
관측값 지점                        YES                
최대 생성 개수                     0                  
생성 번호                          .                  
다음 생성 번호                     .                  
전치된 문자 변수                   YES                
변수                               3                  
