*------------------------------------------------------------*
사용자:                Administrator
날짜:                2018년 11월 17일
시간:                17시35분23초
*------------------------------------------------------------*
* 분석 출력
*------------------------------------------------------------*
 
 
 
 
변수 요약
 
        측도 레    빈도
역할      벨       개수
 
TEXT    NOMINAL      1


*------------------------------------------------------------*
* 스코어 출력
*------------------------------------------------------------*
 
 
 
FREQ 프로시저
 
                     Cluster ID
 
                                    누적       누적
CLUSTER      빈도      백분율       빈도      백분율
----------------------------------------------------
      6          57     11.42           57     11.42
     10          67     13.43          124     24.85
     12          56     11.22          180     36.07
     13          42      8.42          222     44.49
     14          64     12.83          286     57.31
     15          44      8.82          330     66.13
     16          56     11.22          386     77.35
     18          57     11.42          443     88.78
     21          56     11.22          499    100.00


*------------------------------------------------------------*
* 리포트 출력
*------------------------------------------------------------*
