 
                                                                                                                                                                                                                                                                
 
 
변수 요약

        측도 레    빈도
역할      벨       개수

TEXT    NOMINAL      1 
 
                                                                                                                                                                                                                                                                
 
 

The HPTMINE Procedure

      Performance Information

Execution Mode       Single-Machine
Number of Threads    4             


                  Data Access Information
 
Data                           Engine    Role      Path

EMWS5.TEXTPARSING6_TRAIN       V9        Input     On Client
EMWS5.TEXTPARSING6_TMOUTPOS    V9        Output    On Client
EMWS5.TEXTPARSING6_TMOUT       V9        Output    On Client
EMWS5.TEXTPARSING6_TERMS       V9        Output    On Client
EMWS5.TEXTPARSING6_TMCONFIG    V9        Output    On Client


                 Procedure Task Timing
 
Task                                Seconds      Percent

 Parse documents                       6.67      92.55% 
 Index documents                       0.37       5.19% 
 Output raw parsing results            0.00       0.06% 
 Analyze terms                         0.02       0.35% 
 Obtain term frequency                 0.06       0.82% 
 Filter terms                          0.04       0.54% 
 Generate term-document matrix         0.02       0.33% 
 Output OUTCHILD table                 0.01       0.10% 
 Output OUTTERMS table                 0.00       0.04% 
 Output OUTCONFIG table                0.00       0.03% 
