*------------------------------------------------------------*
사용자:                Administrator
날짜:                2018년 11월 17일
시간:                18시00분50초
*------------------------------------------------------------*
* 분석 출력
*------------------------------------------------------------*
 
 
 
 
변수 요약
 
        측도 레    빈도
역할      벨       개수
 
TEXT    NOMINAL      1
 
 
 
 
 
The HPTMINE Procedure
 
      Performance Information
 
Execution Mode       Single-Machine
Number of Threads    4
 
 
                  Data Access Information
 
Data                           Engine    Role      Path
 
EMWS5.TEXTPARSING3_TRAIN       V9        Input     On Client
EMWS5.TEXTPARSING3_TMOUTPOS    V9        Output    On Client
EMWS5.TEXTPARSING3_TMOUT       V9        Output    On Client
EMWS5.TEXTPARSING3_TERMS       V9        Output    On Client
EMWS5.TEXTPARSING3_TMCONFIG    V9        Output    On Client
 
 
                 Procedure Task Timing
 
Task                                Seconds      Percent
 
 Parse documents                       4.76      86.79%
 Index documents                       0.55      10.01%
 Output raw parsing results            0.01       0.18%
 Analyze terms                         0.03       0.60%
 Obtain term frequency                 0.06       1.11%
 Filter terms                          0.03       0.53%
 Generate term-document matrix         0.03       0.51%
 Output OUTCHILD table                 0.01       0.11%
 Output OUTTERMS table                 0.00       0.09%
 Output OUTCONFIG table                0.00       0.07%


*------------------------------------------------------------*
* 스코어 출력
*------------------------------------------------------------*


*------------------------------------------------------------*
* 리포트 출력
*------------------------------------------------------------*
