 
                                                                                                                                                                                                                                                                
 
 
변수 요약

        측도 레    빈도
역할      벨       개수

TEXT    NOMINAL      1 
 
                                                                                                                                                                                                                                                                
 
 

The HPTMINE Procedure

      Performance Information

Execution Mode       Single-Machine
Number of Threads    4             


                  Data Access Information
 
Data                           Engine    Role      Path

EMWS5.TEXTPARSING4_TRAIN       V9        Input     On Client
EMWS5.TEXTPARSING4_TMOUTPOS    V9        Output    On Client
EMWS5.TEXTPARSING4_TMOUT       V9        Output    On Client
EMWS5.TEXTPARSING4_TERMS       V9        Output    On Client
EMWS5.TEXTPARSING4_TMCONFIG    V9        Output    On Client


                 Procedure Task Timing
 
Task                                Seconds      Percent

 Parse documents                       3.11      90.04% 
 Index documents                       0.25       7.24% 
 Output raw parsing results           -0.00    (  0.00%)
 Analyze terms                         0.00       0.00% 
 Obtain term frequency                 0.05       1.36% 
 Filter terms                          0.02       0.46% 
 Generate term-document matrix         0.02       0.43% 
 Output OUTCHILD table                -0.00    (  0.00%)
 Output OUTTERMS table                 0.02       0.46% 
 Output OUTCONFIG table               -0.00    (  0.00%)
