MPRINT(EM_DIAGRAM):    data _null_;
MPRINT(EM_DIAGRAM):   call symput('NLDATE', strip(put(date(), NLDATE.)));
MPRINT(EM_DIAGRAM):   call symput('NLTIME', strip(put(datetime(), NLTIME.)));
MPRINT(EM_DIAGRAM):   run;
MPRINT(EM_DIAGRAM):   data _null_;
MPRINT(EM_DIAGRAM):   nldate= sasmsg("sashelp.dmine", "log_date_note", 'N', "2018년 11월 06일" );
MPRINT(EM_DIAGRAM):   nltime= sasmsg("sashelp.dmine", "log_time_note", 'N', "10시16분43초" );
MPRINT(EM_DIAGRAM):   put "*------------------------------------------------------------*";
MPRINT(EM_DIAGRAM):   put "* 리포트 로그";
MPRINT(EM_DIAGRAM):   put nldate;
MPRINT(EM_DIAGRAM):   put nltime;
MPRINT(EM_DIAGRAM):   put "*------------------------------------------------------------*";
MPRINT(EM_DIAGRAM):   run;
*------------------------------------------------------------*
* 리포트 로그
날짜:                2018년 11월 06일
시간:                10시16분43초
*------------------------------------------------------------*
MPRINT(EM_DIAGRAM):    filename O0OATI2B "C:\Users\Administrator\DM_Proj\DataMining2018\Workspaces\EMWS4\PRINCOMP\EMREPORT.out" encoding="UTF-8" NOBOM;
MPRINT(EM_DIAGRAM):   proc printto print=O0OATI2B new;
MPRINT(EM_DIAGRAM):   run;
23096      %em_getActionStatus(emlib=EMWS4, nodeid=PRINCOMP);
MPRINT(EM_DIAGRAM):   
MPRINT(EM_GETACTIONSTATUS):   proc display c=sashelp.emutil.getactionstatus.scl;
MPRINT(EM_GETACTIONSTATUS):   run;

23097      %let em_Train = Y;
23098      %let em_Report = Y;
23099      %let em_Score = Y;
23100      %let em_Run = Y;
NOTE: 프로시저 DISPLAY 실행(총 프로세스 시간):
      실행 시간           0.01 초
      cpu 시간            0.01 초
      

MPRINT(EM_GETACTIONSTATUS):   
MPRINT(EM_DIAGRAM):  ;

MPRINT(EM_DIAGRAM):    proc printto;
MPRINT(EM_DIAGRAM):   run;
