 
                                                                                                                                                                                                                                                                
 
 
변수 요약

         측도 레     빈도
역할        벨       개수

INPUT    INTERVAL      4 
 
                                                                                                                                                                                                                                                                
 
 

The DMNEURL Procedure

Variable          Mean       Std Dev

FASHION       92.26270      32.61628
LEISURE           1916     350.83996
ORIGINAL          1849     291.60797
STRETCH      444.04064     211.69014
 
                                                                                                                                                                                                                                                                
 
 

The DMNEURL Procedure

              Eigenvalues of Correlation Matrix
 
        Eigenvalue    Difference    Proportion    Cumulative

   1    1.65148161    0.59629097        0.4129        0.4129
   2    1.05519064    0.20417056        0.2638        0.6767
   3    0.85102009    0.40871243        0.2128        0.8894
   4    0.44230766                      0.1106        1.0000












*------------------------------------------------------------*
내보낸 주성분 요약
*------------------------------------------------------------*

주:입력변수 개수가 최대 주성분 개수로 사용됩니다.

총 입력변수 개수: 4
최대 주성분 개수 임계치: 4
누적 고유값 비율 임계치: 0.99
고유값 비율 증가 임계치: 0.001
선택된 주성분 개수: 4
선택된 주성분에 의해 설명된 총 변동: 1
