MPRINT(EM_DIAGRAM):    data _null_;
MPRINT(EM_DIAGRAM):   call symput('NLDATE', strip(put(date(), NLDATE.)));
MPRINT(EM_DIAGRAM):   call symput('NLTIME', strip(put(datetime(), NLTIME.)));
MPRINT(EM_DIAGRAM):   run;
MPRINT(EM_DIAGRAM):   data _null_;
MPRINT(EM_DIAGRAM):   nldate= sasmsg("sashelp.dmine", "log_date_note", 'N', "2018년 10월 14일" );
MPRINT(EM_DIAGRAM):   nltime= sasmsg("sashelp.dmine", "log_time_note", 'N', "20시24분19초" );
MPRINT(EM_DIAGRAM):   put "*------------------------------------------------------------*";
MPRINT(EM_DIAGRAM):   put "* 스코어 로그";
MPRINT(EM_DIAGRAM):   put nldate;
MPRINT(EM_DIAGRAM):   put nltime;
MPRINT(EM_DIAGRAM):   put "*------------------------------------------------------------*";
MPRINT(EM_DIAGRAM):   run;
*------------------------------------------------------------*
* 스코어 로그
날짜:                2018년 10월 14일
시간:                20시24분19초
*------------------------------------------------------------*
MPRINT(EM_DIAGRAM):    filename O0ESJ2NU "C:\Users\Administrator\DM_Proj\DataMining2018\Workspaces\EMWS3\Ids\EMSCORE.out" encoding="UTF-8" NOBOM;
MPRINT(EM_DIAGRAM):   proc printto print=O0ESJ2NU new;
MPRINT(EM_DIAGRAM):   run;
MPRINT(EM_DIAGRAM):    *------------------------------------------------------------*;
MPRINT(EM_DIAGRAM):   * Ids: Computing metadata for DATA data;
MPRINT(EM_DIAGRAM):   *------------------------------------------------------------*;
MPRINT(EM_DIAGRAM):    data EMWS3.Ids_EMINFO;
MPRINT(EM_DIAGRAM):   length TARGET KEY $32 DATA $43;
MPRINT(EM_DIAGRAM):   TARGET="";
MPRINT(EM_DIAGRAM):   KEY="IDSTABLE";
MPRINT(EM_DIAGRAM):   DATA="DM_LIB.NEWS_800";
MPRINT(EM_DIAGRAM):   output;
MPRINT(EM_DIAGRAM):   run;
MPRINT(EM_DIAGRAM):    data EMWS3.Ids_CMeta_DATA;
MPRINT(EM_DIAGRAM):   set EMWS3.Ids_VariableSet;
MPRINT(EM_DIAGRAM):   drop DROP;
MPRINT(EM_DIAGRAM):   where DROP='N';
MPRINT(EM_DIAGRAM):   run;
MPRINT(EM_DIAGRAM):    proc printto;
MPRINT(EM_DIAGRAM):   run;
