 
                                                                                                                                                                                                                                                                
 
변수 중요도

                     분리
변수 이              규칙                                            분석 중요도에
름         레이블    개수             중요도        평가 중요도     따른 평가 비율

DEBTINC                1              1.0000             1.0000             1.0000
DELINQ                 1              0.3265             0.2822             0.8644
CLAGE                  1              0.2199             0.1482             0.6739
REASON                 1              0.1247             0.1530             1.2263
YOJ                    1              0.1062             0.0688             0.6482
 
                                                                                                                                                                                                                                                                
 
Tree Leaf 리포트

                          분석:              평가:
노드             분석:     값=1     평가:     값=1
 ID     깊이    관측치     비율    관측치     비율

  3       1      2863      0.06     1245      0.06
  4       1       336      0.14      134      0.12
 33       4       209      0.28       91      0.34
  7       2       203      0.74      109      0.82
 29       4       197      0.61       77      0.49
  8       2       127      0.95       38      0.82
 30       4       116      0.70       50      0.78
  5       1        55      0.96       27      0.96
 32       4        36      0.58       12      0.58
 31       4        28      0.29        7      0.14
 
                                                                                               
 
 
적합통계량

타겟=BAD 타겟 레이블=' '

적합통계량    통계량 레이블                    분석       평가

  _NOBS_      Sum of Frequencies            4170.00    1790.00
  _MISC_      Misclassification Rate           0.11       0.12
  _MAX_       Maximum Absolute Error           0.96       0.96
  _SSE_       Sum of Squared Errors          747.40     334.56
  _ASE_       Average Squared Error            0.09       0.09
  _RASE_      Root Average Squared Error       0.30       0.31
  _DIV_       Divisor for ASE               8340.00    3580.00
  _DFT_       Total Degrees of Freedom      4170.00        .  
 
                                                                                               
 
 
분류 테이블

데이터 역할=TRAIN 타겟 변수=BAD 타겟 레이블=' '

                타겟 백    결과 백    빈도    총 백분
타겟    결과      분율       분율     개수       율

 0       0      91.7637    94.4295    3153    75.6115
 1       0       8.2363    34.0554     283     6.7866
 0       1      25.3406     5.5705     186     4.4604
 1       1      74.6594    65.9446     548    13.1415


데이터 역할=VALIDATE 타겟 변수=BAD 타겟 레이블=' '

                타겟 백    결과 백    빈도    총 백분
타겟    결과      분율       분율     개수       율

 0       0      91.3338    94.2039    1349    75.3631
 1       0       8.6662    35.7542     128     7.1508
 0       1      26.5176     5.7961      83     4.6369
 1       1      73.4824    64.2458     230    12.8492
 
                                                                                               
 
 
이벤트 분류 테이블

데이터 역할=TRAIN 타겟=BAD 타겟 레이블=' '

  False       True        False       True
Negative    Negative    Positive    Positive

   283        3153         186         548  


데이터 역할=VALIDATE 타겟=BAD 타겟 레이블=' '

  False       True        False       True
Negative    Negative    Positive    Positive

   128        1349         83          230  
 
                                                                                               
 
 
평가 스코어 순위

데이터 역할=TRAIN 타겟 변수=BAD 타겟 레이블=' '

                              누적 향                             관측치     평균 사
깊이       이득     향상도      상도      반응률    누적반응률      수       후확률

   5    365.991    4.65991    4.65991    92.8630      92.8630       209      0.92863
  10    317.984    3.69746    4.17984    73.6832      83.2961       208      0.73683
  15    286.996    3.25169    3.86996    64.7999      77.1209       209      0.64800
  20    246.766    2.25689    3.46766    44.9753      69.1038       208      0.44975
  25    200.733    1.17038    3.00733    23.3235      59.9301       209      0.23323
  30    162.401    0.70193    2.62401    13.9881      52.2915       208      0.13988
  35    130.635    0.40492    2.30635     8.0693      45.9611       209      0.08069
  40    105.568    0.29621    2.05568     5.9029      40.9658       208      0.05903
  45     85.977    0.29621    1.85977     5.9029      37.0616       209      0.05903
  50     70.379    0.29621    1.70379     5.9029      33.9532       208      0.05903
  55     57.555    0.29621    1.57555     5.9029      31.3976       209      0.05903
  60     46.919    0.29621    1.46919     5.9029      29.2782       208      0.05903
  65     37.876    0.29621    1.37876     5.9029      27.4761       209      0.05903
  70     30.162    0.29621    1.30162     5.9029      25.9388       208      0.05903
  75     23.445    0.29621    1.23445     5.9029      24.6001       209      0.05903
  80     17.595    0.29621    1.17595     5.9029      23.4343       208      0.05903
  85     12.408    0.29621    1.12408     5.9029      22.4008       209      0.05903
  90      7.820    0.29621    1.07820     5.9029      21.4864       208      0.05903
  95      3.695    0.29621    1.03695     5.9029      20.6644       209      0.05903
 100      0.000    0.29621    1.00000     5.9029      19.9281       208      0.05903


데이터 역할=VALIDATE 타겟 변수=BAD 타겟 레이블=' '

                              누적 향                             관측치     평균 사
깊이       이득     향상도      상도      반응률    누적반응률      수       후확률

   5    330.071    4.30071    4.30071    86.0143      86.0143       90       0.89799
  10    318.715    4.07231    4.18715    81.4462      83.7430       89       0.74128
  15    285.145    3.18377    3.85145    63.6753      77.0289       90       0.65624
  20    240.705    2.06389    3.40705    41.2778      68.1411       89       0.44250
  25    197.341    1.24849    2.97341    24.9698      59.4683       90       0.22375
  30    157.956    0.59701    2.57956    11.9403      51.5912       89       0.13988
  35    125.892    0.34579    2.25892     6.9159      45.1785       90       0.06622
  40    101.807    0.32129    2.01807     6.4257      40.3614       89       0.05903
  45     82.860    0.32129    1.82860     6.4257      36.5721       90       0.05903
  50     67.871    0.32129    1.67871     6.4257      33.5743       89       0.05903
  55     55.469    0.32129    1.55469     6.4257      31.0937       90       0.05903
  60     45.248    0.32129    1.45248     6.4257      29.0495       89       0.05903
  65     36.501    0.32129    1.36501     6.4257      27.3003       90       0.05903
  70     29.088    0.32129    1.29088     6.4257      25.8176       89       0.05903
  75     22.590    0.32129    1.22590     6.4257      24.5180       90       0.05903
  80     16.968    0.32129    1.16968     6.4257      23.3936       89       0.05903
  85     11.951    0.32129    1.11951     6.4257      22.3902       90       0.05903
  90      7.541    0.32129    1.07541     6.4257      21.5083       89       0.05903
  95      3.551    0.32129    1.03551     6.4257      20.7102       90       0.05903
 100      0.000    0.32129    1.00000     6.4257      20.0000       89       0.05903
 
                                                                                               
 
 
평가 스코어 분포

데이터 역할=TRAIN 타겟 변수=BAD 타겟 레이블=' '

사후확률     이벤트    비이벤트     평균 사
  범위         수         수        후확률      백분율

0.95-1.00      174          8       0.95604     4.3645
0.70-0.75      151         52       0.74384     4.8681
0.65-0.70       81         35       0.69828     2.7818
0.60-0.65      121         76       0.61421     4.7242
0.55-0.60       21         15       0.58333     0.8633
0.25-0.30       67        170       0.28270     5.6835
0.10-0.15       47        289       0.13988     8.0576
0.05-0.10      169       2694       0.05903    68.6571


데이터 역할=VALIDATE 타겟 변수=BAD 타겟 레이블=' '

사후확률     이벤트    비이벤트     평균 사
  범위         수         수        후확률      백분율

0.95-1.00      57           8       0.95728     3.6313
0.70-0.75      89          20       0.74384     6.0894
0.65-0.70      39          11       0.69828     2.7933
0.60-0.65      38          39       0.61421     4.3017
0.55-0.60       7           5       0.58333     0.6704
0.25-0.30      32          66       0.28254     5.4749
0.10-0.15      16         118       0.13988     7.4860
0.05-0.10      80        1165       0.05903    69.5531
