*------------------------------------------------------------*
사용자:                Administrator
날짜:                2018년 11월 28일
시간:                18시15분09초
*------------------------------------------------------------*
* 분석 출력
*------------------------------------------------------------*
 
 
 
 
변수 요약
 
        측도 레    빈도
역할      벨       개수
 
TEXT    NOMINAL      1


*------------------------------------------------------------*
* 스코어 출력
*------------------------------------------------------------*
 
 
 
FREQ 프로시저
 
                     Cluster ID
 
                                    누적       누적
CLUSTER      빈도      백분율       빈도      백분율
----------------------------------------------------
     11          26      5.24           26      5.24
     13          19      3.83           45      9.07
     14          33      6.65           78     15.73
     17          24      4.84          102     20.56
     21          23      4.64          125     25.20
     22          84     16.94          209     42.14
     28          21      4.23          230     46.37
     29          28      5.65          258     52.02
     31          39      7.86          297     59.88
     34          47      9.48          344     69.35
     35          33      6.65          377     76.01
     36          17      3.43          394     79.44
     39          32      6.45          426     85.89
     41          25      5.04          451     90.93
     43          29      5.85          480     96.77
     44          16      3.23          496    100.00


*------------------------------------------------------------*
* 리포트 출력
*------------------------------------------------------------*
