*------------------------------------------------------------*
사용자:                Administrator
날짜:                2018년 11월 20일
시간:                10시17분32초
*------------------------------------------------------------*
* 분석 출력
*------------------------------------------------------------*
 
 
 
 
변수 요약
 
            측도 레     빈도
역할           벨       개수
 
ID          NOMINAL       1
INPUT       BINARY        6
INPUT       INTERVAL      7
INPUT       NOMINAL       3
REJECTED    INTERVAL      8
TARGET      BINARY        1
 
 
 
 
분할 요약
 
                                    관측치
유형              데이터셋            수
 
DATA        EMWS6.Ids3_DATA          10000
TRAIN       EMWS6.Part2_TRAIN         3999
VALIDATE    EMWS6.Part2_VALIDATE      3000
TEST        EMWS6.Part2_TEST          3001


*------------------------------------------------------------*
* 스코어 출력
*------------------------------------------------------------*


*------------------------------------------------------------*
* 리포트 출력
*------------------------------------------------------------*
 
 
 
 
클래스 타겟에 대한 요약 통계량
 
데이터=DATA
 
                     출력형식    빈도
 변수      숫자값       값       개수    백분율    레이블
 
RESPOND       0         0        9233     92.33
RESPOND       1         1         767      7.67
 
 
데이터=TEST
 
                     출력형식    빈도
 변수      숫자값       값       개수     백분율    레이블
 
RESPOND       0         0        2771    92.3359
RESPOND       1         1         230     7.6641
 
 
데이터=TRAIN
 
                     출력형식    빈도
 변수      숫자값       값       개수     백분율    레이블
 
RESPOND       0         0        3692    92.3231
RESPOND       1         1         307     7.6769
 
 
데이터=VALIDATE
 
                     출력형식    빈도
 변수      숫자값       값       개수     백분율    레이블
 
RESPOND       0         0        2770    92.3333
RESPOND       1         1         230     7.6667
