*------------------------------------------------------------*
사용자:                Administrator
날짜:                2018년 11월 20일
시간:                10시17분55초
*------------------------------------------------------------*
* 분석 출력
*------------------------------------------------------------*
 
 
 
 
변수 요약
 
            측도 레     빈도
역할           벨       개수
 
ID          INTERVAL      1
ID          NOMINAL       1
INPUT       BINARY        6
INPUT       INTERVAL      7
INPUT       NOMINAL       3
REJECTED    INTERVAL      8
TARGET      BINARY        1
 
 
 
 
모델 이벤트
 
                      측도     레벨
 타겟      이벤트     레벨      수        순서       레이블
 
RESPOND      1       BINARY      2     Descending
 
 
 
 
예측 및 의사결정 변수
 
유형            변수       레이블
 
TARGET       RESPOND
PREDICTED    P_RESPOND1    Predicted: RESPOND=1
RESIDUAL     R_RESPOND1    Residual: RESPOND=1
PREDICTED    P_RESPOND0    Predicted: RESPOND=0
RESIDUAL     R_RESPOND0    Residual: RESPOND=0
FROM         F_RESPOND     From: RESPOND
INTO         I_RESPOND     Into: RESPOND


*------------------------------------------------------------*
* 스코어 출력
*------------------------------------------------------------*


*------------------------------------------------------------*
* 리포트 출력
*------------------------------------------------------------*
 
 
 
Tree Leaf 리포트
 
                          분석:              평가:
노드             분석:     값=1     평가:     값=1
 ID     깊이    관측치     비율    관측치     비율
 
  1       0      3999      0.08     3000      0.08
 
 
 
 
적합통계량
 
타겟=RESPOND 타겟 레이블=' '
 
적합통계량    통계량 레이블                    분석       평가       검증
 
  _NOBS_      Sum of Frequencies            3999.00    3000.00    3001.00
  _MISC_      Misclassification Rate           0.08       0.08       0.08
  _MAX_       Maximum Absolute Error           0.92       0.92       0.92
  _SSE_       Sum of Squared Errors          566.86     424.73     424.75
  _ASE_       Average Squared Error            0.07       0.07       0.07
  _RASE_      Root Average Squared Error       0.27       0.27       0.27
  _DIV_       Divisor for ASE               7998.00    6000.00    6002.00
  _DFT_       Total Degrees of Freedom      3999.00        .          .
 
 
 
 
분류 테이블
 
데이터 역할=TRAIN 타겟 변수=RESPOND 타겟 레이블=' '
 
                타겟 백     결과     빈도    총 백분
타겟    결과      분율     백분율    개수       율
 
 0       0      92.3231      100     3692    92.3231
 1       0       7.6769      100      307     7.6769
 
 
데이터 역할=VALIDATE 타겟 변수=RESPOND 타겟 레이블=' '
 
                타겟 백     결과     빈도    총 백분
타겟    결과      분율     백분율    개수       율
 
 0       0      92.3333      100     2770    92.3333
 1       0       7.6667      100      230     7.6667
 
 
 
 
이벤트 분류 테이블
 
데이터 역할=TRAIN 타겟=RESPOND 타겟 레이블=' '
 
  False       True        False       True
Negative    Negative    Positive    Positive
 
   307        3692          0           0
 
 
데이터 역할=VALIDATE 타겟=RESPOND 타겟 레이블=' '
 
  False       True        False       True
Negative    Negative    Positive    Positive
 
   230        2770          0           0
 
 
 
 
평가 스코어 순위
 
데이터 역할=TRAIN 타겟 변수=RESPOND 타겟 레이블=' '
 
                                 누적                              관측치     평균 사
깊이       이득       향상도    향상도     반응률    누적반응률      수       후확률
 
   5    3.3307E-13       1         1      7.67692      7.67692       200     0.076769
  10    3.3307E-13       1         1      7.67692      7.67692       200     0.076769
  15    3.1086E-13       1         1      7.67692      7.67692       200     0.076769
  20    3.3307E-13       1         1      7.67692      7.67692       200     0.076769
  25    3.3307E-13       1         1      7.67692      7.67692       200     0.076769
  30    3.1086E-13       1         1      7.67692      7.67692       200     0.076769
  35    3.1086E-13       1         1      7.67692      7.67692       200     0.076769
  40    3.1086E-13       1         1      7.67692      7.67692       200     0.076769
  45    3.1086E-13       1         1      7.67692      7.67692       200     0.076769
  50    3.3307E-13       1         1      7.67692      7.67692       200     0.076769
  55    3.3307E-13       1         1      7.67692      7.67692       200     0.076769
  60    3.3307E-13       1         1      7.67692      7.67692       200     0.076769
  65    3.3307E-13       1         1      7.67692      7.67692       200     0.076769
  70    3.3307E-13       1         1      7.67692      7.67692       200     0.076769
  75    3.3307E-13       1         1      7.67692      7.67692       200     0.076769
  80    3.3307E-13       1         1      7.67692      7.67692       200     0.076769
  85    3.3307E-13       1         1      7.67692      7.67692       200     0.076769
  90    3.3307E-13       1         1      7.67692      7.67692       200     0.076769
  95    3.3307E-13       1         1      7.67692      7.67692       200     0.076769
 100    3.3307E-13       1         1      7.67692      7.67692       199     0.076769
 
 
데이터 역할=VALIDATE 타겟 변수=RESPOND 타겟 레이블=' '
 
                                 누적 향                             관측치     평균 사
깊이       이득        향상도      상도      반응률    누적반응률      수       후확률
 
   5    3.7748E-13    1.00000    1.00000    7.66667      7.66667       150     0.076769
  10    3.7748E-13    1.00000    1.00000    7.66667      7.66667       150     0.076769
  15    3.7748E-13    1.00000    1.00000    7.66667      7.66667       150     0.076769
  20    3.7748E-13    1.00000    1.00000    7.66667      7.66667       150     0.076769
  25    3.7748E-13    1.00000    1.00000    7.66667      7.66667       150     0.076769
  30    3.7748E-13    1.00000    1.00000    7.66667      7.66667       150     0.076769
  35    3.7748E-13    1.00000    1.00000    7.66667      7.66667       150     0.076769
  40    3.7748E-13    1.00000    1.00000    7.66667      7.66667       150     0.076769
  45    3.7748E-13    1.00000    1.00000    7.66667      7.66667       150     0.076769
  50    3.7748E-13    1.00000    1.00000    7.66667      7.66667       150     0.076769
  55    3.7748E-13    1.00000    1.00000    7.66667      7.66667       150     0.076769
  60    3.7748E-13    1.00000    1.00000    7.66667      7.66667       150     0.076769
  65    3.9968E-13    1.00000    1.00000    7.66667      7.66667       150     0.076769
  70    3.9968E-13    1.00000    1.00000    7.66667      7.66667       150     0.076769
  75    3.9968E-13    1.00000    1.00000    7.66667      7.66667       150     0.076769
  80    4.2188E-13    1.00000    1.00000    7.66667      7.66667       150     0.076769
  85    4.2188E-13    1.00000    1.00000    7.66667      7.66667       150     0.076769
  90    4.2188E-13    1.00000    1.00000    7.66667      7.66667       150     0.076769
  95    4.2188E-13    1.00000    1.00000    7.66667      7.66667       150     0.076769
 100    4.2188E-13    1.00000    1.00000    7.66667      7.66667       150     0.076769
 
 
 
 
평가 스코어 분포
 
데이터 역할=TRAIN 타겟 변수=RESPOND 타겟 레이블=' '
 
사후확률     이벤트    비이벤트     평균 사
  범위         수         수        후확률     백분율
 
0.05-0.10      307       3692      0.076769      100
 
 
데이터 역할=VALIDATE 타겟 변수=RESPOND 타겟 레이블=' '
 
사후확률     이벤트    비이벤트     평균 사
  범위         수         수        후확률     백분율
 
0.05-0.10      230       2770      0.076769      100
