*------------------------------------------------------------*
사용자:                Administrator
날짜:                2018년 11월 17일
시간:                17시43분39초
*------------------------------------------------------------*
* 분석 출력
*------------------------------------------------------------*
 
 
 
 
변수 요약
 
        측도 레    빈도
역할      벨       개수
 
TEXT    NOMINAL      1


*------------------------------------------------------------*
* 스코어 출력
*------------------------------------------------------------*
 
 
 
FREQ 프로시저
 
                                    누적       누적
cluster      빈도      백분율       빈도      백분율
----------------------------------------------------
      1          70     14.00           70     14.00
      2          67     13.40          137     27.40
      3          79     15.80          216     43.20
      4          54     10.80          270     54.00
      5          63     12.60          333     66.60
      6         167     33.40          500    100.00


*------------------------------------------------------------*
* 리포트 출력
*------------------------------------------------------------*
