MPRINT(EM_DIAGRAM):    data _null_;
MPRINT(EM_DIAGRAM):   call symput('NLDATE', strip(put(date(), NLDATE.)));
MPRINT(EM_DIAGRAM):   call symput('NLTIME', strip(put(datetime(), NLTIME.)));
MPRINT(EM_DIAGRAM):   run;
MPRINT(EM_DIAGRAM):   data _null_;
MPRINT(EM_DIAGRAM):   nldate= sasmsg("sashelp.dmine", "log_date_note", 'N', "2018년 11월 17일" );
MPRINT(EM_DIAGRAM):   nltime= sasmsg("sashelp.dmine", "log_time_note", 'N', "17시13분46초" );
MPRINT(EM_DIAGRAM):   put "*------------------------------------------------------------*";
MPRINT(EM_DIAGRAM):   put "* 스코어 로그";
MPRINT(EM_DIAGRAM):   put nldate;
MPRINT(EM_DIAGRAM):   put nltime;
MPRINT(EM_DIAGRAM):   put "*------------------------------------------------------------*";
MPRINT(EM_DIAGRAM):   run;
*------------------------------------------------------------*
* 스코어 로그
날짜:                2018년 11월 17일
시간:                17시13분46초
*------------------------------------------------------------*
MPRINT(EM_DIAGRAM):    filename O3E5DM4W "C:\Users\Administrator\DM_Proj\DataMining2018\Workspaces\EMWS5\Ids2\EMSCORE.out" encoding="UTF-8" NOBOM;
MPRINT(EM_DIAGRAM):   proc printto print=O3E5DM4W new;
MPRINT(EM_DIAGRAM):   run;
MPRINT(EM_DIAGRAM):    *------------------------------------------------------------*;
MPRINT(EM_DIAGRAM):   * Ids2: Computing metadata for DATA data;
MPRINT(EM_DIAGRAM):   *------------------------------------------------------------*;
MPRINT(EM_DIAGRAM):    data EMWS5.Ids2_EMINFO;
MPRINT(EM_DIAGRAM):   length TARGET KEY $32 DATA $43;
MPRINT(EM_DIAGRAM):   TARGET="";
MPRINT(EM_DIAGRAM):   KEY="IDSTABLE";
MPRINT(EM_DIAGRAM):   DATA="DM_LIB.BEEKMAN_P_SAS";
MPRINT(EM_DIAGRAM):   output;
MPRINT(EM_DIAGRAM):   run;
MPRINT(EM_DIAGRAM):    data EMWS5.Ids2_CMeta_DATA;
MPRINT(EM_DIAGRAM):   set EMWS5.Ids2_VariableSet;
MPRINT(EM_DIAGRAM):   drop DROP;
MPRINT(EM_DIAGRAM):   where DROP='N';
MPRINT(EM_DIAGRAM):   run;
MPRINT(EM_DIAGRAM):    proc printto;
MPRINT(EM_DIAGRAM):   run;
