*------------------------------------------------------------*
사용자:                Administrator
날짜:                2018년 11월 20일
시간:                10시01분04초
*------------------------------------------------------------*
* 분석 출력
*------------------------------------------------------------*
 
 
 
 
변수 요약
 
            측도 레     빈도
역할           벨       개수
 
INPUT       BINARY        6
INPUT       INTERVAL      7
INPUT       NOMINAL       3
REJECTED    INTERVAL      8
TARGET      BINARY        1
 
 
 
 
모델 이벤트
 
                      측도     레벨
 타겟      이벤트     레벨      수        순서       레이블
 
RESPOND      1       BINARY      2     Descending
 
 
 
 
예측 및 의사결정 변수
 
유형            변수       레이블
 
TARGET       RESPOND
PREDICTED    P_RESPOND1    Predicted: RESPOND=1
RESIDUAL     R_RESPOND1    Residual: RESPOND=1
PREDICTED    P_RESPOND0    Predicted: RESPOND=0
RESIDUAL     R_RESPOND0    Residual: RESPOND=0
FROM         F_RESPOND     From: RESPOND
INTO         I_RESPOND     Into: RESPOND
 
 
 
 
 
The DMREG Procedure
 
                Model Information
 
Training Data Set              WORK.EM_DMREG.VIEW
DMDB Catalog                   WORK.REG_DMDB
Target Variable                RESPOND
Target Measurement Level       Ordinal
Number of Target Categories    2
Error                          MBernoulli
Link Function                  Logit
Number of Model Parameters     29
Number of Observations         3714
 
 
          Target Profile
 
 Ordered                     Total
   Value     RESPOND     Frequency
 
       1     1                 276
       2     0                3438
 
 
 
 
 
The DMREG Procedure
 
Newton-Raphson Ridge Optimization
 
Without Parameter Scaling
 
Parameter Estimates              27
 
                                      Optimization Start
 
Active Constraints                           0  Objective Function                982.93286325
Max Abs Gradient Element          44.284329564
 
 
                                                                                        Ratio
                                                                                      Between
                                                                                       Actual
                                                       Objective   Max Abs                and
                 Function       Active      Objective   Function  Gradient          Predicted
Iter   Restarts     Calls  Constraints       Function     Change   Element   Ridge     Change
 
   1          0         2            0      937.22765    45.7052   52.0137       0      0.808
   2          0         3            0      930.44219     6.7855    3.7984       0      1.053
   3          0         4            0      930.38916     0.0530    0.0361       0      1.008
   4          0         5            0      930.38915   7.205E-6   5.04E-6       0      1.000
 
                                     Optimization Results
 
Iterations                                   4  Function Calls                               7
Hessian Calls                                5  Active Constraints                           0
Objective Function                930.38915201  Max Abs Gradient Element          5.0398108E-6
Ridge                                        0  Actual Over Pred Change           1.0001011396
 
Convergence criterion (GCONV=1E-6) satisfied.
 
 
     Likelihood Ratio Test for Global Null Hypothesis: BETA=0
 
     -2 Log Likelihood          Likelihood
  Intercept     Intercept &          Ratio
       Only      Covariates     Chi-Square       DF     Pr > ChiSq
 
   1965.866        1860.778       105.0874       26         <.0001
 
 
         Type 3 Analysis of Effects
 
                          Wald
Effect        DF    Chi-Square    Pr > ChiSq
 
AGE            1       14.7644        0.0001
BUY12          1        1.0446        0.3067
BUY18          1       11.6610        0.0006
BUY6           1        0.6287        0.4278
CLIMATE        2        2.6729        0.2628
COA6           1        4.5161        0.0336
DISCBUY        1        0.2761        0.5992
FICO           1        9.8723        0.0017
INCOME         1        2.3993        0.1214
LOC            5        2.9602        0.7061
MARRIED        1       10.6453        0.0011
ORGSRC         6       12.0251        0.0614
OWNHOME        1        4.3354        0.0373
RETURN24       1        0.0737        0.7861
SEX            1        0.0251        0.8741
VALUE24        1        0.7374        0.3905
 
 
                         Analysis of Maximum Likelihood Estimates
 
                               Standard         Wald                Standardized
Parameter      DF   Estimate      Error   Chi-Square   Pr > ChiSq       Estimate   Exp(Est)
 
Intercept       1     3.5429     1.5450         5.26       0.0218                    34.565
AGE             1    -0.0275    0.00716        14.76       0.0001        -0.1528      0.973
BUY12           1    -0.2577     0.2521         1.04       0.3067        -0.0603      0.773
BUY18           1     0.5987     0.1753        11.66       0.0006         0.1875      1.820
BUY6            1    -0.2080     0.2623         0.63       0.4278        -0.0386      0.812
CLIMATE   10    1     0.2489     0.1966         1.60       0.2056                     1.283
CLIMATE   20    1    -0.2476     0.1572         2.48       0.1151                     0.781
COA6      0     1    -0.3264     0.1536         4.52       0.0336                     0.722
DISCBUY   0     1     0.0381     0.0726         0.28       0.5992                     1.039
FICO            1   -0.00673    0.00214         9.87       0.0017        -0.1085      0.993
INCOME          1   -0.00630    0.00407         2.40       0.1214        -0.0564      0.994
LOC       A     1    -0.1865     0.2593         0.52       0.4720                     0.830
LOC       B     1     0.1298     0.2162         0.36       0.5484                     1.139
LOC       C     1     0.1486     0.2409         0.38       0.5373                     1.160
LOC       D     1     0.1703     0.2413         0.50       0.4804                     1.186
LOC       E     1     0.0552     0.2136         0.07       0.7960                     1.057
LOC       F     0          0          .          .          .                  .       .
LOC       G     0          0          .          .          .                  .       .
MARRIED   0     1    -0.2432     0.0745        10.65       0.0011                     0.784
ORGSRC    C     1    -0.0876     0.1962         0.20       0.6550                     0.916
ORGSRC    D     1    -0.1293     0.1812         0.51       0.4754                     0.879
ORGSRC    I     1    -0.3660     0.6422         0.32       0.5687                     0.694
ORGSRC    O     1     0.0478     0.1692         0.08       0.7776                     1.049
ORGSRC    P     1     0.4829     0.1663         8.44       0.0037                     1.621
ORGSRC    R     1    -0.0134     0.2027         0.00       0.9474                     0.987
OWNHOME   0     1     0.1579     0.0758         4.34       0.0373                     1.171
RETURN24  0     1    -0.0329     0.1214         0.07       0.7861                     0.968
SEX       F     1     0.0103     0.0653         0.03       0.8741                     1.010
VALUE24         1   0.000462   0.000538         0.74       0.3905         0.0397      1.000
 
 
    Odds Ratio Estimates
 
                        Point
Effect               Estimate
 
AGE                     0.973
BUY12                   0.773
BUY18                   1.820
BUY6                    0.812
CLIMATE  10 vs 30       1.284
CLIMATE  20 vs 30       0.782
COA6     0 vs 1         0.521
DISCBUY  0 vs 1         1.079
FICO                    0.993
INCOME                  0.994
LOC      A vs H         1.140
LOC      B vs H         1.564
LOC      C vs H         1.593
LOC      D vs H         1.628
LOC      E vs H         1.451
LOC      F vs H          .
LOC      G vs H          .
MARRIED  0 vs 1         0.615
ORGSRC   C vs U         0.858
ORGSRC   D vs U         0.823
ORGSRC   I vs U         0.649
ORGSRC   O vs U         0.982
ORGSRC   P vs U         1.518
ORGSRC   R vs U         0.924
OWNHOME  0 vs 1         1.371
RETURN24 0 vs 1         0.936
SEX      F vs M         1.021
VALUE24                 1.000


*------------------------------------------------------------*
* 스코어 출력
*------------------------------------------------------------*


*------------------------------------------------------------*
* 리포트 출력
*------------------------------------------------------------*
 
 
 
 
적합통계량
 
타겟=RESPOND 타겟 레이블=' '
 
적합통계량    통계량 레이블                        분석       평가       검증
 
 _AIC_        Akaike's Information Criterion    2115.17        .          .
 _ASE_        Average Squared Error                0.07       0.07       0.07
 _AVERR_      Average Error Function               0.26       0.26       0.26
 _DFE_        Degrees of Freedom for Error      3972.00        .          .
 _DFM_        Model Degrees of Freedom            27.00        .          .
 _DFT_        Total Degrees of Freedom          3999.00        .          .
 _DIV_        Divisor for ASE                   7998.00    6000.00    6002.00
 _ERR_        Error Function                    2061.17    1581.77    1584.03
 _FPE_        Final Prediction Error               0.07        .          .
 _MAX_        Maximum Absolute Error               0.98       0.98       0.98
 _MSE_        Mean Square Error                    0.07       0.07       0.07
 _NOBS_       Sum of Frequencies                3999.00    3000.00    3001.00
 _NW_         Number of Estimate Weights          27.00        .          .
 _RASE_       Root Average Sum of Squares          0.26       0.26       0.26
 _RFPE_       Root Final Prediction Error          0.26        .          .
 _RMSE_       Root Mean Squared Error              0.26       0.26       0.26
 _SBC_        Schwarz's Bayesian Criterion      2285.11        .          .
 _SSE_        Sum of Squared Errors              549.17     419.54     421.08
 _SUMW_       Sum of Case Weights Times Freq    7998.00    6000.00    6002.00
 _MISC_       Misclassification Rate               0.08       0.08       0.08
 
 
 
 
분류 테이블
 
데이터 역할=TRAIN 타겟 변수=RESPOND 타겟 레이블=' '
 
                타겟 백     결과     빈도    총 백분
타겟    결과      분율     백분율    개수       율
 
 0       0      92.3231      100     3692    92.3231
 1       0       7.6769      100      307     7.6769
 
 
데이터 역할=VALIDATE 타겟 변수=RESPOND 타겟 레이블=' '
 
                타겟 백    결과 백    빈도    총 백분
타겟    결과      분율        분율    개수       율
 
 0       0       92.331     99.964    2769    92.3000
 1       0        7.669    100.000     230     7.6667
 0       1      100.000      0.036       1     0.0333
 
 
 
 
이벤트 분류 테이블
 
데이터 역할=TRAIN 타겟=RESPOND 타겟 레이블=' '
 
  False       True        False       True
Negative    Negative    Positive    Positive
 
   307        3692          .           0
 
 
데이터 역할=VALIDATE 타겟=RESPOND 타겟 레이블=' '
 
  False       True        False       True
Negative    Negative    Positive    Positive
 
   230        2769          1           0
 
 
 
 
평가 스코어 순위
 
데이터 역할=TRAIN 타겟 변수=RESPOND 타겟 레이블=' '
 
                              누적 향                             관측치     평균 사
깊이       이득     향상도      상도      반응률    누적반응률      수       후확률
 
   5    206.112    3.06112    3.06112    23.5000      23.5000       200      0.21836
  10    144.239    1.82365    2.44239    14.0000      18.7500       200      0.14551
  15    114.930    1.56313    2.14930    12.0000      16.5000       200      0.11922
  20     85.621    0.97695    1.85621     7.5000      14.2500       200      0.10399
  25     75.852    1.36774    1.75852    10.5000      13.5000       200      0.09189
  30     67.168    1.23748    1.67168     9.5000      12.8333       200      0.08268
  35     61.941    1.30581    1.61941    10.0246      12.4321       200      0.07575
  40     59.409    1.41687    1.59409    10.8772      12.2377       200      0.07431
  45     50.523    0.79436    1.50523     6.0982      11.5556       200      0.07197
  50     45.241    0.97695    1.45241     7.5000      11.1500       200      0.06678
  55     37.366    0.58617    1.37366     4.5000      10.5455       200      0.06224
  60     31.889    0.71643    1.31889     5.5000      10.1250       200      0.05800
  65     24.750    0.39078    1.24750     3.0000       9.5769       200      0.05345
  70     20.491    0.65130    1.20491     5.0000       9.2500       200      0.04932
  75     16.366    0.58617    1.16366     4.5000       8.9333       200      0.04568
  80     12.350    0.52104    1.12350     4.0000       8.6250       200      0.04225
  85     11.105    0.91182    1.11105     7.0000       8.5294       200      0.03870
  90      7.465    0.45591    1.07465     3.5000       8.2500       200      0.03437
  95      3.866    0.39078    1.03866     3.0000       7.9737       200      0.02961
 100      0.000    0.26183    1.00000     2.0101       7.6769       199      0.02188
 
 
데이터 역할=VALIDATE 타겟 변수=RESPOND 타겟 레이블=' '
 
                              누적 향                             관측치     평균 사
깊이       이득     향상도      상도      반응률    누적반응률      수       후확률
 
   5    126.087    2.26087    2.26087    17.3333      17.3333       150      0.20531
  10     86.957    1.47826    1.86957    11.3333      14.3333       150      0.13628
  15     59.420    1.04348    1.59420     8.0000      12.2222       150      0.11407
  20     60.870    1.65217    1.60870    12.6667      12.3333       150      0.10129
  25     53.043    1.21739    1.53043     9.3333      11.7333       150      0.09014
  30     47.826    1.21739    1.47826     9.3333      11.3333       150      0.08184
  35     43.546    1.17866    1.43546     9.0364      11.0052       150      0.07568
  40     37.934    0.98648    1.37934     7.5630      10.5749       150      0.07431
  45     35.266    1.13920    1.35266     8.7339      10.3704       150      0.07263
  50     32.174    1.04348    1.32174     8.0000      10.1333       150      0.06733
  55     27.273    0.78261    1.27273     6.0000       9.7576       150      0.06213
  60     26.812    1.21739    1.26812     9.3333       9.7222       150      0.05785
  65     24.415    0.95652    1.24415     7.3333       9.5385       150      0.05353
  70     22.360    0.95652    1.22360     7.3333       9.3810       150      0.04964
  75     18.261    0.60870    1.18261     4.6667       9.0667       150      0.04565
  80     16.304    0.86957    1.16304     6.6667       8.9167       150      0.04156
  85     12.020    0.43478    1.12020     3.3333       8.5882       150      0.03777
  90      8.696    0.52174    1.08696     4.0000       8.3333       150      0.03408
  95      3.890    0.17391    1.03890     1.3333       7.9649       150      0.02965
 100      0.000    0.26087    1.00000     2.0000       7.6667       150      0.02165
 
 
 
 
평가 스코어 분포
 
데이터 역할=TRAIN 타겟 변수=RESPOND 타겟 레이블=' '
 
사후확률     이벤트    비이벤트     평균 사
  범위         수         수        후확률      백분율
 
0.45-0.50        2          2       0.47087     0.1000
0.35-0.40        2          2       0.38672     0.1000
0.30-0.35        1          7       0.32412     0.2001
0.25-0.30        5         14       0.27119     0.4751
0.20-0.25       16         47       0.22446     1.5754
0.15-0.20       30        140       0.17073     4.2511
0.10-0.15       53        441       0.12006    12.3531
0.05-0.10      144       1758       0.07067    47.5619
0.00-0.05       54       1281       0.03678    33.3833
 
 
데이터 역할=VALIDATE 타겟 변수=RESPOND 타겟 레이블=' '
 
사후확률     이벤트    비이벤트     평균 사
  범위         수         수        후확률      백분율
 
0.50-0.55        0          1       0.51955     0.0333
0.40-0.45        0          1       0.43173     0.0333
0.35-0.40        0          1       0.35505     0.0333
0.30-0.35        2          6       0.32126     0.2667
0.25-0.30        3         11       0.27427     0.4667
0.20-0.25       10         28       0.22059     1.2667
0.15-0.20       12         82       0.16758     3.1333
0.10-0.15       39        345       0.11957    12.8000
0.05-0.10      126       1341       0.07092    48.9000
0.00-0.05       38        954       0.03634    33.0667
