 
                                                                                               
 
 
적합통계량

타겟=RESPOND 타겟 레이블=' '

적합통계량    통계량 레이블                        분석       평가       검증

 _AIC_        Akaike's Information Criterion    2115.17        .          .  
 _ASE_        Average Squared Error                0.07       0.07       0.07
 _AVERR_      Average Error Function               0.26       0.26       0.26
 _DFE_        Degrees of Freedom for Error      3972.00        .          .  
 _DFM_        Model Degrees of Freedom            27.00        .          .  
 _DFT_        Total Degrees of Freedom          3999.00        .          .  
 _DIV_        Divisor for ASE                   7998.00    6000.00    6002.00
 _ERR_        Error Function                    2061.17    1581.77    1584.03
 _FPE_        Final Prediction Error               0.07        .          .  
 _MAX_        Maximum Absolute Error               0.98       0.98       0.98
 _MSE_        Mean Square Error                    0.07       0.07       0.07
 _NOBS_       Sum of Frequencies                3999.00    3000.00    3001.00
 _NW_         Number of Estimate Weights          27.00        .          .  
 _RASE_       Root Average Sum of Squares          0.26       0.26       0.26
 _RFPE_       Root Final Prediction Error          0.26        .          .  
 _RMSE_       Root Mean Squared Error              0.26       0.26       0.26
 _SBC_        Schwarz's Bayesian Criterion      2285.11        .          .  
 _SSE_        Sum of Squared Errors              549.17     419.54     421.08
 _SUMW_       Sum of Case Weights Times Freq    7998.00    6000.00    6002.00
 _MISC_       Misclassification Rate               0.08       0.08       0.08
 
                                                                                               
 
 
분류 테이블

데이터 역할=TRAIN 타겟 변수=RESPOND 타겟 레이블=' '

                타겟 백     결과     빈도    총 백분
타겟    결과      분율     백분율    개수       율

 0       0      92.3231      100     3692    92.3231
 1       0       7.6769      100      307     7.6769


데이터 역할=VALIDATE 타겟 변수=RESPOND 타겟 레이블=' '

                타겟 백    결과 백    빈도    총 백분
타겟    결과      분율        분율    개수       율

 0       0       92.331     99.964    2769    92.3000
 1       0        7.669    100.000     230     7.6667
 0       1      100.000      0.036       1     0.0333
 
                                                                                               
 
 
이벤트 분류 테이블

데이터 역할=TRAIN 타겟=RESPOND 타겟 레이블=' '

  False       True        False       True
Negative    Negative    Positive    Positive

   307        3692          .           0   


데이터 역할=VALIDATE 타겟=RESPOND 타겟 레이블=' '

  False       True        False       True
Negative    Negative    Positive    Positive

   230        2769          1           0   
 
                                                                                               
 
 
평가 스코어 순위

데이터 역할=TRAIN 타겟 변수=RESPOND 타겟 레이블=' '

                              누적 향                             관측치     평균 사
깊이       이득     향상도      상도      반응률    누적반응률      수       후확률

   5    206.112    3.06112    3.06112    23.5000      23.5000       200      0.21836
  10    144.239    1.82365    2.44239    14.0000      18.7500       200      0.14551
  15    114.930    1.56313    2.14930    12.0000      16.5000       200      0.11922
  20     85.621    0.97695    1.85621     7.5000      14.2500       200      0.10399
  25     75.852    1.36774    1.75852    10.5000      13.5000       200      0.09189
  30     67.168    1.23748    1.67168     9.5000      12.8333       200      0.08268
  35     61.941    1.30581    1.61941    10.0246      12.4321       200      0.07575
  40     59.409    1.41687    1.59409    10.8772      12.2377       200      0.07431
  45     50.523    0.79436    1.50523     6.0982      11.5556       200      0.07197
  50     45.241    0.97695    1.45241     7.5000      11.1500       200      0.06678
  55     37.366    0.58617    1.37366     4.5000      10.5455       200      0.06224
  60     31.889    0.71643    1.31889     5.5000      10.1250       200      0.05800
  65     24.750    0.39078    1.24750     3.0000       9.5769       200      0.05345
  70     20.491    0.65130    1.20491     5.0000       9.2500       200      0.04932
  75     16.366    0.58617    1.16366     4.5000       8.9333       200      0.04568
  80     12.350    0.52104    1.12350     4.0000       8.6250       200      0.04225
  85     11.105    0.91182    1.11105     7.0000       8.5294       200      0.03870
  90      7.465    0.45591    1.07465     3.5000       8.2500       200      0.03437
  95      3.866    0.39078    1.03866     3.0000       7.9737       200      0.02961
 100      0.000    0.26183    1.00000     2.0101       7.6769       199      0.02188


데이터 역할=VALIDATE 타겟 변수=RESPOND 타겟 레이블=' '

                              누적 향                             관측치     평균 사
깊이       이득     향상도      상도      반응률    누적반응률      수       후확률

   5    126.087    2.26087    2.26087    17.3333      17.3333       150      0.20531
  10     86.957    1.47826    1.86957    11.3333      14.3333       150      0.13628
  15     59.420    1.04348    1.59420     8.0000      12.2222       150      0.11407
  20     60.870    1.65217    1.60870    12.6667      12.3333       150      0.10129
  25     53.043    1.21739    1.53043     9.3333      11.7333       150      0.09014
  30     47.826    1.21739    1.47826     9.3333      11.3333       150      0.08184
  35     43.546    1.17866    1.43546     9.0364      11.0052       150      0.07568
  40     37.934    0.98648    1.37934     7.5630      10.5749       150      0.07431
  45     35.266    1.13920    1.35266     8.7339      10.3704       150      0.07263
  50     32.174    1.04348    1.32174     8.0000      10.1333       150      0.06733
  55     27.273    0.78261    1.27273     6.0000       9.7576       150      0.06213
  60     26.812    1.21739    1.26812     9.3333       9.7222       150      0.05785
  65     24.415    0.95652    1.24415     7.3333       9.5385       150      0.05353
  70     22.360    0.95652    1.22360     7.3333       9.3810       150      0.04964
  75     18.261    0.60870    1.18261     4.6667       9.0667       150      0.04565
  80     16.304    0.86957    1.16304     6.6667       8.9167       150      0.04156
  85     12.020    0.43478    1.12020     3.3333       8.5882       150      0.03777
  90      8.696    0.52174    1.08696     4.0000       8.3333       150      0.03408
  95      3.890    0.17391    1.03890     1.3333       7.9649       150      0.02965
 100      0.000    0.26087    1.00000     2.0000       7.6667       150      0.02165
 
                                                                                               
 
 
평가 스코어 분포

데이터 역할=TRAIN 타겟 변수=RESPOND 타겟 레이블=' '

사후확률     이벤트    비이벤트     평균 사
  범위         수         수        후확률      백분율

0.45-0.50        2          2       0.47087     0.1000
0.35-0.40        2          2       0.38672     0.1000
0.30-0.35        1          7       0.32412     0.2001
0.25-0.30        5         14       0.27119     0.4751
0.20-0.25       16         47       0.22446     1.5754
0.15-0.20       30        140       0.17073     4.2511
0.10-0.15       53        441       0.12006    12.3531
0.05-0.10      144       1758       0.07067    47.5619
0.00-0.05       54       1281       0.03678    33.3833


데이터 역할=VALIDATE 타겟 변수=RESPOND 타겟 레이블=' '

사후확률     이벤트    비이벤트     평균 사
  범위         수         수        후확률      백분율

0.50-0.55        0          1       0.51955     0.0333
0.40-0.45        0          1       0.43173     0.0333
0.35-0.40        0          1       0.35505     0.0333
0.30-0.35        2          6       0.32126     0.2667
0.25-0.30        3         11       0.27427     0.4667
0.20-0.25       10         28       0.22059     1.2667
0.15-0.20       12         82       0.16758     3.1333
0.10-0.15       39        345       0.11957    12.8000
0.05-0.10      126       1341       0.07092    48.9000
0.00-0.05       38        954       0.03634    33.0667
